INFO - 09/08/21 13:28:42 - 0:00:00 - a_len: 3
                                     adapter_size: 64
                                     aonly: True
                                     attn_dropout: 0.1
                                     attn_dropout_a: 0.0
                                     attn_dropout_v: 0.0
                                     attn_mask: True
                                     batch_sz: 8
                                     bert_model: bert-base-uncased
                                     chunk_size: 100
                                     config_file: /home/est_posgrado_diego.moreno/vilbert-multi-task/config/bert_base_6layer_6conect.json
                                     data_path: /home/est_posgrado_diego.moreno/Workspace/Tesis/multimodal-transformers-movies/datasets
                                     drop_img_percent: 0.0
                                     dropout: 0.1
                                     embed_dropout: 0.25
                                     embed_sz: 300
                                     freeze_img: 0
                                     freeze_txt: 0
                                     from_pretrained: /home/est_posgrado_diego.moreno/vilbert-multi-task/save/multi_task_model.bin
                                     glove_path: /path/to/glove_embeds/glove.840B.300d.txt
                                     gradient_accumulation_steps: 16
                                     hidden: []
                                     hidden_sz: 768
                                     img_embed_pool_type: avg
                                     img_hidden_sz: 2048
                                     include_bn: True
                                     l_len: 512
                                     label_freqs: Counter({'Drama': 1803, 'Comedy': 1276, 'Thriller': 1010, 'Action': 825, 'Romance': 767, 'Fantasy': 665, 'Crime': 610, 'Sci-Fi': 424, 'Horror': 395, 'Family': 385, 'Mystery': 343, 'Biography': 207, 'Animation': 175})
                                     labels: ['Mystery', 'Thriller', 'Comedy', 'Action', 'Crime', 'Drama', 'Fantasy', 'Family', 'Horror', 'Biography', 'Romance', 'Sci-Fi', 'Animation']
                                     layers: 5
                                     lonly: True
                                     lr: 5e-05
                                     lr_factor: 0.5
                                     lr_patience: 2
                                     max_epochs: 100
                                     max_seq_len: 512
                                     model: mmtrvapt
                                     n_classes: 13
                                     n_workers: 12
                                     name: moviescope_Seed3_mmbt_model_run
                                     nlevels: 5
                                     num_heads: 6
                                     num_image_embeds: 3
                                     num_images: 8
                                     orig_d_a: 96
                                     orig_d_l: 768
                                     orig_d_m: 312
                                     orig_d_v: 4096
                                     out_dropout: 0.0
                                     output_gates: False
                                     patience: 5
                                     pooling: cls
                                     relu_dropout: 0.1
                                     res_dropout: 0.1
                                     savedir: /home/est_posgrado_diego.moreno/Workspace/Tesis/multimodal-transformers-movies/model_save_mmtr_hybrid_v4/moviescope_Seed1_mmbt_model_run/moviescope_Seed2_mmbt_model_run/moviescope_Seed3_mmbt_model_run
                                     seed: 3
                                     task: moviescope
                                     task_type: multilabel
                                     train_data_len: 3449
                                     train_type: split
                                     trained_model_dir: 
                                     v_len: 3
                                     vision_scratch: False
                                     visual: both
                                     vocab: <mmbt.data.vocab.Vocab object at 0x7f932f618460>
                                     vocab_sz: 30522
                                     vonly: True
                                     warmup: 0.1
                                     weight_classes: 1
INFO - 09/08/21 13:28:42 - 0:00:00 - DataParallel(
                                       (module): MMTransformerGMUHybridClf(
                                         (enc): BertEncoder(
                                           (bert): BertModel(
                                             (embeddings): BertEmbeddings(
                                               (word_embeddings): Embedding(30522, 768, padding_idx=0)
                                               (position_embeddings): Embedding(512, 768)
                                               (token_type_embeddings): Embedding(2, 768)
                                               (LayerNorm): LayerNorm((768,), eps=1e-12, elementwise_affine=True)
                                               (dropout): Dropout(p=0.1, inplace=False)
                                             )
                                             (encoder): BertEncoder(
                                               (layer): ModuleList(
                                                 (0): BertLayer(
                                                   (attention): BertAttention(
                                                     (self): BertSelfAttention(
                                                       (query): Linear(in_features=768, out_features=768, bias=True)
                                                       (key): Linear(in_features=768, out_features=768, bias=True)
                                                       (value): Linear(in_features=768, out_features=768, bias=True)
                                                       (dropout): Dropout(p=0.1, inplace=False)
                                                     )
                                                     (output): BertSelfOutput(
                                                       (dense): Linear(in_features=768, out_features=768, bias=True)
                                                       (LayerNorm): LayerNorm((768,), eps=1e-12, elementwise_affine=True)
                                                       (dropout): Dropout(p=0.1, inplace=False)
                                                       (attention_text_task_adapters): ModuleDict()
                                                       (adapter_fusion_layer): ModuleDict()
                                                       (attention_text_lang_adapters): ModuleDict()
                                                     )
                                                   )
                                                   (intermediate): BertIntermediate(
                                                     (dense): Linear(in_features=768, out_features=3072, bias=True)
                                                   )
                                                   (output): BertOutput(
                                                     (dense): Linear(in_features=3072, out_features=768, bias=True)
                                                     (LayerNorm): LayerNorm((768,), eps=1e-12, elementwise_affine=True)
                                                     (dropout): Dropout(p=0.1, inplace=False)
                                                     (adapter_fusion_layer): ModuleDict()
                                                     (layer_text_task_adapters): ModuleDict()
                                                     (layer_text_lang_adapters): ModuleDict()
                                                   )
                                                 )
                                                 (1): BertLayer(
                                                   (attention): BertAttention(
                                                     (self): BertSelfAttention(
                                                       (query): Linear(in_features=768, out_features=768, bias=True)
                                                       (key): Linear(in_features=768, out_features=768, bias=True)
                                                       (value): Linear(in_features=768, out_features=768, bias=True)
                                                       (dropout): Dropout(p=0.1, inplace=False)
                                                     )
                                                     (output): BertSelfOutput(
                                                       (dense): Linear(in_features=768, out_features=768, bias=True)
                                                       (LayerNorm): LayerNorm((768,), eps=1e-12, elementwise_affine=True)
                                                       (dropout): Dropout(p=0.1, inplace=False)
                                                       (attention_text_task_adapters): ModuleDict()
                                                       (adapter_fusion_layer): ModuleDict()
                                                       (attention_text_lang_adapters): ModuleDict()
                                                     )
                                                   )
                                                   (intermediate): BertIntermediate(
                                                     (dense): Linear(in_features=768, out_features=3072, bias=True)
                                                   )
                                                   (output): BertOutput(
                                                     (dense): Linear(in_features=3072, out_features=768, bias=True)
                                                     (LayerNorm): LayerNorm((768,), eps=1e-12, elementwise_affine=True)
                                                     (dropout): Dropout(p=0.1, inplace=False)
                                                     (adapter_fusion_layer): ModuleDict()
                                                     (layer_text_task_adapters): ModuleDict()
                                                     (layer_text_lang_adapters): ModuleDict()
                                                   )
                                                 )
                                                 (2): BertLayer(
                                                   (attention): BertAttention(
                                                     (self): BertSelfAttention(
                                                       (query): Linear(in_features=768, out_features=768, bias=True)
                                                       (key): Linear(in_features=768, out_features=768, bias=True)
                                                       (value): Linear(in_features=768, out_features=768, bias=True)
                                                       (dropout): Dropout(p=0.1, inplace=False)
                                                     )
                                                     (output): BertSelfOutput(
                                                       (dense): Linear(in_features=768, out_features=768, bias=True)
                                                       (LayerNorm): LayerNorm((768,), eps=1e-12, elementwise_affine=True)
                                                       (dropout): Dropout(p=0.1, inplace=False)
                                                       (attention_text_task_adapters): ModuleDict()
                                                       (adapter_fusion_layer): ModuleDict()
                                                       (attention_text_lang_adapters): ModuleDict()
                                                     )
                                                   )
                                                   (intermediate): BertIntermediate(
                                                     (dense): Linear(in_features=768, out_features=3072, bias=True)
                                                   )
                                                   (output): BertOutput(
                                                     (dense): Linear(in_features=3072, out_features=768, bias=True)
                                                     (LayerNorm): LayerNorm((768,), eps=1e-12, elementwise_affine=True)
                                                     (dropout): Dropout(p=0.1, inplace=False)
                                                     (adapter_fusion_layer): ModuleDict()
                                                     (layer_text_task_adapters): ModuleDict()
                                                     (layer_text_lang_adapters): ModuleDict()
                                                   )
                                                 )
                                                 (3): BertLayer(
                                                   (attention): BertAttention(
                                                     (self): BertSelfAttention(
                                                       (query): Linear(in_features=768, out_features=768, bias=True)
                                                       (key): Linear(in_features=768, out_features=768, bias=True)
                                                       (value): Linear(in_features=768, out_features=768, bias=True)
                                                       (dropout): Dropout(p=0.1, inplace=False)
                                                     )
                                                     (output): BertSelfOutput(
                                                       (dense): Linear(in_features=768, out_features=768, bias=True)
                                                       (LayerNorm): LayerNorm((768,), eps=1e-12, elementwise_affine=True)
                                                       (dropout): Dropout(p=0.1, inplace=False)
                                                       (attention_text_task_adapters): ModuleDict()
                                                       (adapter_fusion_layer): ModuleDict()
                                                       (attention_text_lang_adapters): ModuleDict()
                                                     )
                                                   )
                                                   (intermediate): BertIntermediate(
                                                     (dense): Linear(in_features=768, out_features=3072, bias=True)
                                                   )
                                                   (output): BertOutput(
                                                     (dense): Linear(in_features=3072, out_features=768, bias=True)
                                                     (LayerNorm): LayerNorm((768,), eps=1e-12, elementwise_affine=True)
                                                     (dropout): Dropout(p=0.1, inplace=False)
                                                     (adapter_fusion_layer): ModuleDict()
                                                     (layer_text_task_adapters): ModuleDict()
                                                     (layer_text_lang_adapters): ModuleDict()
                                                   )
                                                 )
                                                 (4): BertLayer(
                                                   (attention): BertAttention(
                                                     (self): BertSelfAttention(
                                                       (query): Linear(in_features=768, out_features=768, bias=True)
                                                       (key): Linear(in_features=768, out_features=768, bias=True)
                                                       (value): Linear(in_features=768, out_features=768, bias=True)
                                                       (dropout): Dropout(p=0.1, inplace=False)
                                                     )
                                                     (output): BertSelfOutput(
                                                       (dense): Linear(in_features=768, out_features=768, bias=True)
                                                       (LayerNorm): LayerNorm((768,), eps=1e-12, elementwise_affine=True)
                                                       (dropout): Dropout(p=0.1, inplace=False)
                                                       (attention_text_task_adapters): ModuleDict()
                                                       (adapter_fusion_layer): ModuleDict()
                                                       (attention_text_lang_adapters): ModuleDict()
                                                     )
                                                   )
                                                   (intermediate): BertIntermediate(
                                                     (dense): Linear(in_features=768, out_features=3072, bias=True)
                                                   )
                                                   (output): BertOutput(
                                                     (dense): Linear(in_features=3072, out_features=768, bias=True)
                                                     (LayerNorm): LayerNorm((768,), eps=1e-12, elementwise_affine=True)
                                                     (dropout): Dropout(p=0.1, inplace=False)
                                                     (adapter_fusion_layer): ModuleDict()
                                                     (layer_text_task_adapters): ModuleDict()
                                                     (layer_text_lang_adapters): ModuleDict()
                                                   )
                                                 )
                                                 (5): BertLayer(
                                                   (attention): BertAttention(
                                                     (self): BertSelfAttention(
                                                       (query): Linear(in_features=768, out_features=768, bias=True)
                                                       (key): Linear(in_features=768, out_features=768, bias=True)
                                                       (value): Linear(in_features=768, out_features=768, bias=True)
                                                       (dropout): Dropout(p=0.1, inplace=False)
                                                     )
                                                     (output): BertSelfOutput(
                                                       (dense): Linear(in_features=768, out_features=768, bias=True)
                                                       (LayerNorm): LayerNorm((768,), eps=1e-12, elementwise_affine=True)
                                                       (dropout): Dropout(p=0.1, inplace=False)
                                                       (attention_text_task_adapters): ModuleDict()
                                                       (adapter_fusion_layer): ModuleDict()
                                                       (attention_text_lang_adapters): ModuleDict()
                                                     )
                                                   )
                                                   (intermediate): BertIntermediate(
                                                     (dense): Linear(in_features=768, out_features=3072, bias=True)
                                                   )
                                                   (output): BertOutput(
                                                     (dense): Linear(in_features=3072, out_features=768, bias=True)
                                                     (LayerNorm): LayerNorm((768,), eps=1e-12, elementwise_affine=True)
                                                     (dropout): Dropout(p=0.1, inplace=False)
                                                     (adapter_fusion_layer): ModuleDict()
                                                     (layer_text_task_adapters): ModuleDict()
                                                     (layer_text_lang_adapters): ModuleDict()
                                                   )
                                                 )
                                                 (6): BertLayer(
                                                   (attention): BertAttention(
                                                     (self): BertSelfAttention(
                                                       (query): Linear(in_features=768, out_features=768, bias=True)
                                                       (key): Linear(in_features=768, out_features=768, bias=True)
                                                       (value): Linear(in_features=768, out_features=768, bias=True)
                                                       (dropout): Dropout(p=0.1, inplace=False)
                                                     )
                                                     (output): BertSelfOutput(
                                                       (dense): Linear(in_features=768, out_features=768, bias=True)
                                                       (LayerNorm): LayerNorm((768,), eps=1e-12, elementwise_affine=True)
                                                       (dropout): Dropout(p=0.1, inplace=False)
                                                       (attention_text_task_adapters): ModuleDict()
                                                       (adapter_fusion_layer): ModuleDict()
                                                       (attention_text_lang_adapters): ModuleDict()
                                                     )
                                                   )
                                                   (intermediate): BertIntermediate(
                                                     (dense): Linear(in_features=768, out_features=3072, bias=True)
                                                   )
                                                   (output): BertOutput(
                                                     (dense): Linear(in_features=3072, out_features=768, bias=True)
                                                     (LayerNorm): LayerNorm((768,), eps=1e-12, elementwise_affine=True)
                                                     (dropout): Dropout(p=0.1, inplace=False)
                                                     (adapter_fusion_layer): ModuleDict()
                                                     (layer_text_task_adapters): ModuleDict()
                                                     (layer_text_lang_adapters): ModuleDict()
                                                   )
                                                 )
                                                 (7): BertLayer(
                                                   (attention): BertAttention(
                                                     (self): BertSelfAttention(
                                                       (query): Linear(in_features=768, out_features=768, bias=True)
                                                       (key): Linear(in_features=768, out_features=768, bias=True)
                                                       (value): Linear(in_features=768, out_features=768, bias=True)
                                                       (dropout): Dropout(p=0.1, inplace=False)
                                                     )
                                                     (output): BertSelfOutput(
                                                       (dense): Linear(in_features=768, out_features=768, bias=True)
                                                       (LayerNorm): LayerNorm((768,), eps=1e-12, elementwise_affine=True)
                                                       (dropout): Dropout(p=0.1, inplace=False)
                                                       (attention_text_task_adapters): ModuleDict()
                                                       (adapter_fusion_layer): ModuleDict()
                                                       (attention_text_lang_adapters): ModuleDict()
                                                     )
                                                   )
                                                   (intermediate): BertIntermediate(
                                                     (dense): Linear(in_features=768, out_features=3072, bias=True)
                                                   )
                                                   (output): BertOutput(
                                                     (dense): Linear(in_features=3072, out_features=768, bias=True)
                                                     (LayerNorm): LayerNorm((768,), eps=1e-12, elementwise_affine=True)
                                                     (dropout): Dropout(p=0.1, inplace=False)
                                                     (adapter_fusion_layer): ModuleDict()
                                                     (layer_text_task_adapters): ModuleDict()
                                                     (layer_text_lang_adapters): ModuleDict()
                                                   )
                                                 )
                                                 (8): BertLayer(
                                                   (attention): BertAttention(
                                                     (self): BertSelfAttention(
                                                       (query): Linear(in_features=768, out_features=768, bias=True)
                                                       (key): Linear(in_features=768, out_features=768, bias=True)
                                                       (value): Linear(in_features=768, out_features=768, bias=True)
                                                       (dropout): Dropout(p=0.1, inplace=False)
                                                     )
                                                     (output): BertSelfOutput(
                                                       (dense): Linear(in_features=768, out_features=768, bias=True)
                                                       (LayerNorm): LayerNorm((768,), eps=1e-12, elementwise_affine=True)
                                                       (dropout): Dropout(p=0.1, inplace=False)
                                                       (attention_text_task_adapters): ModuleDict()
                                                       (adapter_fusion_layer): ModuleDict()
                                                       (attention_text_lang_adapters): ModuleDict()
                                                     )
                                                   )
                                                   (intermediate): BertIntermediate(
                                                     (dense): Linear(in_features=768, out_features=3072, bias=True)
                                                   )
                                                   (output): BertOutput(
                                                     (dense): Linear(in_features=3072, out_features=768, bias=True)
                                                     (LayerNorm): LayerNorm((768,), eps=1e-12, elementwise_affine=True)
                                                     (dropout): Dropout(p=0.1, inplace=False)
                                                     (adapter_fusion_layer): ModuleDict()
                                                     (layer_text_task_adapters): ModuleDict()
                                                     (layer_text_lang_adapters): ModuleDict()
                                                   )
                                                 )
                                                 (9): BertLayer(
                                                   (attention): BertAttention(
                                                     (self): BertSelfAttention(
                                                       (query): Linear(in_features=768, out_features=768, bias=True)
                                                       (key): Linear(in_features=768, out_features=768, bias=True)
                                                       (value): Linear(in_features=768, out_features=768, bias=True)
                                                       (dropout): Dropout(p=0.1, inplace=False)
                                                     )
                                                     (output): BertSelfOutput(
                                                       (dense): Linear(in_features=768, out_features=768, bias=True)
                                                       (LayerNorm): LayerNorm((768,), eps=1e-12, elementwise_affine=True)
                                                       (dropout): Dropout(p=0.1, inplace=False)
                                                       (attention_text_task_adapters): ModuleDict()
                                                       (adapter_fusion_layer): ModuleDict()
                                                       (attention_text_lang_adapters): ModuleDict()
                                                     )
                                                   )
                                                   (intermediate): BertIntermediate(
                                                     (dense): Linear(in_features=768, out_features=3072, bias=True)
                                                   )
                                                   (output): BertOutput(
                                                     (dense): Linear(in_features=3072, out_features=768, bias=True)
                                                     (LayerNorm): LayerNorm((768,), eps=1e-12, elementwise_affine=True)
                                                     (dropout): Dropout(p=0.1, inplace=False)
                                                     (adapter_fusion_layer): ModuleDict()
                                                     (layer_text_task_adapters): ModuleDict()
                                                     (layer_text_lang_adapters): ModuleDict()
                                                   )
                                                 )
                                                 (10): BertLayer(
                                                   (attention): BertAttention(
                                                     (self): BertSelfAttention(
                                                       (query): Linear(in_features=768, out_features=768, bias=True)
                                                       (key): Linear(in_features=768, out_features=768, bias=True)
                                                       (value): Linear(in_features=768, out_features=768, bias=True)
                                                       (dropout): Dropout(p=0.1, inplace=False)
                                                     )
                                                     (output): BertSelfOutput(
                                                       (dense): Linear(in_features=768, out_features=768, bias=True)
                                                       (LayerNorm): LayerNorm((768,), eps=1e-12, elementwise_affine=True)
                                                       (dropout): Dropout(p=0.1, inplace=False)
                                                       (attention_text_task_adapters): ModuleDict()
                                                       (adapter_fusion_layer): ModuleDict()
                                                       (attention_text_lang_adapters): ModuleDict()
                                                     )
                                                   )
                                                   (intermediate): BertIntermediate(
                                                     (dense): Linear(in_features=768, out_features=3072, bias=True)
                                                   )
                                                   (output): BertOutput(
                                                     (dense): Linear(in_features=3072, out_features=768, bias=True)
                                                     (LayerNorm): LayerNorm((768,), eps=1e-12, elementwise_affine=True)
                                                     (dropout): Dropout(p=0.1, inplace=False)
                                                     (adapter_fusion_layer): ModuleDict()
                                                     (layer_text_task_adapters): ModuleDict()
                                                     (layer_text_lang_adapters): ModuleDict()
                                                   )
                                                 )
                                                 (11): BertLayer(
                                                   (attention): BertAttention(
                                                     (self): BertSelfAttention(
                                                       (query): Linear(in_features=768, out_features=768, bias=True)
                                                       (key): Linear(in_features=768, out_features=768, bias=True)
                                                       (value): Linear(in_features=768, out_features=768, bias=True)
                                                       (dropout): Dropout(p=0.1, inplace=False)
                                                     )
                                                     (output): BertSelfOutput(
                                                       (dense): Linear(in_features=768, out_features=768, bias=True)
                                                       (LayerNorm): LayerNorm((768,), eps=1e-12, elementwise_affine=True)
                                                       (dropout): Dropout(p=0.1, inplace=False)
                                                       (attention_text_task_adapters): ModuleDict()
                                                       (adapter_fusion_layer): ModuleDict()
                                                       (attention_text_lang_adapters): ModuleDict()
                                                     )
                                                   )
                                                   (intermediate): BertIntermediate(
                                                     (dense): Linear(in_features=768, out_features=3072, bias=True)
                                                   )
                                                   (output): BertOutput(
                                                     (dense): Linear(in_features=3072, out_features=768, bias=True)
                                                     (LayerNorm): LayerNorm((768,), eps=1e-12, elementwise_affine=True)
                                                     (dropout): Dropout(p=0.1, inplace=False)
                                                     (adapter_fusion_layer): ModuleDict()
                                                     (layer_text_task_adapters): ModuleDict()
                                                     (layer_text_lang_adapters): ModuleDict()
                                                   )
                                                 )
                                               )
                                             )
                                             (pooler): BertPooler(
                                               (dense): Linear(in_features=768, out_features=768, bias=True)
                                               (activation): Tanh()
                                             )
                                             (invertible_lang_adapters): ModuleDict()
                                           )
                                         )
                                         (audio_enc): AudioEncoder(
                                           (conv_layers): ModuleList(
                                             (0): Conv1d(96, 96, kernel_size=(128,), stride=(2,))
                                             (1): Conv1d(96, 96, kernel_size=(128,), stride=(2,))
                                             (2): AdaptiveAvgPool1d(output_size=200)
                                           )
                                         )
                                         (proj_poster): Linear(in_features=4096, out_features=768, bias=False)
                                         (proj2_poster): Linear(in_features=4096, out_features=768, bias=False)
                                         (proj_l_e): Linear(in_features=768, out_features=768, bias=False)
                                         (proj_v_e): Linear(in_features=4096, out_features=768, bias=False)
                                         (proj_a_e): Linear(in_features=96, out_features=768, bias=False)
                                         (proj_l): Conv1d(768, 768, kernel_size=(1,), stride=(1,), bias=False)
                                         (proj_v): Conv1d(4096, 768, kernel_size=(1,), stride=(1,), bias=False)
                                         (proj_a): Conv1d(96, 768, kernel_size=(1,), stride=(1,), bias=False)
                                         (trans_l_with_a): TransformerEncoder(
                                           (embed_positions): SinusoidalPositionalEmbedding()
                                           (layers): ModuleList(
                                             (0): TransformerEncoderLayer(
                                               (self_attn): MultiheadAttention(
                                                 (out_proj): Linear(in_features=768, out_features=768, bias=True)
                                               )
                                               (fc1): Linear(in_features=768, out_features=3072, bias=True)
                                               (fc2): Linear(in_features=3072, out_features=768, bias=True)
                                               (layer_norms): ModuleList(
                                                 (0): LayerNorm((768,), eps=1e-05, elementwise_affine=True)
                                                 (1): LayerNorm((768,), eps=1e-05, elementwise_affine=True)
                                               )
                                             )
                                             (1): TransformerEncoderLayer(
                                               (self_attn): MultiheadAttention(
                                                 (out_proj): Linear(in_features=768, out_features=768, bias=True)
                                               )
                                               (fc1): Linear(in_features=768, out_features=3072, bias=True)
                                               (fc2): Linear(in_features=3072, out_features=768, bias=True)
                                               (layer_norms): ModuleList(
                                                 (0): LayerNorm((768,), eps=1e-05, elementwise_affine=True)
                                                 (1): LayerNorm((768,), eps=1e-05, elementwise_affine=True)
                                               )
                                             )
                                             (2): TransformerEncoderLayer(
                                               (self_attn): MultiheadAttention(
                                                 (out_proj): Linear(in_features=768, out_features=768, bias=True)
                                               )
                                               (fc1): Linear(in_features=768, out_features=3072, bias=True)
                                               (fc2): Linear(in_features=3072, out_features=768, bias=True)
                                               (layer_norms): ModuleList(
                                                 (0): LayerNorm((768,), eps=1e-05, elementwise_affine=True)
                                                 (1): LayerNorm((768,), eps=1e-05, elementwise_affine=True)
                                               )
                                             )
                                             (3): TransformerEncoderLayer(
                                               (self_attn): MultiheadAttention(
                                                 (out_proj): Linear(in_features=768, out_features=768, bias=True)
                                               )
                                               (fc1): Linear(in_features=768, out_features=3072, bias=True)
                                               (fc2): Linear(in_features=3072, out_features=768, bias=True)
                                               (layer_norms): ModuleList(
                                                 (0): LayerNorm((768,), eps=1e-05, elementwise_affine=True)
                                                 (1): LayerNorm((768,), eps=1e-05, elementwise_affine=True)
                                               )
                                             )
                                             (4): TransformerEncoderLayer(
                                               (self_attn): MultiheadAttention(
                                                 (out_proj): Linear(in_features=768, out_features=768, bias=True)
                                               )
                                               (fc1): Linear(in_features=768, out_features=3072, bias=True)
                                               (fc2): Linear(in_features=3072, out_features=768, bias=True)
                                               (layer_norms): ModuleList(
                                                 (0): LayerNorm((768,), eps=1e-05, elementwise_affine=True)
                                                 (1): LayerNorm((768,), eps=1e-05, elementwise_affine=True)
                                               )
                                             )
                                           )
                                           (layer_norm): LayerNorm((768,), eps=1e-05, elementwise_affine=True)
                                         )
                                         (trans_l_with_v): TransformerEncoder(
                                           (embed_positions): SinusoidalPositionalEmbedding()
                                           (layers): ModuleList(
                                             (0): TransformerEncoderLayer(
                                               (self_attn): MultiheadAttention(
                                                 (out_proj): Linear(in_features=768, out_features=768, bias=True)
                                               )
                                               (fc1): Linear(in_features=768, out_features=3072, bias=True)
                                               (fc2): Linear(in_features=3072, out_features=768, bias=True)
                                               (layer_norms): ModuleList(
                                                 (0): LayerNorm((768,), eps=1e-05, elementwise_affine=True)
                                                 (1): LayerNorm((768,), eps=1e-05, elementwise_affine=True)
                                               )
                                             )
                                             (1): TransformerEncoderLayer(
                                               (self_attn): MultiheadAttention(
                                                 (out_proj): Linear(in_features=768, out_features=768, bias=True)
                                               )
                                               (fc1): Linear(in_features=768, out_features=3072, bias=True)
                                               (fc2): Linear(in_features=3072, out_features=768, bias=True)
                                               (layer_norms): ModuleList(
                                                 (0): LayerNorm((768,), eps=1e-05, elementwise_affine=True)
                                                 (1): LayerNorm((768,), eps=1e-05, elementwise_affine=True)
                                               )
                                             )
                                             (2): TransformerEncoderLayer(
                                               (self_attn): MultiheadAttention(
                                                 (out_proj): Linear(in_features=768, out_features=768, bias=True)
                                               )
                                               (fc1): Linear(in_features=768, out_features=3072, bias=True)
                                               (fc2): Linear(in_features=3072, out_features=768, bias=True)
                                               (layer_norms): ModuleList(
                                                 (0): LayerNorm((768,), eps=1e-05, elementwise_affine=True)
                                                 (1): LayerNorm((768,), eps=1e-05, elementwise_affine=True)
                                               )
                                             )
                                             (3): TransformerEncoderLayer(
                                               (self_attn): MultiheadAttention(
                                                 (out_proj): Linear(in_features=768, out_features=768, bias=True)
                                               )
                                               (fc1): Linear(in_features=768, out_features=3072, bias=True)
                                               (fc2): Linear(in_features=3072, out_features=768, bias=True)
                                               (layer_norms): ModuleList(
                                                 (0): LayerNorm((768,), eps=1e-05, elementwise_affine=True)
                                                 (1): LayerNorm((768,), eps=1e-05, elementwise_affine=True)
                                               )
                                             )
                                             (4): TransformerEncoderLayer(
                                               (self_attn): MultiheadAttention(
                                                 (out_proj): Linear(in_features=768, out_features=768, bias=True)
                                               )
                                               (fc1): Linear(in_features=768, out_features=3072, bias=True)
                                               (fc2): Linear(in_features=3072, out_features=768, bias=True)
                                               (layer_norms): ModuleList(
                                                 (0): LayerNorm((768,), eps=1e-05, elementwise_affine=True)
                                                 (1): LayerNorm((768,), eps=1e-05, elementwise_affine=True)
                                               )
                                             )
                                           )
                                           (layer_norm): LayerNorm((768,), eps=1e-05, elementwise_affine=True)
                                         )
                                         (trans_v_with_l): TransformerEncoder(
                                           (embed_positions): SinusoidalPositionalEmbedding()
                                           (layers): ModuleList(
                                             (0): TransformerEncoderLayer(
                                               (self_attn): MultiheadAttention(
                                                 (out_proj): Linear(in_features=768, out_features=768, bias=True)
                                               )
                                               (fc1): Linear(in_features=768, out_features=3072, bias=True)
                                               (fc2): Linear(in_features=3072, out_features=768, bias=True)
                                               (layer_norms): ModuleList(
                                                 (0): LayerNorm((768,), eps=1e-05, elementwise_affine=True)
                                                 (1): LayerNorm((768,), eps=1e-05, elementwise_affine=True)
                                               )
                                             )
                                             (1): TransformerEncoderLayer(
                                               (self_attn): MultiheadAttention(
                                                 (out_proj): Linear(in_features=768, out_features=768, bias=True)
                                               )
                                               (fc1): Linear(in_features=768, out_features=3072, bias=True)
                                               (fc2): Linear(in_features=3072, out_features=768, bias=True)
                                               (layer_norms): ModuleList(
                                                 (0): LayerNorm((768,), eps=1e-05, elementwise_affine=True)
                                                 (1): LayerNorm((768,), eps=1e-05, elementwise_affine=True)
                                               )
                                             )
                                             (2): TransformerEncoderLayer(
                                               (self_attn): MultiheadAttention(
                                                 (out_proj): Linear(in_features=768, out_features=768, bias=True)
                                               )
                                               (fc1): Linear(in_features=768, out_features=3072, bias=True)
                                               (fc2): Linear(in_features=3072, out_features=768, bias=True)
                                               (layer_norms): ModuleList(
                                                 (0): LayerNorm((768,), eps=1e-05, elementwise_affine=True)
                                                 (1): LayerNorm((768,), eps=1e-05, elementwise_affine=True)
                                               )
                                             )
                                             (3): TransformerEncoderLayer(
                                               (self_attn): MultiheadAttention(
                                                 (out_proj): Linear(in_features=768, out_features=768, bias=True)
                                               )
                                               (fc1): Linear(in_features=768, out_features=3072, bias=True)
                                               (fc2): Linear(in_features=3072, out_features=768, bias=True)
                                               (layer_norms): ModuleList(
                                                 (0): LayerNorm((768,), eps=1e-05, elementwise_affine=True)
                                                 (1): LayerNorm((768,), eps=1e-05, elementwise_affine=True)
                                               )
                                             )
                                             (4): TransformerEncoderLayer(
                                               (self_attn): MultiheadAttention(
                                                 (out_proj): Linear(in_features=768, out_features=768, bias=True)
                                               )
                                               (fc1): Linear(in_features=768, out_features=3072, bias=True)
                                               (fc2): Linear(in_features=3072, out_features=768, bias=True)
                                               (layer_norms): ModuleList(
                                                 (0): LayerNorm((768,), eps=1e-05, elementwise_affine=True)
                                                 (1): LayerNorm((768,), eps=1e-05, elementwise_affine=True)
                                               )
                                             )
                                           )
                                           (layer_norm): LayerNorm((768,), eps=1e-05, elementwise_affine=True)
                                         )
                                         (trans_v_with_a): TransformerEncoder(
                                           (embed_positions): SinusoidalPositionalEmbedding()
                                           (layers): ModuleList(
                                             (0): TransformerEncoderLayer(
                                               (self_attn): MultiheadAttention(
                                                 (out_proj): Linear(in_features=768, out_features=768, bias=True)
                                               )
                                               (fc1): Linear(in_features=768, out_features=3072, bias=True)
                                               (fc2): Linear(in_features=3072, out_features=768, bias=True)
                                               (layer_norms): ModuleList(
                                                 (0): LayerNorm((768,), eps=1e-05, elementwise_affine=True)
                                                 (1): LayerNorm((768,), eps=1e-05, elementwise_affine=True)
                                               )
                                             )
                                             (1): TransformerEncoderLayer(
                                               (self_attn): MultiheadAttention(
                                                 (out_proj): Linear(in_features=768, out_features=768, bias=True)
                                               )
                                               (fc1): Linear(in_features=768, out_features=3072, bias=True)
                                               (fc2): Linear(in_features=3072, out_features=768, bias=True)
                                               (layer_norms): ModuleList(
                                                 (0): LayerNorm((768,), eps=1e-05, elementwise_affine=True)
                                                 (1): LayerNorm((768,), eps=1e-05, elementwise_affine=True)
                                               )
                                             )
                                             (2): TransformerEncoderLayer(
                                               (self_attn): MultiheadAttention(
                                                 (out_proj): Linear(in_features=768, out_features=768, bias=True)
                                               )
                                               (fc1): Linear(in_features=768, out_features=3072, bias=True)
                                               (fc2): Linear(in_features=3072, out_features=768, bias=True)
                                               (layer_norms): ModuleList(
                                                 (0): LayerNorm((768,), eps=1e-05, elementwise_affine=True)
                                                 (1): LayerNorm((768,), eps=1e-05, elementwise_affine=True)
                                               )
                                             )
                                             (3): TransformerEncoderLayer(
                                               (self_attn): MultiheadAttention(
                                                 (out_proj): Linear(in_features=768, out_features=768, bias=True)
                                               )
                                               (fc1): Linear(in_features=768, out_features=3072, bias=True)
                                               (fc2): Linear(in_features=3072, out_features=768, bias=True)
                                               (layer_norms): ModuleList(
                                                 (0): LayerNorm((768,), eps=1e-05, elementwise_affine=True)
                                                 (1): LayerNorm((768,), eps=1e-05, elementwise_affine=True)
                                               )
                                             )
                                             (4): TransformerEncoderLayer(
                                               (self_attn): MultiheadAttention(
                                                 (out_proj): Linear(in_features=768, out_features=768, bias=True)
                                               )
                                               (fc1): Linear(in_features=768, out_features=3072, bias=True)
                                               (fc2): Linear(in_features=3072, out_features=768, bias=True)
                                               (layer_norms): ModuleList(
                                                 (0): LayerNorm((768,), eps=1e-05, elementwise_affine=True)
                                                 (1): LayerNorm((768,), eps=1e-05, elementwise_affine=True)
                                               )
                                             )
                                           )
                                           (layer_norm): LayerNorm((768,), eps=1e-05, elementwise_affine=True)
                                         )
                                         (trans_a_with_l): TransformerEncoder(
                                           (embed_positions): SinusoidalPositionalEmbedding()
                                           (layers): ModuleList(
                                             (0): TransformerEncoderLayer(
                                               (self_attn): MultiheadAttention(
                                                 (out_proj): Linear(in_features=768, out_features=768, bias=True)
                                               )
                                               (fc1): Linear(in_features=768, out_features=3072, bias=True)
                                               (fc2): Linear(in_features=3072, out_features=768, bias=True)
                                               (layer_norms): ModuleList(
                                                 (0): LayerNorm((768,), eps=1e-05, elementwise_affine=True)
                                                 (1): LayerNorm((768,), eps=1e-05, elementwise_affine=True)
                                               )
                                             )
                                             (1): TransformerEncoderLayer(
                                               (self_attn): MultiheadAttention(
                                                 (out_proj): Linear(in_features=768, out_features=768, bias=True)
                                               )
                                               (fc1): Linear(in_features=768, out_features=3072, bias=True)
                                               (fc2): Linear(in_features=3072, out_features=768, bias=True)
                                               (layer_norms): ModuleList(
                                                 (0): LayerNorm((768,), eps=1e-05, elementwise_affine=True)
                                                 (1): LayerNorm((768,), eps=1e-05, elementwise_affine=True)
                                               )
                                             )
                                             (2): TransformerEncoderLayer(
                                               (self_attn): MultiheadAttention(
                                                 (out_proj): Linear(in_features=768, out_features=768, bias=True)
                                               )
                                               (fc1): Linear(in_features=768, out_features=3072, bias=True)
                                               (fc2): Linear(in_features=3072, out_features=768, bias=True)
                                               (layer_norms): ModuleList(
                                                 (0): LayerNorm((768,), eps=1e-05, elementwise_affine=True)
                                                 (1): LayerNorm((768,), eps=1e-05, elementwise_affine=True)
                                               )
                                             )
                                             (3): TransformerEncoderLayer(
                                               (self_attn): MultiheadAttention(
                                                 (out_proj): Linear(in_features=768, out_features=768, bias=True)
                                               )
                                               (fc1): Linear(in_features=768, out_features=3072, bias=True)
                                               (fc2): Linear(in_features=3072, out_features=768, bias=True)
                                               (layer_norms): ModuleList(
                                                 (0): LayerNorm((768,), eps=1e-05, elementwise_affine=True)
                                                 (1): LayerNorm((768,), eps=1e-05, elementwise_affine=True)
                                               )
                                             )
                                             (4): TransformerEncoderLayer(
                                               (self_attn): MultiheadAttention(
                                                 (out_proj): Linear(in_features=768, out_features=768, bias=True)
                                               )
                                               (fc1): Linear(in_features=768, out_features=3072, bias=True)
                                               (fc2): Linear(in_features=3072, out_features=768, bias=True)
                                               (layer_norms): ModuleList(
                                                 (0): LayerNorm((768,), eps=1e-05, elementwise_affine=True)
                                                 (1): LayerNorm((768,), eps=1e-05, elementwise_affine=True)
                                               )
                                             )
                                           )
                                           (layer_norm): LayerNorm((768,), eps=1e-05, elementwise_affine=True)
                                         )
                                         (trans_a_with_v): TransformerEncoder(
                                           (embed_positions): SinusoidalPositionalEmbedding()
                                           (layers): ModuleList(
                                             (0): TransformerEncoderLayer(
                                               (self_attn): MultiheadAttention(
                                                 (out_proj): Linear(in_features=768, out_features=768, bias=True)
                                               )
                                               (fc1): Linear(in_features=768, out_features=3072, bias=True)
                                               (fc2): Linear(in_features=3072, out_features=768, bias=True)
                                               (layer_norms): ModuleList(
                                                 (0): LayerNorm((768,), eps=1e-05, elementwise_affine=True)
                                                 (1): LayerNorm((768,), eps=1e-05, elementwise_affine=True)
                                               )
                                             )
                                             (1): TransformerEncoderLayer(
                                               (self_attn): MultiheadAttention(
                                                 (out_proj): Linear(in_features=768, out_features=768, bias=True)
                                               )
                                               (fc1): Linear(in_features=768, out_features=3072, bias=True)
                                               (fc2): Linear(in_features=3072, out_features=768, bias=True)
                                               (layer_norms): ModuleList(
                                                 (0): LayerNorm((768,), eps=1e-05, elementwise_affine=True)
                                                 (1): LayerNorm((768,), eps=1e-05, elementwise_affine=True)
                                               )
                                             )
                                             (2): TransformerEncoderLayer(
                                               (self_attn): MultiheadAttention(
                                                 (out_proj): Linear(in_features=768, out_features=768, bias=True)
                                               )
                                               (fc1): Linear(in_features=768, out_features=3072, bias=True)
                                               (fc2): Linear(in_features=3072, out_features=768, bias=True)
                                               (layer_norms): ModuleList(
                                                 (0): LayerNorm((768,), eps=1e-05, elementwise_affine=True)
                                                 (1): LayerNorm((768,), eps=1e-05, elementwise_affine=True)
                                               )
                                             )
                                             (3): TransformerEncoderLayer(
                                               (self_attn): MultiheadAttention(
                                                 (out_proj): Linear(in_features=768, out_features=768, bias=True)
                                               )
                                               (fc1): Linear(in_features=768, out_features=3072, bias=True)
                                               (fc2): Linear(in_features=3072, out_features=768, bias=True)
                                               (layer_norms): ModuleList(
                                                 (0): LayerNorm((768,), eps=1e-05, elementwise_affine=True)
                                                 (1): LayerNorm((768,), eps=1e-05, elementwise_affine=True)
                                               )
                                             )
                                             (4): TransformerEncoderLayer(
                                               (self_attn): MultiheadAttention(
                                                 (out_proj): Linear(in_features=768, out_features=768, bias=True)
                                               )
                                               (fc1): Linear(in_features=768, out_features=3072, bias=True)
                                               (fc2): Linear(in_features=3072, out_features=768, bias=True)
                                               (layer_norms): ModuleList(
                                                 (0): LayerNorm((768,), eps=1e-05, elementwise_affine=True)
                                                 (1): LayerNorm((768,), eps=1e-05, elementwise_affine=True)
                                               )
                                             )
                                           )
                                           (layer_norm): LayerNorm((768,), eps=1e-05, elementwise_affine=True)
                                         )
                                         (trans_l_mem): TransformerEncoder(
                                           (embed_positions): SinusoidalPositionalEmbedding()
                                           (layers): ModuleList(
                                             (0): TransformerEncoderLayer(
                                               (self_attn): MultiheadAttention(
                                                 (out_proj): Linear(in_features=1536, out_features=1536, bias=True)
                                               )
                                               (fc1): Linear(in_features=1536, out_features=6144, bias=True)
                                               (fc2): Linear(in_features=6144, out_features=1536, bias=True)
                                               (layer_norms): ModuleList(
                                                 (0): LayerNorm((1536,), eps=1e-05, elementwise_affine=True)
                                                 (1): LayerNorm((1536,), eps=1e-05, elementwise_affine=True)
                                               )
                                             )
                                             (1): TransformerEncoderLayer(
                                               (self_attn): MultiheadAttention(
                                                 (out_proj): Linear(in_features=1536, out_features=1536, bias=True)
                                               )
                                               (fc1): Linear(in_features=1536, out_features=6144, bias=True)
                                               (fc2): Linear(in_features=6144, out_features=1536, bias=True)
                                               (layer_norms): ModuleList(
                                                 (0): LayerNorm((1536,), eps=1e-05, elementwise_affine=True)
                                                 (1): LayerNorm((1536,), eps=1e-05, elementwise_affine=True)
                                               )
                                             )
                                             (2): TransformerEncoderLayer(
                                               (self_attn): MultiheadAttention(
                                                 (out_proj): Linear(in_features=1536, out_features=1536, bias=True)
                                               )
                                               (fc1): Linear(in_features=1536, out_features=6144, bias=True)
                                               (fc2): Linear(in_features=6144, out_features=1536, bias=True)
                                               (layer_norms): ModuleList(
                                                 (0): LayerNorm((1536,), eps=1e-05, elementwise_affine=True)
                                                 (1): LayerNorm((1536,), eps=1e-05, elementwise_affine=True)
                                               )
                                             )
                                             (3): TransformerEncoderLayer(
                                               (self_attn): MultiheadAttention(
                                                 (out_proj): Linear(in_features=1536, out_features=1536, bias=True)
                                               )
                                               (fc1): Linear(in_features=1536, out_features=6144, bias=True)
                                               (fc2): Linear(in_features=6144, out_features=1536, bias=True)
                                               (layer_norms): ModuleList(
                                                 (0): LayerNorm((1536,), eps=1e-05, elementwise_affine=True)
                                                 (1): LayerNorm((1536,), eps=1e-05, elementwise_affine=True)
                                               )
                                             )
                                             (4): TransformerEncoderLayer(
                                               (self_attn): MultiheadAttention(
                                                 (out_proj): Linear(in_features=1536, out_features=1536, bias=True)
                                               )
                                               (fc1): Linear(in_features=1536, out_features=6144, bias=True)
                                               (fc2): Linear(in_features=6144, out_features=1536, bias=True)
                                               (layer_norms): ModuleList(
                                                 (0): LayerNorm((1536,), eps=1e-05, elementwise_affine=True)
                                                 (1): LayerNorm((1536,), eps=1e-05, elementwise_affine=True)
                                               )
                                             )
                                           )
                                           (layer_norm): LayerNorm((1536,), eps=1e-05, elementwise_affine=True)
                                         )
                                         (trans_v_mem): TransformerEncoder(
                                           (embed_positions): SinusoidalPositionalEmbedding()
                                           (layers): ModuleList(
                                             (0): TransformerEncoderLayer(
                                               (self_attn): MultiheadAttention(
                                                 (out_proj): Linear(in_features=1536, out_features=1536, bias=True)
                                               )
                                               (fc1): Linear(in_features=1536, out_features=6144, bias=True)
                                               (fc2): Linear(in_features=6144, out_features=1536, bias=True)
                                               (layer_norms): ModuleList(
                                                 (0): LayerNorm((1536,), eps=1e-05, elementwise_affine=True)
                                                 (1): LayerNorm((1536,), eps=1e-05, elementwise_affine=True)
                                               )
                                             )
                                             (1): TransformerEncoderLayer(
                                               (self_attn): MultiheadAttention(
                                                 (out_proj): Linear(in_features=1536, out_features=1536, bias=True)
                                               )
                                               (fc1): Linear(in_features=1536, out_features=6144, bias=True)
                                               (fc2): Linear(in_features=6144, out_features=1536, bias=True)
                                               (layer_norms): ModuleList(
                                                 (0): LayerNorm((1536,), eps=1e-05, elementwise_affine=True)
                                                 (1): LayerNorm((1536,), eps=1e-05, elementwise_affine=True)
                                               )
                                             )
                                             (2): TransformerEncoderLayer(
                                               (self_attn): MultiheadAttention(
                                                 (out_proj): Linear(in_features=1536, out_features=1536, bias=True)
                                               )
                                               (fc1): Linear(in_features=1536, out_features=6144, bias=True)
                                               (fc2): Linear(in_features=6144, out_features=1536, bias=True)
                                               (layer_norms): ModuleList(
                                                 (0): LayerNorm((1536,), eps=1e-05, elementwise_affine=True)
                                                 (1): LayerNorm((1536,), eps=1e-05, elementwise_affine=True)
                                               )
                                             )
                                             (3): TransformerEncoderLayer(
                                               (self_attn): MultiheadAttention(
                                                 (out_proj): Linear(in_features=1536, out_features=1536, bias=True)
                                               )
                                               (fc1): Linear(in_features=1536, out_features=6144, bias=True)
                                               (fc2): Linear(in_features=6144, out_features=1536, bias=True)
                                               (layer_norms): ModuleList(
                                                 (0): LayerNorm((1536,), eps=1e-05, elementwise_affine=True)
                                                 (1): LayerNorm((1536,), eps=1e-05, elementwise_affine=True)
                                               )
                                             )
                                             (4): TransformerEncoderLayer(
                                               (self_attn): MultiheadAttention(
                                                 (out_proj): Linear(in_features=1536, out_features=1536, bias=True)
                                               )
                                               (fc1): Linear(in_features=1536, out_features=6144, bias=True)
                                               (fc2): Linear(in_features=6144, out_features=1536, bias=True)
                                               (layer_norms): ModuleList(
                                                 (0): LayerNorm((1536,), eps=1e-05, elementwise_affine=True)
                                                 (1): LayerNorm((1536,), eps=1e-05, elementwise_affine=True)
                                               )
                                             )
                                           )
                                           (layer_norm): LayerNorm((1536,), eps=1e-05, elementwise_affine=True)
                                         )
                                         (trans_a_mem): TransformerEncoder(
                                           (embed_positions): SinusoidalPositionalEmbedding()
                                           (layers): ModuleList(
                                             (0): TransformerEncoderLayer(
                                               (self_attn): MultiheadAttention(
                                                 (out_proj): Linear(in_features=1536, out_features=1536, bias=True)
                                               )
                                               (fc1): Linear(in_features=1536, out_features=6144, bias=True)
                                               (fc2): Linear(in_features=6144, out_features=1536, bias=True)
                                               (layer_norms): ModuleList(
                                                 (0): LayerNorm((1536,), eps=1e-05, elementwise_affine=True)
                                                 (1): LayerNorm((1536,), eps=1e-05, elementwise_affine=True)
                                               )
                                             )
                                             (1): TransformerEncoderLayer(
                                               (self_attn): MultiheadAttention(
                                                 (out_proj): Linear(in_features=1536, out_features=1536, bias=True)
                                               )
                                               (fc1): Linear(in_features=1536, out_features=6144, bias=True)
                                               (fc2): Linear(in_features=6144, out_features=1536, bias=True)
                                               (layer_norms): ModuleList(
                                                 (0): LayerNorm((1536,), eps=1e-05, elementwise_affine=True)
                                                 (1): LayerNorm((1536,), eps=1e-05, elementwise_affine=True)
                                               )
                                             )
                                             (2): TransformerEncoderLayer(
                                               (self_attn): MultiheadAttention(
                                                 (out_proj): Linear(in_features=1536, out_features=1536, bias=True)
                                               )
                                               (fc1): Linear(in_features=1536, out_features=6144, bias=True)
                                               (fc2): Linear(in_features=6144, out_features=1536, bias=True)
                                               (layer_norms): ModuleList(
                                                 (0): LayerNorm((1536,), eps=1e-05, elementwise_affine=True)
                                                 (1): LayerNorm((1536,), eps=1e-05, elementwise_affine=True)
                                               )
                                             )
                                             (3): TransformerEncoderLayer(
                                               (self_attn): MultiheadAttention(
                                                 (out_proj): Linear(in_features=1536, out_features=1536, bias=True)
                                               )
                                               (fc1): Linear(in_features=1536, out_features=6144, bias=True)
                                               (fc2): Linear(in_features=6144, out_features=1536, bias=True)
                                               (layer_norms): ModuleList(
                                                 (0): LayerNorm((1536,), eps=1e-05, elementwise_affine=True)
                                                 (1): LayerNorm((1536,), eps=1e-05, elementwise_affine=True)
                                               )
                                             )
                                             (4): TransformerEncoderLayer(
                                               (self_attn): MultiheadAttention(
                                                 (out_proj): Linear(in_features=1536, out_features=1536, bias=True)
                                               )
                                               (fc1): Linear(in_features=1536, out_features=6144, bias=True)
                                               (fc2): Linear(in_features=6144, out_features=1536, bias=True)
                                               (layer_norms): ModuleList(
                                                 (0): LayerNorm((1536,), eps=1e-05, elementwise_affine=True)
                                                 (1): LayerNorm((1536,), eps=1e-05, elementwise_affine=True)
                                               )
                                             )
                                           )
                                           (layer_norm): LayerNorm((1536,), eps=1e-05, elementwise_affine=True)
                                         )
                                         (proj1): Linear(in_features=768, out_features=768, bias=True)
                                         (proj2): Linear(in_features=768, out_features=768, bias=True)
                                         (out_layer): Linear(in_features=768, out_features=13, bias=True)
                                         (proj12): Linear(in_features=768, out_features=768, bias=True)
                                         (proj22): Linear(in_features=768, out_features=768, bias=True)
                                         (out_layer2): Linear(in_features=768, out_features=13, bias=True)
                                         (out_layer_final): Linear(in_features=13, out_features=13, bias=True)
                                         (gmu): TextShifting5Layer(
                                           (hidden1): Linear(in_features=1536, out_features=768, bias=False)
                                           (hidden2): Linear(in_features=1536, out_features=768, bias=False)
                                           (hidden3): Linear(in_features=1536, out_features=768, bias=False)
                                           (hidden4): Linear(in_features=768, out_features=768, bias=False)
                                           (hidden5): Linear(in_features=768, out_features=768, bias=False)
                                           (x1_gate): Linear(in_features=6144, out_features=768, bias=False)
                                           (x2_gate): Linear(in_features=6144, out_features=768, bias=False)
                                           (x3_gate): Linear(in_features=6144, out_features=768, bias=False)
                                           (x4_gate): Linear(in_features=6144, out_features=768, bias=False)
                                           (x5_gate): Linear(in_features=6144, out_features=768, bias=False)
                                         )
                                         (gmuSimple): TextShifting4LayerSimple(
                                           (hidden1): Linear(in_features=768, out_features=768, bias=False)
                                           (hidden2): Linear(in_features=768, out_features=768, bias=False)
                                           (hidden3): Linear(in_features=768, out_features=768, bias=False)
                                           (hidden4): Linear(in_features=768, out_features=768, bias=False)
                                           (x1_gate): Linear(in_features=768, out_features=768, bias=False)
                                           (x2_gate): Linear(in_features=768, out_features=768, bias=False)
                                           (x3_gate): Linear(in_features=768, out_features=768, bias=False)
                                           (x4_gate): Linear(in_features=768, out_features=768, bias=False)
                                         )
                                       )
                                     )
INFO - 09/08/21 13:28:43 - 0:00:01 - Training..
INFO - 09/08/21 13:44:44 - 0:16:02 - Train Loss: 0.0687
INFO - 09/08/21 13:44:44 - 0:16:02 - Val: Loss: 0.94384 | Macro F1 0.50152 | Micro F1: 0.53795 | AUC PR Macro: 0.51944 | AUC PR Micro: 0.56659
INFO - 09/08/21 14:03:14 - 0:34:31 - Train Loss: 0.0509
INFO - 09/08/21 14:03:14 - 0:34:31 - Val: Loss: 0.80595 | Macro F1 0.53563 | Micro F1: 0.58129 | AUC PR Macro: 0.61832 | AUC PR Micro: 0.62451
INFO - 09/08/21 14:21:54 - 0:53:11 - Train Loss: 0.0423
INFO - 09/08/21 14:21:54 - 0:53:11 - Val: Loss: 0.78601 | Macro F1 0.57309 | Micro F1: 0.59768 | AUC PR Macro: 0.66477 | AUC PR Micro: 0.66100
INFO - 09/08/21 14:40:42 - 1:11:59 - Train Loss: 0.0354
INFO - 09/08/21 14:40:42 - 1:11:59 - Val: Loss: 0.72498 | Macro F1 0.61367 | Micro F1: 0.64195 | AUC PR Macro: 0.69794 | AUC PR Micro: 0.70879
INFO - 09/08/21 14:59:35 - 1:30:52 - Train Loss: 0.0303
INFO - 09/08/21 14:59:35 - 1:30:52 - Val: Loss: 0.76432 | Macro F1 0.63482 | Micro F1: 0.66435 | AUC PR Macro: 0.70644 | AUC PR Micro: 0.73100
INFO - 09/08/21 15:19:13 - 1:50:30 - Train Loss: 0.0258
INFO - 09/08/21 15:19:13 - 1:50:30 - Val: Loss: 0.79991 | Macro F1 0.63548 | Micro F1: 0.66053 | AUC PR Macro: 0.72580 | AUC PR Micro: 0.72479
INFO - 09/08/21 15:37:38 - 2:08:55 - Train Loss: 0.0224
INFO - 09/08/21 15:37:38 - 2:08:55 - Val: Loss: 0.79903 | Macro F1 0.65580 | Micro F1: 0.67906 | AUC PR Macro: 0.73984 | AUC PR Micro: 0.75183
INFO - 09/08/21 15:57:44 - 2:29:01 - Train Loss: 0.0183
INFO - 09/08/21 15:57:44 - 2:29:01 - Val: Loss: 0.84478 | Macro F1 0.67193 | Micro F1: 0.69732 | AUC PR Macro: 0.73160 | AUC PR Micro: 0.77262
INFO - 09/08/21 16:19:30 - 2:50:47 - Train Loss: 0.0150
INFO - 09/08/21 16:19:30 - 2:50:47 - Val: Loss: 0.89578 | Macro F1 0.67583 | Micro F1: 0.70410 | AUC PR Macro: 0.74582 | AUC PR Micro: 0.77744
INFO - 09/08/21 16:39:41 - 3:10:59 - Train Loss: 0.0125
INFO - 09/08/21 16:39:41 - 3:10:59 - Val: Loss: 0.95981 | Macro F1 0.67329 | Micro F1: 0.70381 | AUC PR Macro: 0.74819 | AUC PR Micro: 0.77368
INFO - 09/08/21 16:57:14 - 3:28:31 - Train Loss: 0.0098
INFO - 09/08/21 16:57:14 - 3:28:31 - Val: Loss: 1.03239 | Macro F1 0.67654 | Micro F1: 0.70759 | AUC PR Macro: 0.74360 | AUC PR Micro: 0.77757
INFO - 09/08/21 17:18:23 - 3:49:41 - Train Loss: 0.0081
INFO - 09/08/21 17:18:23 - 3:49:41 - Val: Loss: 1.13183 | Macro F1 0.69544 | Micro F1: 0.72080 | AUC PR Macro: 0.74113 | AUC PR Micro: 0.78484
INFO - 09/08/21 17:36:40 - 4:07:57 - Train Loss: 0.0069
INFO - 09/08/21 17:36:40 - 4:07:57 - Val: Loss: 1.15877 | Macro F1 0.68103 | Micro F1: 0.70627 | AUC PR Macro: 0.74311 | AUC PR Micro: 0.77354
INFO - 09/08/21 17:53:17 - 4:24:35 - Train Loss: 0.0055
INFO - 09/08/21 17:53:17 - 4:24:35 - Val: Loss: 1.26226 | Macro F1 0.68189 | Micro F1: 0.71144 | AUC PR Macro: 0.74223 | AUC PR Micro: 0.78030
INFO - 09/08/21 18:10:09 - 4:41:27 - Train Loss: 0.0042
INFO - 09/08/21 18:10:09 - 4:41:27 - Val: Loss: 1.33268 | Macro F1 0.69033 | Micro F1: 0.71755 | AUC PR Macro: 0.74572 | AUC PR Micro: 0.78335
INFO - 09/08/21 18:27:01 - 4:58:18 - Train Loss: 0.0030
INFO - 09/08/21 18:27:01 - 4:58:18 - Val: Loss: 1.41840 | Macro F1 0.69217 | Micro F1: 0.71857 | AUC PR Macro: 0.74605 | AUC PR Micro: 0.78366
INFO - 09/08/21 18:44:07 - 5:15:24 - Train Loss: 0.0024
INFO - 09/08/21 18:44:07 - 5:15:24 - Val: Loss: 1.49995 | Macro F1 0.69591 | Micro F1: 0.72248 | AUC PR Macro: 0.74714 | AUC PR Micro: 0.78481
INFO - 09/08/21 18:46:05 - 5:17:23 - No improvement. Breaking out of loop.
INFO - 09/08/21 18:54:52 - 5:26:10 - Test - : Loss: 1.04697 | Macro F1 0.69050 | Micro F1: 0.71614 | AUC PR Macro: 0.75177 | AUC PR Micro: 0.79007
DEBUG - 09/08/21 18:54:52 - 5:26:10 - Starting new HTTPS connection (1): s3.amazonaws.com:443
INFO - 09/08/21 18:55:02 - 5:26:20 - loading vocabulary file https://s3.amazonaws.com/models.huggingface.co/bert/bert-base-uncased-vocab.txt from cache at /home/est_posgrado_diego.moreno/.pytorch_pretrained_bert/26bc1ad6c0ac742e9b52263248f6d0f00068293b33709fae12320c0e35ccfbbb.542ce4285a40d23a559526243235df47c5f75c197f04f37d1a0c124c32c9a084
DEBUG - 09/08/21 18:55:03 - 5:26:20 - Starting new HTTPS connection (1): s3.amazonaws.com:443
INFO - 09/08/21 18:55:13 - 5:26:30 - loading vocabulary file https://s3.amazonaws.com/models.huggingface.co/bert/bert-base-uncased-vocab.txt from cache at /home/est_posgrado_diego.moreno/.pytorch_pretrained_bert/26bc1ad6c0ac742e9b52263248f6d0f00068293b33709fae12320c0e35ccfbbb.542ce4285a40d23a559526243235df47c5f75c197f04f37d1a0c124c32c9a084
DEBUG - 09/08/21 18:55:13 - 5:26:30 - Starting new HTTPS connection (1): huggingface.co:443
DEBUG - 09/08/21 18:55:23 - 5:26:40 - Starting new HTTPS connection (1): huggingface.co:443
