INFO - 04/29/22 01:42:56 - 0:00:00 - a_len: 3
                                     adapter_size: 64
                                     aonly: True
                                     attn_dropout: 0.1
                                     attn_dropout_a: 0.0
                                     attn_dropout_v: 0.0
                                     attn_mask: True
                                     batch_sz: 16
                                     bert_model: bert-base-uncased
                                     chunk_size: 100
                                     config_file: /home/est_posgrado_diego.moreno/vilbert-multi-task/config/bert_base_6layer_6conect.json
                                     data_path: /home/est_posgrado_diego.moreno/Workspace/Tesis/multimodal-transformers-movies/datasets
                                     drop_img_percent: 0.0
                                     dropout: 0.1
                                     embed_dropout: 0.25
                                     embed_sz: 300
                                     freeze_img: 0
                                     freeze_txt: 0
                                     from_pretrained: /home/est_posgrado_diego.moreno/vilbert-multi-task/save/multi_task_model.bin
                                     from_seed: 1
                                     glove_path: /path/to/glove_embeds/glove.840B.300d.txt
                                     gradient_accumulation_steps: 16
                                     hidden: []
                                     hidden_sz: 300
                                     hybrid: False
                                     img_embed_pool_type: avg
                                     img_hidden_sz: 2048
                                     include_bn: True
                                     inverse_seed: False
                                     just_test: False
                                     l_len: 512
                                     label_freqs: Counter({'happiness': 8732, 'sadness': 4269, 'anger': 3524, 'disgust': 2954, 'surprise': 1642, 'fear': 1331})
                                     labels: ['fear', 'happiness', 'sadness', 'disgust', 'anger', 'surprise']
                                     layers: 4
                                     lonly: True
                                     lr: 5e-05
                                     lr_factor: 0.5
                                     lr_patience: 2
                                     max_epochs: 100
                                     max_seq_len: 512
                                     model: mmtrvat
                                     n_classes: 6
                                     n_workers: 12
                                     name: moviescope_Seed2_mmbt_model_run
                                     nlevels: 5
                                     num_heads: 10
                                     num_image_embeds: 3
                                     num_images: 8
                                     orig_d_a: 74
                                     orig_d_l: 768
                                     orig_d_p: 4096
                                     orig_d_v: 35
                                     out_dropout: 0.0
                                     output_gates: False
                                     patience: 5
                                     pooling: cls
                                     relu_dropout: 0.1
                                     res_dropout: 0.1
                                     savedir: /home/est_posgrado_diego.moreno/Workspace/Tesis/multimodal-transformers-movies/model_save_mmtr_MOSEI/moviescope_Seed2_mmbt_model_run
                                     seed: 2
                                     task: cmu-mosei
                                     task_type: multilabel
                                     train_data_len: 16326
                                     train_type: split
                                     trained_model_dir: 
                                     v_len: 3
                                     vision_scratch: False
                                     visual: both
                                     vocab: <mmbt.data.vocab.Vocab object at 0x7fa20c2ba100>
                                     vocab_sz: 30522
                                     vonly: True
                                     warmup: 0.1
                                     weight_classes: 1
INFO - 04/29/22 01:42:56 - 0:00:00 - DataParallel(
                                       (module): MultiprojectionMMTransformer3DGMUClf(
                                         (enc): BertEncoder(
                                           (bert): BertModel(
                                             (embeddings): BertEmbeddings(
                                               (word_embeddings): Embedding(30522, 768, padding_idx=0)
                                               (position_embeddings): Embedding(512, 768)
                                               (token_type_embeddings): Embedding(2, 768)
                                               (LayerNorm): LayerNorm((768,), eps=1e-12, elementwise_affine=True)
                                               (dropout): Dropout(p=0.1, inplace=False)
                                             )
                                             (encoder): BertEncoder(
                                               (layer): ModuleList(
                                                 (0): BertLayer(
                                                   (attention): BertAttention(
                                                     (self): BertSelfAttention(
                                                       (query): Linear(in_features=768, out_features=768, bias=True)
                                                       (key): Linear(in_features=768, out_features=768, bias=True)
                                                       (value): Linear(in_features=768, out_features=768, bias=True)
                                                       (dropout): Dropout(p=0.1, inplace=False)
                                                     )
                                                     (output): BertSelfOutput(
                                                       (dense): Linear(in_features=768, out_features=768, bias=True)
                                                       (LayerNorm): LayerNorm((768,), eps=1e-12, elementwise_affine=True)
                                                       (dropout): Dropout(p=0.1, inplace=False)
                                                       (attention_text_task_adapters): ModuleDict()
                                                       (adapter_fusion_layer): ModuleDict()
                                                       (attention_text_lang_adapters): ModuleDict()
                                                     )
                                                   )
                                                   (intermediate): BertIntermediate(
                                                     (dense): Linear(in_features=768, out_features=3072, bias=True)
                                                   )
                                                   (output): BertOutput(
                                                     (dense): Linear(in_features=3072, out_features=768, bias=True)
                                                     (LayerNorm): LayerNorm((768,), eps=1e-12, elementwise_affine=True)
                                                     (dropout): Dropout(p=0.1, inplace=False)
                                                     (adapter_fusion_layer): ModuleDict()
                                                     (layer_text_task_adapters): ModuleDict()
                                                     (layer_text_lang_adapters): ModuleDict()
                                                   )
                                                 )
                                                 (1): BertLayer(
                                                   (attention): BertAttention(
                                                     (self): BertSelfAttention(
                                                       (query): Linear(in_features=768, out_features=768, bias=True)
                                                       (key): Linear(in_features=768, out_features=768, bias=True)
                                                       (value): Linear(in_features=768, out_features=768, bias=True)
                                                       (dropout): Dropout(p=0.1, inplace=False)
                                                     )
                                                     (output): BertSelfOutput(
                                                       (dense): Linear(in_features=768, out_features=768, bias=True)
                                                       (LayerNorm): LayerNorm((768,), eps=1e-12, elementwise_affine=True)
                                                       (dropout): Dropout(p=0.1, inplace=False)
                                                       (attention_text_task_adapters): ModuleDict()
                                                       (adapter_fusion_layer): ModuleDict()
                                                       (attention_text_lang_adapters): ModuleDict()
                                                     )
                                                   )
                                                   (intermediate): BertIntermediate(
                                                     (dense): Linear(in_features=768, out_features=3072, bias=True)
                                                   )
                                                   (output): BertOutput(
                                                     (dense): Linear(in_features=3072, out_features=768, bias=True)
                                                     (LayerNorm): LayerNorm((768,), eps=1e-12, elementwise_affine=True)
                                                     (dropout): Dropout(p=0.1, inplace=False)
                                                     (adapter_fusion_layer): ModuleDict()
                                                     (layer_text_task_adapters): ModuleDict()
                                                     (layer_text_lang_adapters): ModuleDict()
                                                   )
                                                 )
                                                 (2): BertLayer(
                                                   (attention): BertAttention(
                                                     (self): BertSelfAttention(
                                                       (query): Linear(in_features=768, out_features=768, bias=True)
                                                       (key): Linear(in_features=768, out_features=768, bias=True)
                                                       (value): Linear(in_features=768, out_features=768, bias=True)
                                                       (dropout): Dropout(p=0.1, inplace=False)
                                                     )
                                                     (output): BertSelfOutput(
                                                       (dense): Linear(in_features=768, out_features=768, bias=True)
                                                       (LayerNorm): LayerNorm((768,), eps=1e-12, elementwise_affine=True)
                                                       (dropout): Dropout(p=0.1, inplace=False)
                                                       (attention_text_task_adapters): ModuleDict()
                                                       (adapter_fusion_layer): ModuleDict()
                                                       (attention_text_lang_adapters): ModuleDict()
                                                     )
                                                   )
                                                   (intermediate): BertIntermediate(
                                                     (dense): Linear(in_features=768, out_features=3072, bias=True)
                                                   )
                                                   (output): BertOutput(
                                                     (dense): Linear(in_features=3072, out_features=768, bias=True)
                                                     (LayerNorm): LayerNorm((768,), eps=1e-12, elementwise_affine=True)
                                                     (dropout): Dropout(p=0.1, inplace=False)
                                                     (adapter_fusion_layer): ModuleDict()
                                                     (layer_text_task_adapters): ModuleDict()
                                                     (layer_text_lang_adapters): ModuleDict()
                                                   )
                                                 )
                                                 (3): BertLayer(
                                                   (attention): BertAttention(
                                                     (self): BertSelfAttention(
                                                       (query): Linear(in_features=768, out_features=768, bias=True)
                                                       (key): Linear(in_features=768, out_features=768, bias=True)
                                                       (value): Linear(in_features=768, out_features=768, bias=True)
                                                       (dropout): Dropout(p=0.1, inplace=False)
                                                     )
                                                     (output): BertSelfOutput(
                                                       (dense): Linear(in_features=768, out_features=768, bias=True)
                                                       (LayerNorm): LayerNorm((768,), eps=1e-12, elementwise_affine=True)
                                                       (dropout): Dropout(p=0.1, inplace=False)
                                                       (attention_text_task_adapters): ModuleDict()
                                                       (adapter_fusion_layer): ModuleDict()
                                                       (attention_text_lang_adapters): ModuleDict()
                                                     )
                                                   )
                                                   (intermediate): BertIntermediate(
                                                     (dense): Linear(in_features=768, out_features=3072, bias=True)
                                                   )
                                                   (output): BertOutput(
                                                     (dense): Linear(in_features=3072, out_features=768, bias=True)
                                                     (LayerNorm): LayerNorm((768,), eps=1e-12, elementwise_affine=True)
                                                     (dropout): Dropout(p=0.1, inplace=False)
                                                     (adapter_fusion_layer): ModuleDict()
                                                     (layer_text_task_adapters): ModuleDict()
                                                     (layer_text_lang_adapters): ModuleDict()
                                                   )
                                                 )
                                                 (4): BertLayer(
                                                   (attention): BertAttention(
                                                     (self): BertSelfAttention(
                                                       (query): Linear(in_features=768, out_features=768, bias=True)
                                                       (key): Linear(in_features=768, out_features=768, bias=True)
                                                       (value): Linear(in_features=768, out_features=768, bias=True)
                                                       (dropout): Dropout(p=0.1, inplace=False)
                                                     )
                                                     (output): BertSelfOutput(
                                                       (dense): Linear(in_features=768, out_features=768, bias=True)
                                                       (LayerNorm): LayerNorm((768,), eps=1e-12, elementwise_affine=True)
                                                       (dropout): Dropout(p=0.1, inplace=False)
                                                       (attention_text_task_adapters): ModuleDict()
                                                       (adapter_fusion_layer): ModuleDict()
                                                       (attention_text_lang_adapters): ModuleDict()
                                                     )
                                                   )
                                                   (intermediate): BertIntermediate(
                                                     (dense): Linear(in_features=768, out_features=3072, bias=True)
                                                   )
                                                   (output): BertOutput(
                                                     (dense): Linear(in_features=3072, out_features=768, bias=True)
                                                     (LayerNorm): LayerNorm((768,), eps=1e-12, elementwise_affine=True)
                                                     (dropout): Dropout(p=0.1, inplace=False)
                                                     (adapter_fusion_layer): ModuleDict()
                                                     (layer_text_task_adapters): ModuleDict()
                                                     (layer_text_lang_adapters): ModuleDict()
                                                   )
                                                 )
                                                 (5): BertLayer(
                                                   (attention): BertAttention(
                                                     (self): BertSelfAttention(
                                                       (query): Linear(in_features=768, out_features=768, bias=True)
                                                       (key): Linear(in_features=768, out_features=768, bias=True)
                                                       (value): Linear(in_features=768, out_features=768, bias=True)
                                                       (dropout): Dropout(p=0.1, inplace=False)
                                                     )
                                                     (output): BertSelfOutput(
                                                       (dense): Linear(in_features=768, out_features=768, bias=True)
                                                       (LayerNorm): LayerNorm((768,), eps=1e-12, elementwise_affine=True)
                                                       (dropout): Dropout(p=0.1, inplace=False)
                                                       (attention_text_task_adapters): ModuleDict()
                                                       (adapter_fusion_layer): ModuleDict()
                                                       (attention_text_lang_adapters): ModuleDict()
                                                     )
                                                   )
                                                   (intermediate): BertIntermediate(
                                                     (dense): Linear(in_features=768, out_features=3072, bias=True)
                                                   )
                                                   (output): BertOutput(
                                                     (dense): Linear(in_features=3072, out_features=768, bias=True)
                                                     (LayerNorm): LayerNorm((768,), eps=1e-12, elementwise_affine=True)
                                                     (dropout): Dropout(p=0.1, inplace=False)
                                                     (adapter_fusion_layer): ModuleDict()
                                                     (layer_text_task_adapters): ModuleDict()
                                                     (layer_text_lang_adapters): ModuleDict()
                                                   )
                                                 )
                                                 (6): BertLayer(
                                                   (attention): BertAttention(
                                                     (self): BertSelfAttention(
                                                       (query): Linear(in_features=768, out_features=768, bias=True)
                                                       (key): Linear(in_features=768, out_features=768, bias=True)
                                                       (value): Linear(in_features=768, out_features=768, bias=True)
                                                       (dropout): Dropout(p=0.1, inplace=False)
                                                     )
                                                     (output): BertSelfOutput(
                                                       (dense): Linear(in_features=768, out_features=768, bias=True)
                                                       (LayerNorm): LayerNorm((768,), eps=1e-12, elementwise_affine=True)
                                                       (dropout): Dropout(p=0.1, inplace=False)
                                                       (attention_text_task_adapters): ModuleDict()
                                                       (adapter_fusion_layer): ModuleDict()
                                                       (attention_text_lang_adapters): ModuleDict()
                                                     )
                                                   )
                                                   (intermediate): BertIntermediate(
                                                     (dense): Linear(in_features=768, out_features=3072, bias=True)
                                                   )
                                                   (output): BertOutput(
                                                     (dense): Linear(in_features=3072, out_features=768, bias=True)
                                                     (LayerNorm): LayerNorm((768,), eps=1e-12, elementwise_affine=True)
                                                     (dropout): Dropout(p=0.1, inplace=False)
                                                     (adapter_fusion_layer): ModuleDict()
                                                     (layer_text_task_adapters): ModuleDict()
                                                     (layer_text_lang_adapters): ModuleDict()
                                                   )
                                                 )
                                                 (7): BertLayer(
                                                   (attention): BertAttention(
                                                     (self): BertSelfAttention(
                                                       (query): Linear(in_features=768, out_features=768, bias=True)
                                                       (key): Linear(in_features=768, out_features=768, bias=True)
                                                       (value): Linear(in_features=768, out_features=768, bias=True)
                                                       (dropout): Dropout(p=0.1, inplace=False)
                                                     )
                                                     (output): BertSelfOutput(
                                                       (dense): Linear(in_features=768, out_features=768, bias=True)
                                                       (LayerNorm): LayerNorm((768,), eps=1e-12, elementwise_affine=True)
                                                       (dropout): Dropout(p=0.1, inplace=False)
                                                       (attention_text_task_adapters): ModuleDict()
                                                       (adapter_fusion_layer): ModuleDict()
                                                       (attention_text_lang_adapters): ModuleDict()
                                                     )
                                                   )
                                                   (intermediate): BertIntermediate(
                                                     (dense): Linear(in_features=768, out_features=3072, bias=True)
                                                   )
                                                   (output): BertOutput(
                                                     (dense): Linear(in_features=3072, out_features=768, bias=True)
                                                     (LayerNorm): LayerNorm((768,), eps=1e-12, elementwise_affine=True)
                                                     (dropout): Dropout(p=0.1, inplace=False)
                                                     (adapter_fusion_layer): ModuleDict()
                                                     (layer_text_task_adapters): ModuleDict()
                                                     (layer_text_lang_adapters): ModuleDict()
                                                   )
                                                 )
                                                 (8): BertLayer(
                                                   (attention): BertAttention(
                                                     (self): BertSelfAttention(
                                                       (query): Linear(in_features=768, out_features=768, bias=True)
                                                       (key): Linear(in_features=768, out_features=768, bias=True)
                                                       (value): Linear(in_features=768, out_features=768, bias=True)
                                                       (dropout): Dropout(p=0.1, inplace=False)
                                                     )
                                                     (output): BertSelfOutput(
                                                       (dense): Linear(in_features=768, out_features=768, bias=True)
                                                       (LayerNorm): LayerNorm((768,), eps=1e-12, elementwise_affine=True)
                                                       (dropout): Dropout(p=0.1, inplace=False)
                                                       (attention_text_task_adapters): ModuleDict()
                                                       (adapter_fusion_layer): ModuleDict()
                                                       (attention_text_lang_adapters): ModuleDict()
                                                     )
                                                   )
                                                   (intermediate): BertIntermediate(
                                                     (dense): Linear(in_features=768, out_features=3072, bias=True)
                                                   )
                                                   (output): BertOutput(
                                                     (dense): Linear(in_features=3072, out_features=768, bias=True)
                                                     (LayerNorm): LayerNorm((768,), eps=1e-12, elementwise_affine=True)
                                                     (dropout): Dropout(p=0.1, inplace=False)
                                                     (adapter_fusion_layer): ModuleDict()
                                                     (layer_text_task_adapters): ModuleDict()
                                                     (layer_text_lang_adapters): ModuleDict()
                                                   )
                                                 )
                                                 (9): BertLayer(
                                                   (attention): BertAttention(
                                                     (self): BertSelfAttention(
                                                       (query): Linear(in_features=768, out_features=768, bias=True)
                                                       (key): Linear(in_features=768, out_features=768, bias=True)
                                                       (value): Linear(in_features=768, out_features=768, bias=True)
                                                       (dropout): Dropout(p=0.1, inplace=False)
                                                     )
                                                     (output): BertSelfOutput(
                                                       (dense): Linear(in_features=768, out_features=768, bias=True)
                                                       (LayerNorm): LayerNorm((768,), eps=1e-12, elementwise_affine=True)
                                                       (dropout): Dropout(p=0.1, inplace=False)
                                                       (attention_text_task_adapters): ModuleDict()
                                                       (adapter_fusion_layer): ModuleDict()
                                                       (attention_text_lang_adapters): ModuleDict()
                                                     )
                                                   )
                                                   (intermediate): BertIntermediate(
                                                     (dense): Linear(in_features=768, out_features=3072, bias=True)
                                                   )
                                                   (output): BertOutput(
                                                     (dense): Linear(in_features=3072, out_features=768, bias=True)
                                                     (LayerNorm): LayerNorm((768,), eps=1e-12, elementwise_affine=True)
                                                     (dropout): Dropout(p=0.1, inplace=False)
                                                     (adapter_fusion_layer): ModuleDict()
                                                     (layer_text_task_adapters): ModuleDict()
                                                     (layer_text_lang_adapters): ModuleDict()
                                                   )
                                                 )
                                                 (10): BertLayer(
                                                   (attention): BertAttention(
                                                     (self): BertSelfAttention(
                                                       (query): Linear(in_features=768, out_features=768, bias=True)
                                                       (key): Linear(in_features=768, out_features=768, bias=True)
                                                       (value): Linear(in_features=768, out_features=768, bias=True)
                                                       (dropout): Dropout(p=0.1, inplace=False)
                                                     )
                                                     (output): BertSelfOutput(
                                                       (dense): Linear(in_features=768, out_features=768, bias=True)
                                                       (LayerNorm): LayerNorm((768,), eps=1e-12, elementwise_affine=True)
                                                       (dropout): Dropout(p=0.1, inplace=False)
                                                       (attention_text_task_adapters): ModuleDict()
                                                       (adapter_fusion_layer): ModuleDict()
                                                       (attention_text_lang_adapters): ModuleDict()
                                                     )
                                                   )
                                                   (intermediate): BertIntermediate(
                                                     (dense): Linear(in_features=768, out_features=3072, bias=True)
                                                   )
                                                   (output): BertOutput(
                                                     (dense): Linear(in_features=3072, out_features=768, bias=True)
                                                     (LayerNorm): LayerNorm((768,), eps=1e-12, elementwise_affine=True)
                                                     (dropout): Dropout(p=0.1, inplace=False)
                                                     (adapter_fusion_layer): ModuleDict()
                                                     (layer_text_task_adapters): ModuleDict()
                                                     (layer_text_lang_adapters): ModuleDict()
                                                   )
                                                 )
                                                 (11): BertLayer(
                                                   (attention): BertAttention(
                                                     (self): BertSelfAttention(
                                                       (query): Linear(in_features=768, out_features=768, bias=True)
                                                       (key): Linear(in_features=768, out_features=768, bias=True)
                                                       (value): Linear(in_features=768, out_features=768, bias=True)
                                                       (dropout): Dropout(p=0.1, inplace=False)
                                                     )
                                                     (output): BertSelfOutput(
                                                       (dense): Linear(in_features=768, out_features=768, bias=True)
                                                       (LayerNorm): LayerNorm((768,), eps=1e-12, elementwise_affine=True)
                                                       (dropout): Dropout(p=0.1, inplace=False)
                                                       (attention_text_task_adapters): ModuleDict()
                                                       (adapter_fusion_layer): ModuleDict()
                                                       (attention_text_lang_adapters): ModuleDict()
                                                     )
                                                   )
                                                   (intermediate): BertIntermediate(
                                                     (dense): Linear(in_features=768, out_features=3072, bias=True)
                                                   )
                                                   (output): BertOutput(
                                                     (dense): Linear(in_features=3072, out_features=768, bias=True)
                                                     (LayerNorm): LayerNorm((768,), eps=1e-12, elementwise_affine=True)
                                                     (dropout): Dropout(p=0.1, inplace=False)
                                                     (adapter_fusion_layer): ModuleDict()
                                                     (layer_text_task_adapters): ModuleDict()
                                                     (layer_text_lang_adapters): ModuleDict()
                                                   )
                                                 )
                                               )
                                             )
                                             (pooler): BertPooler(
                                               (dense): Linear(in_features=768, out_features=768, bias=True)
                                               (activation): Tanh()
                                             )
                                             (invertible_lang_adapters): ModuleDict()
                                           )
                                         )
                                         (gmu_l_m): GatedMultimodalLayerFeatures(
                                           (hidden1): Linear(in_features=300, out_features=300, bias=False)
                                           (hidden2): Linear(in_features=300, out_features=300, bias=False)
                                           (x_gate): Linear(in_features=600, out_features=300, bias=False)
                                         )
                                         (gmu_v_m): GatedMultimodalLayerFeatures(
                                           (hidden1): Linear(in_features=300, out_features=300, bias=False)
                                           (hidden2): Linear(in_features=300, out_features=300, bias=False)
                                           (x_gate): Linear(in_features=600, out_features=300, bias=False)
                                         )
                                         (gmu_a_m): GatedMultimodalLayerFeatures(
                                           (hidden1): Linear(in_features=300, out_features=300, bias=False)
                                           (hidden2): Linear(in_features=300, out_features=300, bias=False)
                                           (x_gate): Linear(in_features=600, out_features=300, bias=False)
                                         )
                                         (gmu_l): GatedMultimodalLayerFeatures(
                                           (hidden1): Linear(in_features=300, out_features=300, bias=False)
                                           (hidden2): Linear(in_features=300, out_features=300, bias=False)
                                           (x_gate): Linear(in_features=600, out_features=300, bias=False)
                                         )
                                         (gmu_v): GatedMultimodalLayerFeatures(
                                           (hidden1): Linear(in_features=300, out_features=300, bias=False)
                                           (hidden2): Linear(in_features=300, out_features=300, bias=False)
                                           (x_gate): Linear(in_features=600, out_features=300, bias=False)
                                         )
                                         (gmu_a): GatedMultimodalLayerFeatures(
                                           (hidden1): Linear(in_features=300, out_features=300, bias=False)
                                           (hidden2): Linear(in_features=300, out_features=300, bias=False)
                                           (x_gate): Linear(in_features=600, out_features=300, bias=False)
                                         )
                                         (proj_l): Conv1d(768, 300, kernel_size=(1,), stride=(1,), bias=False)
                                         (proj_v): Conv1d(35, 300, kernel_size=(1,), stride=(1,), bias=False)
                                         (proj_a): Conv1d(74, 300, kernel_size=(1,), stride=(1,), bias=False)
                                         (trans_l_with_a): TransformerEncoder(
                                           (embed_positions): SinusoidalPositionalEmbedding()
                                           (layers): ModuleList(
                                             (0): TransformerEncoderLayer(
                                               (self_attn): MultiheadAttention(
                                                 (out_proj): Linear(in_features=300, out_features=300, bias=True)
                                               )
                                               (fc1): Linear(in_features=300, out_features=1200, bias=True)
                                               (fc2): Linear(in_features=1200, out_features=300, bias=True)
                                               (layer_norms): ModuleList(
                                                 (0): LayerNorm((300,), eps=1e-05, elementwise_affine=True)
                                                 (1): LayerNorm((300,), eps=1e-05, elementwise_affine=True)
                                               )
                                             )
                                             (1): TransformerEncoderLayer(
                                               (self_attn): MultiheadAttention(
                                                 (out_proj): Linear(in_features=300, out_features=300, bias=True)
                                               )
                                               (fc1): Linear(in_features=300, out_features=1200, bias=True)
                                               (fc2): Linear(in_features=1200, out_features=300, bias=True)
                                               (layer_norms): ModuleList(
                                                 (0): LayerNorm((300,), eps=1e-05, elementwise_affine=True)
                                                 (1): LayerNorm((300,), eps=1e-05, elementwise_affine=True)
                                               )
                                             )
                                             (2): TransformerEncoderLayer(
                                               (self_attn): MultiheadAttention(
                                                 (out_proj): Linear(in_features=300, out_features=300, bias=True)
                                               )
                                               (fc1): Linear(in_features=300, out_features=1200, bias=True)
                                               (fc2): Linear(in_features=1200, out_features=300, bias=True)
                                               (layer_norms): ModuleList(
                                                 (0): LayerNorm((300,), eps=1e-05, elementwise_affine=True)
                                                 (1): LayerNorm((300,), eps=1e-05, elementwise_affine=True)
                                               )
                                             )
                                             (3): TransformerEncoderLayer(
                                               (self_attn): MultiheadAttention(
                                                 (out_proj): Linear(in_features=300, out_features=300, bias=True)
                                               )
                                               (fc1): Linear(in_features=300, out_features=1200, bias=True)
                                               (fc2): Linear(in_features=1200, out_features=300, bias=True)
                                               (layer_norms): ModuleList(
                                                 (0): LayerNorm((300,), eps=1e-05, elementwise_affine=True)
                                                 (1): LayerNorm((300,), eps=1e-05, elementwise_affine=True)
                                               )
                                             )
                                           )
                                           (layer_norm): LayerNorm((300,), eps=1e-05, elementwise_affine=True)
                                         )
                                         (trans_l_with_v): TransformerEncoder(
                                           (embed_positions): SinusoidalPositionalEmbedding()
                                           (layers): ModuleList(
                                             (0): TransformerEncoderLayer(
                                               (self_attn): MultiheadAttention(
                                                 (out_proj): Linear(in_features=300, out_features=300, bias=True)
                                               )
                                               (fc1): Linear(in_features=300, out_features=1200, bias=True)
                                               (fc2): Linear(in_features=1200, out_features=300, bias=True)
                                               (layer_norms): ModuleList(
                                                 (0): LayerNorm((300,), eps=1e-05, elementwise_affine=True)
                                                 (1): LayerNorm((300,), eps=1e-05, elementwise_affine=True)
                                               )
                                             )
                                             (1): TransformerEncoderLayer(
                                               (self_attn): MultiheadAttention(
                                                 (out_proj): Linear(in_features=300, out_features=300, bias=True)
                                               )
                                               (fc1): Linear(in_features=300, out_features=1200, bias=True)
                                               (fc2): Linear(in_features=1200, out_features=300, bias=True)
                                               (layer_norms): ModuleList(
                                                 (0): LayerNorm((300,), eps=1e-05, elementwise_affine=True)
                                                 (1): LayerNorm((300,), eps=1e-05, elementwise_affine=True)
                                               )
                                             )
                                             (2): TransformerEncoderLayer(
                                               (self_attn): MultiheadAttention(
                                                 (out_proj): Linear(in_features=300, out_features=300, bias=True)
                                               )
                                               (fc1): Linear(in_features=300, out_features=1200, bias=True)
                                               (fc2): Linear(in_features=1200, out_features=300, bias=True)
                                               (layer_norms): ModuleList(
                                                 (0): LayerNorm((300,), eps=1e-05, elementwise_affine=True)
                                                 (1): LayerNorm((300,), eps=1e-05, elementwise_affine=True)
                                               )
                                             )
                                             (3): TransformerEncoderLayer(
                                               (self_attn): MultiheadAttention(
                                                 (out_proj): Linear(in_features=300, out_features=300, bias=True)
                                               )
                                               (fc1): Linear(in_features=300, out_features=1200, bias=True)
                                               (fc2): Linear(in_features=1200, out_features=300, bias=True)
                                               (layer_norms): ModuleList(
                                                 (0): LayerNorm((300,), eps=1e-05, elementwise_affine=True)
                                                 (1): LayerNorm((300,), eps=1e-05, elementwise_affine=True)
                                               )
                                             )
                                           )
                                           (layer_norm): LayerNorm((300,), eps=1e-05, elementwise_affine=True)
                                         )
                                         (trans_l_with_v2a): TransformerEncoder(
                                           (embed_positions): SinusoidalPositionalEmbedding()
                                           (layers): ModuleList(
                                             (0): TransformerEncoderLayer(
                                               (self_attn): MultiheadAttention(
                                                 (out_proj): Linear(in_features=300, out_features=300, bias=True)
                                               )
                                               (fc1): Linear(in_features=300, out_features=1200, bias=True)
                                               (fc2): Linear(in_features=1200, out_features=300, bias=True)
                                               (layer_norms): ModuleList(
                                                 (0): LayerNorm((300,), eps=1e-05, elementwise_affine=True)
                                                 (1): LayerNorm((300,), eps=1e-05, elementwise_affine=True)
                                               )
                                             )
                                             (1): TransformerEncoderLayer(
                                               (self_attn): MultiheadAttention(
                                                 (out_proj): Linear(in_features=300, out_features=300, bias=True)
                                               )
                                               (fc1): Linear(in_features=300, out_features=1200, bias=True)
                                               (fc2): Linear(in_features=1200, out_features=300, bias=True)
                                               (layer_norms): ModuleList(
                                                 (0): LayerNorm((300,), eps=1e-05, elementwise_affine=True)
                                                 (1): LayerNorm((300,), eps=1e-05, elementwise_affine=True)
                                               )
                                             )
                                             (2): TransformerEncoderLayer(
                                               (self_attn): MultiheadAttention(
                                                 (out_proj): Linear(in_features=300, out_features=300, bias=True)
                                               )
                                               (fc1): Linear(in_features=300, out_features=1200, bias=True)
                                               (fc2): Linear(in_features=1200, out_features=300, bias=True)
                                               (layer_norms): ModuleList(
                                                 (0): LayerNorm((300,), eps=1e-05, elementwise_affine=True)
                                                 (1): LayerNorm((300,), eps=1e-05, elementwise_affine=True)
                                               )
                                             )
                                             (3): TransformerEncoderLayer(
                                               (self_attn): MultiheadAttention(
                                                 (out_proj): Linear(in_features=300, out_features=300, bias=True)
                                               )
                                               (fc1): Linear(in_features=300, out_features=1200, bias=True)
                                               (fc2): Linear(in_features=1200, out_features=300, bias=True)
                                               (layer_norms): ModuleList(
                                                 (0): LayerNorm((300,), eps=1e-05, elementwise_affine=True)
                                                 (1): LayerNorm((300,), eps=1e-05, elementwise_affine=True)
                                               )
                                             )
                                           )
                                           (layer_norm): LayerNorm((300,), eps=1e-05, elementwise_affine=True)
                                         )
                                         (trans_l_with_a2v): TransformerEncoder(
                                           (embed_positions): SinusoidalPositionalEmbedding()
                                           (layers): ModuleList(
                                             (0): TransformerEncoderLayer(
                                               (self_attn): MultiheadAttention(
                                                 (out_proj): Linear(in_features=300, out_features=300, bias=True)
                                               )
                                               (fc1): Linear(in_features=300, out_features=1200, bias=True)
                                               (fc2): Linear(in_features=1200, out_features=300, bias=True)
                                               (layer_norms): ModuleList(
                                                 (0): LayerNorm((300,), eps=1e-05, elementwise_affine=True)
                                                 (1): LayerNorm((300,), eps=1e-05, elementwise_affine=True)
                                               )
                                             )
                                             (1): TransformerEncoderLayer(
                                               (self_attn): MultiheadAttention(
                                                 (out_proj): Linear(in_features=300, out_features=300, bias=True)
                                               )
                                               (fc1): Linear(in_features=300, out_features=1200, bias=True)
                                               (fc2): Linear(in_features=1200, out_features=300, bias=True)
                                               (layer_norms): ModuleList(
                                                 (0): LayerNorm((300,), eps=1e-05, elementwise_affine=True)
                                                 (1): LayerNorm((300,), eps=1e-05, elementwise_affine=True)
                                               )
                                             )
                                             (2): TransformerEncoderLayer(
                                               (self_attn): MultiheadAttention(
                                                 (out_proj): Linear(in_features=300, out_features=300, bias=True)
                                               )
                                               (fc1): Linear(in_features=300, out_features=1200, bias=True)
                                               (fc2): Linear(in_features=1200, out_features=300, bias=True)
                                               (layer_norms): ModuleList(
                                                 (0): LayerNorm((300,), eps=1e-05, elementwise_affine=True)
                                                 (1): LayerNorm((300,), eps=1e-05, elementwise_affine=True)
                                               )
                                             )
                                             (3): TransformerEncoderLayer(
                                               (self_attn): MultiheadAttention(
                                                 (out_proj): Linear(in_features=300, out_features=300, bias=True)
                                               )
                                               (fc1): Linear(in_features=300, out_features=1200, bias=True)
                                               (fc2): Linear(in_features=1200, out_features=300, bias=True)
                                               (layer_norms): ModuleList(
                                                 (0): LayerNorm((300,), eps=1e-05, elementwise_affine=True)
                                                 (1): LayerNorm((300,), eps=1e-05, elementwise_affine=True)
                                               )
                                             )
                                           )
                                           (layer_norm): LayerNorm((300,), eps=1e-05, elementwise_affine=True)
                                         )
                                         (trans_v_with_l): TransformerEncoder(
                                           (embed_positions): SinusoidalPositionalEmbedding()
                                           (layers): ModuleList(
                                             (0): TransformerEncoderLayer(
                                               (self_attn): MultiheadAttention(
                                                 (out_proj): Linear(in_features=300, out_features=300, bias=True)
                                               )
                                               (fc1): Linear(in_features=300, out_features=1200, bias=True)
                                               (fc2): Linear(in_features=1200, out_features=300, bias=True)
                                               (layer_norms): ModuleList(
                                                 (0): LayerNorm((300,), eps=1e-05, elementwise_affine=True)
                                                 (1): LayerNorm((300,), eps=1e-05, elementwise_affine=True)
                                               )
                                             )
                                             (1): TransformerEncoderLayer(
                                               (self_attn): MultiheadAttention(
                                                 (out_proj): Linear(in_features=300, out_features=300, bias=True)
                                               )
                                               (fc1): Linear(in_features=300, out_features=1200, bias=True)
                                               (fc2): Linear(in_features=1200, out_features=300, bias=True)
                                               (layer_norms): ModuleList(
                                                 (0): LayerNorm((300,), eps=1e-05, elementwise_affine=True)
                                                 (1): LayerNorm((300,), eps=1e-05, elementwise_affine=True)
                                               )
                                             )
                                             (2): TransformerEncoderLayer(
                                               (self_attn): MultiheadAttention(
                                                 (out_proj): Linear(in_features=300, out_features=300, bias=True)
                                               )
                                               (fc1): Linear(in_features=300, out_features=1200, bias=True)
                                               (fc2): Linear(in_features=1200, out_features=300, bias=True)
                                               (layer_norms): ModuleList(
                                                 (0): LayerNorm((300,), eps=1e-05, elementwise_affine=True)
                                                 (1): LayerNorm((300,), eps=1e-05, elementwise_affine=True)
                                               )
                                             )
                                             (3): TransformerEncoderLayer(
                                               (self_attn): MultiheadAttention(
                                                 (out_proj): Linear(in_features=300, out_features=300, bias=True)
                                               )
                                               (fc1): Linear(in_features=300, out_features=1200, bias=True)
                                               (fc2): Linear(in_features=1200, out_features=300, bias=True)
                                               (layer_norms): ModuleList(
                                                 (0): LayerNorm((300,), eps=1e-05, elementwise_affine=True)
                                                 (1): LayerNorm((300,), eps=1e-05, elementwise_affine=True)
                                               )
                                             )
                                           )
                                           (layer_norm): LayerNorm((300,), eps=1e-05, elementwise_affine=True)
                                         )
                                         (trans_v_with_a): TransformerEncoder(
                                           (embed_positions): SinusoidalPositionalEmbedding()
                                           (layers): ModuleList(
                                             (0): TransformerEncoderLayer(
                                               (self_attn): MultiheadAttention(
                                                 (out_proj): Linear(in_features=300, out_features=300, bias=True)
                                               )
                                               (fc1): Linear(in_features=300, out_features=1200, bias=True)
                                               (fc2): Linear(in_features=1200, out_features=300, bias=True)
                                               (layer_norms): ModuleList(
                                                 (0): LayerNorm((300,), eps=1e-05, elementwise_affine=True)
                                                 (1): LayerNorm((300,), eps=1e-05, elementwise_affine=True)
                                               )
                                             )
                                             (1): TransformerEncoderLayer(
                                               (self_attn): MultiheadAttention(
                                                 (out_proj): Linear(in_features=300, out_features=300, bias=True)
                                               )
                                               (fc1): Linear(in_features=300, out_features=1200, bias=True)
                                               (fc2): Linear(in_features=1200, out_features=300, bias=True)
                                               (layer_norms): ModuleList(
                                                 (0): LayerNorm((300,), eps=1e-05, elementwise_affine=True)
                                                 (1): LayerNorm((300,), eps=1e-05, elementwise_affine=True)
                                               )
                                             )
                                             (2): TransformerEncoderLayer(
                                               (self_attn): MultiheadAttention(
                                                 (out_proj): Linear(in_features=300, out_features=300, bias=True)
                                               )
                                               (fc1): Linear(in_features=300, out_features=1200, bias=True)
                                               (fc2): Linear(in_features=1200, out_features=300, bias=True)
                                               (layer_norms): ModuleList(
                                                 (0): LayerNorm((300,), eps=1e-05, elementwise_affine=True)
                                                 (1): LayerNorm((300,), eps=1e-05, elementwise_affine=True)
                                               )
                                             )
                                             (3): TransformerEncoderLayer(
                                               (self_attn): MultiheadAttention(
                                                 (out_proj): Linear(in_features=300, out_features=300, bias=True)
                                               )
                                               (fc1): Linear(in_features=300, out_features=1200, bias=True)
                                               (fc2): Linear(in_features=1200, out_features=300, bias=True)
                                               (layer_norms): ModuleList(
                                                 (0): LayerNorm((300,), eps=1e-05, elementwise_affine=True)
                                                 (1): LayerNorm((300,), eps=1e-05, elementwise_affine=True)
                                               )
                                             )
                                           )
                                           (layer_norm): LayerNorm((300,), eps=1e-05, elementwise_affine=True)
                                         )
                                         (trans_v_with_l2a): TransformerEncoder(
                                           (embed_positions): SinusoidalPositionalEmbedding()
                                           (layers): ModuleList(
                                             (0): TransformerEncoderLayer(
                                               (self_attn): MultiheadAttention(
                                                 (out_proj): Linear(in_features=300, out_features=300, bias=True)
                                               )
                                               (fc1): Linear(in_features=300, out_features=1200, bias=True)
                                               (fc2): Linear(in_features=1200, out_features=300, bias=True)
                                               (layer_norms): ModuleList(
                                                 (0): LayerNorm((300,), eps=1e-05, elementwise_affine=True)
                                                 (1): LayerNorm((300,), eps=1e-05, elementwise_affine=True)
                                               )
                                             )
                                             (1): TransformerEncoderLayer(
                                               (self_attn): MultiheadAttention(
                                                 (out_proj): Linear(in_features=300, out_features=300, bias=True)
                                               )
                                               (fc1): Linear(in_features=300, out_features=1200, bias=True)
                                               (fc2): Linear(in_features=1200, out_features=300, bias=True)
                                               (layer_norms): ModuleList(
                                                 (0): LayerNorm((300,), eps=1e-05, elementwise_affine=True)
                                                 (1): LayerNorm((300,), eps=1e-05, elementwise_affine=True)
                                               )
                                             )
                                             (2): TransformerEncoderLayer(
                                               (self_attn): MultiheadAttention(
                                                 (out_proj): Linear(in_features=300, out_features=300, bias=True)
                                               )
                                               (fc1): Linear(in_features=300, out_features=1200, bias=True)
                                               (fc2): Linear(in_features=1200, out_features=300, bias=True)
                                               (layer_norms): ModuleList(
                                                 (0): LayerNorm((300,), eps=1e-05, elementwise_affine=True)
                                                 (1): LayerNorm((300,), eps=1e-05, elementwise_affine=True)
                                               )
                                             )
                                             (3): TransformerEncoderLayer(
                                               (self_attn): MultiheadAttention(
                                                 (out_proj): Linear(in_features=300, out_features=300, bias=True)
                                               )
                                               (fc1): Linear(in_features=300, out_features=1200, bias=True)
                                               (fc2): Linear(in_features=1200, out_features=300, bias=True)
                                               (layer_norms): ModuleList(
                                                 (0): LayerNorm((300,), eps=1e-05, elementwise_affine=True)
                                                 (1): LayerNorm((300,), eps=1e-05, elementwise_affine=True)
                                               )
                                             )
                                           )
                                           (layer_norm): LayerNorm((300,), eps=1e-05, elementwise_affine=True)
                                         )
                                         (trans_v_with_a2l): TransformerEncoder(
                                           (embed_positions): SinusoidalPositionalEmbedding()
                                           (layers): ModuleList(
                                             (0): TransformerEncoderLayer(
                                               (self_attn): MultiheadAttention(
                                                 (out_proj): Linear(in_features=300, out_features=300, bias=True)
                                               )
                                               (fc1): Linear(in_features=300, out_features=1200, bias=True)
                                               (fc2): Linear(in_features=1200, out_features=300, bias=True)
                                               (layer_norms): ModuleList(
                                                 (0): LayerNorm((300,), eps=1e-05, elementwise_affine=True)
                                                 (1): LayerNorm((300,), eps=1e-05, elementwise_affine=True)
                                               )
                                             )
                                             (1): TransformerEncoderLayer(
                                               (self_attn): MultiheadAttention(
                                                 (out_proj): Linear(in_features=300, out_features=300, bias=True)
                                               )
                                               (fc1): Linear(in_features=300, out_features=1200, bias=True)
                                               (fc2): Linear(in_features=1200, out_features=300, bias=True)
                                               (layer_norms): ModuleList(
                                                 (0): LayerNorm((300,), eps=1e-05, elementwise_affine=True)
                                                 (1): LayerNorm((300,), eps=1e-05, elementwise_affine=True)
                                               )
                                             )
                                             (2): TransformerEncoderLayer(
                                               (self_attn): MultiheadAttention(
                                                 (out_proj): Linear(in_features=300, out_features=300, bias=True)
                                               )
                                               (fc1): Linear(in_features=300, out_features=1200, bias=True)
                                               (fc2): Linear(in_features=1200, out_features=300, bias=True)
                                               (layer_norms): ModuleList(
                                                 (0): LayerNorm((300,), eps=1e-05, elementwise_affine=True)
                                                 (1): LayerNorm((300,), eps=1e-05, elementwise_affine=True)
                                               )
                                             )
                                             (3): TransformerEncoderLayer(
                                               (self_attn): MultiheadAttention(
                                                 (out_proj): Linear(in_features=300, out_features=300, bias=True)
                                               )
                                               (fc1): Linear(in_features=300, out_features=1200, bias=True)
                                               (fc2): Linear(in_features=1200, out_features=300, bias=True)
                                               (layer_norms): ModuleList(
                                                 (0): LayerNorm((300,), eps=1e-05, elementwise_affine=True)
                                                 (1): LayerNorm((300,), eps=1e-05, elementwise_affine=True)
                                               )
                                             )
                                           )
                                           (layer_norm): LayerNorm((300,), eps=1e-05, elementwise_affine=True)
                                         )
                                         (trans_a_with_l): TransformerEncoder(
                                           (embed_positions): SinusoidalPositionalEmbedding()
                                           (layers): ModuleList(
                                             (0): TransformerEncoderLayer(
                                               (self_attn): MultiheadAttention(
                                                 (out_proj): Linear(in_features=300, out_features=300, bias=True)
                                               )
                                               (fc1): Linear(in_features=300, out_features=1200, bias=True)
                                               (fc2): Linear(in_features=1200, out_features=300, bias=True)
                                               (layer_norms): ModuleList(
                                                 (0): LayerNorm((300,), eps=1e-05, elementwise_affine=True)
                                                 (1): LayerNorm((300,), eps=1e-05, elementwise_affine=True)
                                               )
                                             )
                                             (1): TransformerEncoderLayer(
                                               (self_attn): MultiheadAttention(
                                                 (out_proj): Linear(in_features=300, out_features=300, bias=True)
                                               )
                                               (fc1): Linear(in_features=300, out_features=1200, bias=True)
                                               (fc2): Linear(in_features=1200, out_features=300, bias=True)
                                               (layer_norms): ModuleList(
                                                 (0): LayerNorm((300,), eps=1e-05, elementwise_affine=True)
                                                 (1): LayerNorm((300,), eps=1e-05, elementwise_affine=True)
                                               )
                                             )
                                             (2): TransformerEncoderLayer(
                                               (self_attn): MultiheadAttention(
                                                 (out_proj): Linear(in_features=300, out_features=300, bias=True)
                                               )
                                               (fc1): Linear(in_features=300, out_features=1200, bias=True)
                                               (fc2): Linear(in_features=1200, out_features=300, bias=True)
                                               (layer_norms): ModuleList(
                                                 (0): LayerNorm((300,), eps=1e-05, elementwise_affine=True)
                                                 (1): LayerNorm((300,), eps=1e-05, elementwise_affine=True)
                                               )
                                             )
                                             (3): TransformerEncoderLayer(
                                               (self_attn): MultiheadAttention(
                                                 (out_proj): Linear(in_features=300, out_features=300, bias=True)
                                               )
                                               (fc1): Linear(in_features=300, out_features=1200, bias=True)
                                               (fc2): Linear(in_features=1200, out_features=300, bias=True)
                                               (layer_norms): ModuleList(
                                                 (0): LayerNorm((300,), eps=1e-05, elementwise_affine=True)
                                                 (1): LayerNorm((300,), eps=1e-05, elementwise_affine=True)
                                               )
                                             )
                                           )
                                           (layer_norm): LayerNorm((300,), eps=1e-05, elementwise_affine=True)
                                         )
                                         (trans_a_with_v): TransformerEncoder(
                                           (embed_positions): SinusoidalPositionalEmbedding()
                                           (layers): ModuleList(
                                             (0): TransformerEncoderLayer(
                                               (self_attn): MultiheadAttention(
                                                 (out_proj): Linear(in_features=300, out_features=300, bias=True)
                                               )
                                               (fc1): Linear(in_features=300, out_features=1200, bias=True)
                                               (fc2): Linear(in_features=1200, out_features=300, bias=True)
                                               (layer_norms): ModuleList(
                                                 (0): LayerNorm((300,), eps=1e-05, elementwise_affine=True)
                                                 (1): LayerNorm((300,), eps=1e-05, elementwise_affine=True)
                                               )
                                             )
                                             (1): TransformerEncoderLayer(
                                               (self_attn): MultiheadAttention(
                                                 (out_proj): Linear(in_features=300, out_features=300, bias=True)
                                               )
                                               (fc1): Linear(in_features=300, out_features=1200, bias=True)
                                               (fc2): Linear(in_features=1200, out_features=300, bias=True)
                                               (layer_norms): ModuleList(
                                                 (0): LayerNorm((300,), eps=1e-05, elementwise_affine=True)
                                                 (1): LayerNorm((300,), eps=1e-05, elementwise_affine=True)
                                               )
                                             )
                                             (2): TransformerEncoderLayer(
                                               (self_attn): MultiheadAttention(
                                                 (out_proj): Linear(in_features=300, out_features=300, bias=True)
                                               )
                                               (fc1): Linear(in_features=300, out_features=1200, bias=True)
                                               (fc2): Linear(in_features=1200, out_features=300, bias=True)
                                               (layer_norms): ModuleList(
                                                 (0): LayerNorm((300,), eps=1e-05, elementwise_affine=True)
                                                 (1): LayerNorm((300,), eps=1e-05, elementwise_affine=True)
                                               )
                                             )
                                             (3): TransformerEncoderLayer(
                                               (self_attn): MultiheadAttention(
                                                 (out_proj): Linear(in_features=300, out_features=300, bias=True)
                                               )
                                               (fc1): Linear(in_features=300, out_features=1200, bias=True)
                                               (fc2): Linear(in_features=1200, out_features=300, bias=True)
                                               (layer_norms): ModuleList(
                                                 (0): LayerNorm((300,), eps=1e-05, elementwise_affine=True)
                                                 (1): LayerNorm((300,), eps=1e-05, elementwise_affine=True)
                                               )
                                             )
                                           )
                                           (layer_norm): LayerNorm((300,), eps=1e-05, elementwise_affine=True)
                                         )
                                         (trans_a_with_v2l): TransformerEncoder(
                                           (embed_positions): SinusoidalPositionalEmbedding()
                                           (layers): ModuleList(
                                             (0): TransformerEncoderLayer(
                                               (self_attn): MultiheadAttention(
                                                 (out_proj): Linear(in_features=300, out_features=300, bias=True)
                                               )
                                               (fc1): Linear(in_features=300, out_features=1200, bias=True)
                                               (fc2): Linear(in_features=1200, out_features=300, bias=True)
                                               (layer_norms): ModuleList(
                                                 (0): LayerNorm((300,), eps=1e-05, elementwise_affine=True)
                                                 (1): LayerNorm((300,), eps=1e-05, elementwise_affine=True)
                                               )
                                             )
                                             (1): TransformerEncoderLayer(
                                               (self_attn): MultiheadAttention(
                                                 (out_proj): Linear(in_features=300, out_features=300, bias=True)
                                               )
                                               (fc1): Linear(in_features=300, out_features=1200, bias=True)
                                               (fc2): Linear(in_features=1200, out_features=300, bias=True)
                                               (layer_norms): ModuleList(
                                                 (0): LayerNorm((300,), eps=1e-05, elementwise_affine=True)
                                                 (1): LayerNorm((300,), eps=1e-05, elementwise_affine=True)
                                               )
                                             )
                                             (2): TransformerEncoderLayer(
                                               (self_attn): MultiheadAttention(
                                                 (out_proj): Linear(in_features=300, out_features=300, bias=True)
                                               )
                                               (fc1): Linear(in_features=300, out_features=1200, bias=True)
                                               (fc2): Linear(in_features=1200, out_features=300, bias=True)
                                               (layer_norms): ModuleList(
                                                 (0): LayerNorm((300,), eps=1e-05, elementwise_affine=True)
                                                 (1): LayerNorm((300,), eps=1e-05, elementwise_affine=True)
                                               )
                                             )
                                             (3): TransformerEncoderLayer(
                                               (self_attn): MultiheadAttention(
                                                 (out_proj): Linear(in_features=300, out_features=300, bias=True)
                                               )
                                               (fc1): Linear(in_features=300, out_features=1200, bias=True)
                                               (fc2): Linear(in_features=1200, out_features=300, bias=True)
                                               (layer_norms): ModuleList(
                                                 (0): LayerNorm((300,), eps=1e-05, elementwise_affine=True)
                                                 (1): LayerNorm((300,), eps=1e-05, elementwise_affine=True)
                                               )
                                             )
                                           )
                                           (layer_norm): LayerNorm((300,), eps=1e-05, elementwise_affine=True)
                                         )
                                         (trans_a_with_l2v): TransformerEncoder(
                                           (embed_positions): SinusoidalPositionalEmbedding()
                                           (layers): ModuleList(
                                             (0): TransformerEncoderLayer(
                                               (self_attn): MultiheadAttention(
                                                 (out_proj): Linear(in_features=300, out_features=300, bias=True)
                                               )
                                               (fc1): Linear(in_features=300, out_features=1200, bias=True)
                                               (fc2): Linear(in_features=1200, out_features=300, bias=True)
                                               (layer_norms): ModuleList(
                                                 (0): LayerNorm((300,), eps=1e-05, elementwise_affine=True)
                                                 (1): LayerNorm((300,), eps=1e-05, elementwise_affine=True)
                                               )
                                             )
                                             (1): TransformerEncoderLayer(
                                               (self_attn): MultiheadAttention(
                                                 (out_proj): Linear(in_features=300, out_features=300, bias=True)
                                               )
                                               (fc1): Linear(in_features=300, out_features=1200, bias=True)
                                               (fc2): Linear(in_features=1200, out_features=300, bias=True)
                                               (layer_norms): ModuleList(
                                                 (0): LayerNorm((300,), eps=1e-05, elementwise_affine=True)
                                                 (1): LayerNorm((300,), eps=1e-05, elementwise_affine=True)
                                               )
                                             )
                                             (2): TransformerEncoderLayer(
                                               (self_attn): MultiheadAttention(
                                                 (out_proj): Linear(in_features=300, out_features=300, bias=True)
                                               )
                                               (fc1): Linear(in_features=300, out_features=1200, bias=True)
                                               (fc2): Linear(in_features=1200, out_features=300, bias=True)
                                               (layer_norms): ModuleList(
                                                 (0): LayerNorm((300,), eps=1e-05, elementwise_affine=True)
                                                 (1): LayerNorm((300,), eps=1e-05, elementwise_affine=True)
                                               )
                                             )
                                             (3): TransformerEncoderLayer(
                                               (self_attn): MultiheadAttention(
                                                 (out_proj): Linear(in_features=300, out_features=300, bias=True)
                                               )
                                               (fc1): Linear(in_features=300, out_features=1200, bias=True)
                                               (fc2): Linear(in_features=1200, out_features=300, bias=True)
                                               (layer_norms): ModuleList(
                                                 (0): LayerNorm((300,), eps=1e-05, elementwise_affine=True)
                                                 (1): LayerNorm((300,), eps=1e-05, elementwise_affine=True)
                                               )
                                             )
                                           )
                                           (layer_norm): LayerNorm((300,), eps=1e-05, elementwise_affine=True)
                                         )
                                         (proj1): Linear(in_features=300, out_features=300, bias=True)
                                         (proj2): Linear(in_features=300, out_features=300, bias=True)
                                         (out_layer): Linear(in_features=300, out_features=6, bias=True)
                                         (gmu): TextShifting3Layer(
                                           (hidden1): Linear(in_features=300, out_features=300, bias=False)
                                           (hidden2): Linear(in_features=300, out_features=300, bias=False)
                                           (hidden3): Linear(in_features=300, out_features=300, bias=False)
                                           (x1_gate): Linear(in_features=900, out_features=300, bias=False)
                                           (x2_gate): Linear(in_features=900, out_features=300, bias=False)
                                           (x3_gate): Linear(in_features=900, out_features=300, bias=False)
                                         )
                                         (transfm_a2l): Linear(in_features=500, out_features=512, bias=True)
                                         (transfm_v2l): Linear(in_features=500, out_features=512, bias=True)
                                         (transfm_l2a): Linear(in_features=512, out_features=500, bias=True)
                                         (transfm_l2v): Linear(in_features=512, out_features=500, bias=True)
                                       )
                                     )
INFO - 04/29/22 01:42:56 - 0:00:00 - Training..
INFO - 04/29/22 01:55:55 - 0:12:59 - Train Loss: 0.0688
INFO - 04/29/22 01:55:55 - 0:12:59 - Val: Loss: 1.06455
                                     |    Anger   |   Disgust  |    Fear    |    Happy   |     Sad    |  Surprise  |   Average  | APS_micro
                                       WA: 65.054 | WA: 63.993 | WA: 62.803 | WA: 75.564 | WA: 62.978 | WA: 64.388 | WA: 65.797 | APS: 65.797
                                       F1: 23.890 | F1: 73.671 | F1: 50.168 | F1: 48.769 | F1: 37.669 | F1: 30.286 | F1: 44.075
INFO - 04/29/22 02:09:12 - 0:26:16 - Train Loss: 0.0617
INFO - 04/29/22 02:09:12 - 0:26:16 - Val: Loss: 1.05479
                                     |    Anger   |   Disgust  |    Fear    |    Happy   |     Sad    |  Surprise  |   Average  | APS_micro
                                       WA: 63.711 | WA: 66.015 | WA: 64.670 | WA: 74.616 | WA: 63.277 | WA: 69.027 | WA: 66.886 | APS: 66.886
                                       F1: 23.188 | F1: 73.205 | F1: 51.401 | F1: 45.065 | F1: 38.378 | F1: 31.458 | F1: 43.783
INFO - 04/29/22 02:22:24 - 0:39:28 - Train Loss: 0.0559
INFO - 04/29/22 02:22:24 - 0:39:28 - Val: Loss: 1.08841
                                     |    Anger   |   Disgust  |    Fear    |    Happy   |     Sad    |  Surprise  |   Average  | APS_micro
                                       WA: 66.509 | WA: 66.430 | WA: 64.737 | WA: 75.277 | WA: 62.518 | WA: 66.794 | WA: 67.044 | APS: 67.044
                                       F1: 25.411 | F1: 73.794 | F1: 51.484 | F1: 46.362 | F1: 37.543 | F1: 28.753 | F1: 43.891
INFO - 04/29/22 02:35:44 - 0:52:48 - Train Loss: 0.0489
INFO - 04/29/22 02:35:44 - 0:52:48 - Val: Loss: 1.27684
                                     |    Anger   |   Disgust  |    Fear    |    Happy   |     Sad    |  Surprise  |   Average  | APS_micro
                                       WA: 68.289 | WA: 67.029 | WA: 65.966 | WA: 73.736 | WA: 63.142 | WA: 63.579 | WA: 66.957 | APS: 66.957
                                       F1: 27.719 | F1: 72.834 | F1: 52.520 | F1: 48.813 | F1: 38.634 | F1: 32.233 | F1: 45.459
INFO - 04/29/22 02:48:52 - 1:05:56 - Train Loss: 0.0414
INFO - 04/29/22 02:48:52 - 1:05:56 - Val: Loss: 1.42474
                                     |    Anger   |   Disgust  |    Fear    |    Happy   |     Sad    |  Surprise  |   Average  | APS_micro
                                       WA: 66.825 | WA: 68.392 | WA: 62.529 | WA: 73.974 | WA: 62.127 | WA: 60.145 | WA: 65.665 | APS: 65.665
                                       F1: 26.407 | F1: 71.958 | F1: 50.028 | F1: 47.736 | F1: 37.162 | F1: 28.440 | F1: 43.622
INFO - 04/29/22 03:02:06 - 1:19:10 - Train Loss: 0.0354
INFO - 04/29/22 03:02:06 - 1:19:10 - Val: Loss: 1.73701
                                     |    Anger   |   Disgust  |    Fear    |    Happy   |     Sad    |  Surprise  |   Average  | APS_micro
                                       WA: 59.688 | WA: 66.523 | WA: 63.922 | WA: 73.359 | WA: 62.515 | WA: 61.962 | WA: 64.661 | APS: 64.661
                                       F1: 23.491 | F1: 69.238 | F1: 50.907 | F1: 48.533 | F1: 37.920 | F1: 30.453 | F1: 43.424
INFO - 04/29/22 03:15:16 - 1:32:21 - Train Loss: 0.0286
INFO - 04/29/22 03:15:16 - 1:32:21 - Val: Loss: 1.95663
                                     |    Anger   |   Disgust  |    Fear    |    Happy   |     Sad    |  Surprise  |   Average  | APS_micro
                                       WA: 62.544 | WA: 64.553 | WA: 65.444 | WA: 71.437 | WA: 61.095 | WA: 64.354 | WA: 64.905 | APS: 64.905
                                       F1: 25.865 | F1: 72.261 | F1: 51.502 | F1: 48.903 | F1: 36.228 | F1: 33.080 | F1: 44.640
INFO - 04/29/22 03:28:31 - 1:45:35 - Train Loss: 0.0245
INFO - 04/29/22 03:28:31 - 1:45:35 - Val: Loss: 2.41494
                                     |    Anger   |   Disgust  |    Fear    |    Happy   |     Sad    |  Surprise  |   Average  | APS_micro
                                       WA: 59.764 | WA: 65.942 | WA: 65.688 | WA: 70.811 | WA: 61.092 | WA: 59.247 | WA: 63.757 | APS: 63.757
                                       F1: 24.254 | F1: 71.527 | F1: 51.898 | F1: 49.164 | F1: 36.217 | F1: 27.676 | F1: 43.456
INFO - 04/29/22 03:28:38 - 1:45:42 - No improvement. Breaking out of loop.
DEBUG - 04/29/22 03:28:38 - 1:45:42 - Starting new HTTPS connection (1): s3.amazonaws.com:443
INFO - 04/29/22 03:28:43 - 1:45:47 - loading vocabulary file https://s3.amazonaws.com/models.huggingface.co/bert/bert-base-uncased-vocab.txt from cache at /home/est_posgrado_diego.moreno/.pytorch_pretrained_bert/26bc1ad6c0ac742e9b52263248f6d0f00068293b33709fae12320c0e35ccfbbb.542ce4285a40d23a559526243235df47c5f75c197f04f37d1a0c124c32c9a084
DEBUG - 04/29/22 03:28:43 - 1:45:47 - Starting new HTTPS connection (1): s3.amazonaws.com:443
INFO - 04/29/22 03:28:48 - 1:45:52 - loading vocabulary file https://s3.amazonaws.com/models.huggingface.co/bert/bert-base-uncased-vocab.txt from cache at /home/est_posgrado_diego.moreno/.pytorch_pretrained_bert/26bc1ad6c0ac742e9b52263248f6d0f00068293b33709fae12320c0e35ccfbbb.542ce4285a40d23a559526243235df47c5f75c197f04f37d1a0c124c32c9a084
DEBUG - 04/29/22 03:28:48 - 1:45:52 - Starting new HTTPS connection (1): huggingface.co:443
DEBUG - 04/29/22 03:28:53 - 1:45:57 - Starting new HTTPS connection (1): huggingface.co:443
