INFO - 09/08/21 06:24:33 - 0:00:00 - a_len: 3
                                     adapter_size: 64
                                     aonly: True
                                     attn_dropout: 0.1
                                     attn_dropout_a: 0.0
                                     attn_dropout_v: 0.0
                                     attn_mask: True
                                     batch_sz: 8
                                     bert_model: bert-base-uncased
                                     chunk_size: 100
                                     config_file: /home/est_posgrado_diego.moreno/vilbert-multi-task/config/bert_base_6layer_6conect.json
                                     data_path: /home/est_posgrado_diego.moreno/Workspace/Tesis/multimodal-transformers-movies/datasets
                                     drop_img_percent: 0.0
                                     dropout: 0.1
                                     embed_dropout: 0.25
                                     embed_sz: 300
                                     freeze_img: 0
                                     freeze_txt: 0
                                     from_pretrained: /home/est_posgrado_diego.moreno/vilbert-multi-task/save/multi_task_model.bin
                                     glove_path: /path/to/glove_embeds/glove.840B.300d.txt
                                     gradient_accumulation_steps: 16
                                     hidden: []
                                     hidden_sz: 768
                                     img_embed_pool_type: avg
                                     img_hidden_sz: 2048
                                     include_bn: True
                                     l_len: 512
                                     label_freqs: Counter({'Drama': 1803, 'Comedy': 1276, 'Thriller': 1010, 'Action': 825, 'Romance': 767, 'Fantasy': 665, 'Crime': 610, 'Sci-Fi': 424, 'Horror': 395, 'Family': 385, 'Mystery': 343, 'Biography': 207, 'Animation': 175})
                                     labels: ['Mystery', 'Thriller', 'Comedy', 'Action', 'Crime', 'Drama', 'Fantasy', 'Family', 'Horror', 'Biography', 'Romance', 'Sci-Fi', 'Animation']
                                     layers: 5
                                     lonly: True
                                     lr: 5e-05
                                     lr_factor: 0.5
                                     lr_patience: 2
                                     max_epochs: 100
                                     max_seq_len: 512
                                     model: mmtrvapt
                                     n_classes: 13
                                     n_workers: 12
                                     name: moviescope_Seed2_mmbt_model_run
                                     nlevels: 5
                                     num_heads: 6
                                     num_image_embeds: 3
                                     num_images: 8
                                     orig_d_a: 96
                                     orig_d_l: 768
                                     orig_d_m: 312
                                     orig_d_v: 4096
                                     out_dropout: 0.0
                                     output_gates: False
                                     patience: 5
                                     pooling: cls
                                     relu_dropout: 0.1
                                     res_dropout: 0.1
                                     savedir: /home/est_posgrado_diego.moreno/Workspace/Tesis/multimodal-transformers-movies/model_save_mmtr_hybrid_v4/moviescope_Seed1_mmbt_model_run/moviescope_Seed2_mmbt_model_run
                                     seed: 2
                                     task: moviescope
                                     task_type: multilabel
                                     train_data_len: 3449
                                     train_type: split
                                     trained_model_dir: 
                                     v_len: 3
                                     vision_scratch: False
                                     visual: both
                                     vocab: <mmbt.data.vocab.Vocab object at 0x7f92c6a2bd00>
                                     vocab_sz: 30522
                                     vonly: True
                                     warmup: 0.1
                                     weight_classes: 1
INFO - 09/08/21 06:24:33 - 0:00:00 - DataParallel(
                                       (module): MMTransformerGMUHybridClf(
                                         (enc): BertEncoder(
                                           (bert): BertModel(
                                             (embeddings): BertEmbeddings(
                                               (word_embeddings): Embedding(30522, 768, padding_idx=0)
                                               (position_embeddings): Embedding(512, 768)
                                               (token_type_embeddings): Embedding(2, 768)
                                               (LayerNorm): LayerNorm((768,), eps=1e-12, elementwise_affine=True)
                                               (dropout): Dropout(p=0.1, inplace=False)
                                             )
                                             (encoder): BertEncoder(
                                               (layer): ModuleList(
                                                 (0): BertLayer(
                                                   (attention): BertAttention(
                                                     (self): BertSelfAttention(
                                                       (query): Linear(in_features=768, out_features=768, bias=True)
                                                       (key): Linear(in_features=768, out_features=768, bias=True)
                                                       (value): Linear(in_features=768, out_features=768, bias=True)
                                                       (dropout): Dropout(p=0.1, inplace=False)
                                                     )
                                                     (output): BertSelfOutput(
                                                       (dense): Linear(in_features=768, out_features=768, bias=True)
                                                       (LayerNorm): LayerNorm((768,), eps=1e-12, elementwise_affine=True)
                                                       (dropout): Dropout(p=0.1, inplace=False)
                                                       (attention_text_task_adapters): ModuleDict()
                                                       (adapter_fusion_layer): ModuleDict()
                                                       (attention_text_lang_adapters): ModuleDict()
                                                     )
                                                   )
                                                   (intermediate): BertIntermediate(
                                                     (dense): Linear(in_features=768, out_features=3072, bias=True)
                                                   )
                                                   (output): BertOutput(
                                                     (dense): Linear(in_features=3072, out_features=768, bias=True)
                                                     (LayerNorm): LayerNorm((768,), eps=1e-12, elementwise_affine=True)
                                                     (dropout): Dropout(p=0.1, inplace=False)
                                                     (adapter_fusion_layer): ModuleDict()
                                                     (layer_text_task_adapters): ModuleDict()
                                                     (layer_text_lang_adapters): ModuleDict()
                                                   )
                                                 )
                                                 (1): BertLayer(
                                                   (attention): BertAttention(
                                                     (self): BertSelfAttention(
                                                       (query): Linear(in_features=768, out_features=768, bias=True)
                                                       (key): Linear(in_features=768, out_features=768, bias=True)
                                                       (value): Linear(in_features=768, out_features=768, bias=True)
                                                       (dropout): Dropout(p=0.1, inplace=False)
                                                     )
                                                     (output): BertSelfOutput(
                                                       (dense): Linear(in_features=768, out_features=768, bias=True)
                                                       (LayerNorm): LayerNorm((768,), eps=1e-12, elementwise_affine=True)
                                                       (dropout): Dropout(p=0.1, inplace=False)
                                                       (attention_text_task_adapters): ModuleDict()
                                                       (adapter_fusion_layer): ModuleDict()
                                                       (attention_text_lang_adapters): ModuleDict()
                                                     )
                                                   )
                                                   (intermediate): BertIntermediate(
                                                     (dense): Linear(in_features=768, out_features=3072, bias=True)
                                                   )
                                                   (output): BertOutput(
                                                     (dense): Linear(in_features=3072, out_features=768, bias=True)
                                                     (LayerNorm): LayerNorm((768,), eps=1e-12, elementwise_affine=True)
                                                     (dropout): Dropout(p=0.1, inplace=False)
                                                     (adapter_fusion_layer): ModuleDict()
                                                     (layer_text_task_adapters): ModuleDict()
                                                     (layer_text_lang_adapters): ModuleDict()
                                                   )
                                                 )
                                                 (2): BertLayer(
                                                   (attention): BertAttention(
                                                     (self): BertSelfAttention(
                                                       (query): Linear(in_features=768, out_features=768, bias=True)
                                                       (key): Linear(in_features=768, out_features=768, bias=True)
                                                       (value): Linear(in_features=768, out_features=768, bias=True)
                                                       (dropout): Dropout(p=0.1, inplace=False)
                                                     )
                                                     (output): BertSelfOutput(
                                                       (dense): Linear(in_features=768, out_features=768, bias=True)
                                                       (LayerNorm): LayerNorm((768,), eps=1e-12, elementwise_affine=True)
                                                       (dropout): Dropout(p=0.1, inplace=False)
                                                       (attention_text_task_adapters): ModuleDict()
                                                       (adapter_fusion_layer): ModuleDict()
                                                       (attention_text_lang_adapters): ModuleDict()
                                                     )
                                                   )
                                                   (intermediate): BertIntermediate(
                                                     (dense): Linear(in_features=768, out_features=3072, bias=True)
                                                   )
                                                   (output): BertOutput(
                                                     (dense): Linear(in_features=3072, out_features=768, bias=True)
                                                     (LayerNorm): LayerNorm((768,), eps=1e-12, elementwise_affine=True)
                                                     (dropout): Dropout(p=0.1, inplace=False)
                                                     (adapter_fusion_layer): ModuleDict()
                                                     (layer_text_task_adapters): ModuleDict()
                                                     (layer_text_lang_adapters): ModuleDict()
                                                   )
                                                 )
                                                 (3): BertLayer(
                                                   (attention): BertAttention(
                                                     (self): BertSelfAttention(
                                                       (query): Linear(in_features=768, out_features=768, bias=True)
                                                       (key): Linear(in_features=768, out_features=768, bias=True)
                                                       (value): Linear(in_features=768, out_features=768, bias=True)
                                                       (dropout): Dropout(p=0.1, inplace=False)
                                                     )
                                                     (output): BertSelfOutput(
                                                       (dense): Linear(in_features=768, out_features=768, bias=True)
                                                       (LayerNorm): LayerNorm((768,), eps=1e-12, elementwise_affine=True)
                                                       (dropout): Dropout(p=0.1, inplace=False)
                                                       (attention_text_task_adapters): ModuleDict()
                                                       (adapter_fusion_layer): ModuleDict()
                                                       (attention_text_lang_adapters): ModuleDict()
                                                     )
                                                   )
                                                   (intermediate): BertIntermediate(
                                                     (dense): Linear(in_features=768, out_features=3072, bias=True)
                                                   )
                                                   (output): BertOutput(
                                                     (dense): Linear(in_features=3072, out_features=768, bias=True)
                                                     (LayerNorm): LayerNorm((768,), eps=1e-12, elementwise_affine=True)
                                                     (dropout): Dropout(p=0.1, inplace=False)
                                                     (adapter_fusion_layer): ModuleDict()
                                                     (layer_text_task_adapters): ModuleDict()
                                                     (layer_text_lang_adapters): ModuleDict()
                                                   )
                                                 )
                                                 (4): BertLayer(
                                                   (attention): BertAttention(
                                                     (self): BertSelfAttention(
                                                       (query): Linear(in_features=768, out_features=768, bias=True)
                                                       (key): Linear(in_features=768, out_features=768, bias=True)
                                                       (value): Linear(in_features=768, out_features=768, bias=True)
                                                       (dropout): Dropout(p=0.1, inplace=False)
                                                     )
                                                     (output): BertSelfOutput(
                                                       (dense): Linear(in_features=768, out_features=768, bias=True)
                                                       (LayerNorm): LayerNorm((768,), eps=1e-12, elementwise_affine=True)
                                                       (dropout): Dropout(p=0.1, inplace=False)
                                                       (attention_text_task_adapters): ModuleDict()
                                                       (adapter_fusion_layer): ModuleDict()
                                                       (attention_text_lang_adapters): ModuleDict()
                                                     )
                                                   )
                                                   (intermediate): BertIntermediate(
                                                     (dense): Linear(in_features=768, out_features=3072, bias=True)
                                                   )
                                                   (output): BertOutput(
                                                     (dense): Linear(in_features=3072, out_features=768, bias=True)
                                                     (LayerNorm): LayerNorm((768,), eps=1e-12, elementwise_affine=True)
                                                     (dropout): Dropout(p=0.1, inplace=False)
                                                     (adapter_fusion_layer): ModuleDict()
                                                     (layer_text_task_adapters): ModuleDict()
                                                     (layer_text_lang_adapters): ModuleDict()
                                                   )
                                                 )
                                                 (5): BertLayer(
                                                   (attention): BertAttention(
                                                     (self): BertSelfAttention(
                                                       (query): Linear(in_features=768, out_features=768, bias=True)
                                                       (key): Linear(in_features=768, out_features=768, bias=True)
                                                       (value): Linear(in_features=768, out_features=768, bias=True)
                                                       (dropout): Dropout(p=0.1, inplace=False)
                                                     )
                                                     (output): BertSelfOutput(
                                                       (dense): Linear(in_features=768, out_features=768, bias=True)
                                                       (LayerNorm): LayerNorm((768,), eps=1e-12, elementwise_affine=True)
                                                       (dropout): Dropout(p=0.1, inplace=False)
                                                       (attention_text_task_adapters): ModuleDict()
                                                       (adapter_fusion_layer): ModuleDict()
                                                       (attention_text_lang_adapters): ModuleDict()
                                                     )
                                                   )
                                                   (intermediate): BertIntermediate(
                                                     (dense): Linear(in_features=768, out_features=3072, bias=True)
                                                   )
                                                   (output): BertOutput(
                                                     (dense): Linear(in_features=3072, out_features=768, bias=True)
                                                     (LayerNorm): LayerNorm((768,), eps=1e-12, elementwise_affine=True)
                                                     (dropout): Dropout(p=0.1, inplace=False)
                                                     (adapter_fusion_layer): ModuleDict()
                                                     (layer_text_task_adapters): ModuleDict()
                                                     (layer_text_lang_adapters): ModuleDict()
                                                   )
                                                 )
                                                 (6): BertLayer(
                                                   (attention): BertAttention(
                                                     (self): BertSelfAttention(
                                                       (query): Linear(in_features=768, out_features=768, bias=True)
                                                       (key): Linear(in_features=768, out_features=768, bias=True)
                                                       (value): Linear(in_features=768, out_features=768, bias=True)
                                                       (dropout): Dropout(p=0.1, inplace=False)
                                                     )
                                                     (output): BertSelfOutput(
                                                       (dense): Linear(in_features=768, out_features=768, bias=True)
                                                       (LayerNorm): LayerNorm((768,), eps=1e-12, elementwise_affine=True)
                                                       (dropout): Dropout(p=0.1, inplace=False)
                                                       (attention_text_task_adapters): ModuleDict()
                                                       (adapter_fusion_layer): ModuleDict()
                                                       (attention_text_lang_adapters): ModuleDict()
                                                     )
                                                   )
                                                   (intermediate): BertIntermediate(
                                                     (dense): Linear(in_features=768, out_features=3072, bias=True)
                                                   )
                                                   (output): BertOutput(
                                                     (dense): Linear(in_features=3072, out_features=768, bias=True)
                                                     (LayerNorm): LayerNorm((768,), eps=1e-12, elementwise_affine=True)
                                                     (dropout): Dropout(p=0.1, inplace=False)
                                                     (adapter_fusion_layer): ModuleDict()
                                                     (layer_text_task_adapters): ModuleDict()
                                                     (layer_text_lang_adapters): ModuleDict()
                                                   )
                                                 )
                                                 (7): BertLayer(
                                                   (attention): BertAttention(
                                                     (self): BertSelfAttention(
                                                       (query): Linear(in_features=768, out_features=768, bias=True)
                                                       (key): Linear(in_features=768, out_features=768, bias=True)
                                                       (value): Linear(in_features=768, out_features=768, bias=True)
                                                       (dropout): Dropout(p=0.1, inplace=False)
                                                     )
                                                     (output): BertSelfOutput(
                                                       (dense): Linear(in_features=768, out_features=768, bias=True)
                                                       (LayerNorm): LayerNorm((768,), eps=1e-12, elementwise_affine=True)
                                                       (dropout): Dropout(p=0.1, inplace=False)
                                                       (attention_text_task_adapters): ModuleDict()
                                                       (adapter_fusion_layer): ModuleDict()
                                                       (attention_text_lang_adapters): ModuleDict()
                                                     )
                                                   )
                                                   (intermediate): BertIntermediate(
                                                     (dense): Linear(in_features=768, out_features=3072, bias=True)
                                                   )
                                                   (output): BertOutput(
                                                     (dense): Linear(in_features=3072, out_features=768, bias=True)
                                                     (LayerNorm): LayerNorm((768,), eps=1e-12, elementwise_affine=True)
                                                     (dropout): Dropout(p=0.1, inplace=False)
                                                     (adapter_fusion_layer): ModuleDict()
                                                     (layer_text_task_adapters): ModuleDict()
                                                     (layer_text_lang_adapters): ModuleDict()
                                                   )
                                                 )
                                                 (8): BertLayer(
                                                   (attention): BertAttention(
                                                     (self): BertSelfAttention(
                                                       (query): Linear(in_features=768, out_features=768, bias=True)
                                                       (key): Linear(in_features=768, out_features=768, bias=True)
                                                       (value): Linear(in_features=768, out_features=768, bias=True)
                                                       (dropout): Dropout(p=0.1, inplace=False)
                                                     )
                                                     (output): BertSelfOutput(
                                                       (dense): Linear(in_features=768, out_features=768, bias=True)
                                                       (LayerNorm): LayerNorm((768,), eps=1e-12, elementwise_affine=True)
                                                       (dropout): Dropout(p=0.1, inplace=False)
                                                       (attention_text_task_adapters): ModuleDict()
                                                       (adapter_fusion_layer): ModuleDict()
                                                       (attention_text_lang_adapters): ModuleDict()
                                                     )
                                                   )
                                                   (intermediate): BertIntermediate(
                                                     (dense): Linear(in_features=768, out_features=3072, bias=True)
                                                   )
                                                   (output): BertOutput(
                                                     (dense): Linear(in_features=3072, out_features=768, bias=True)
                                                     (LayerNorm): LayerNorm((768,), eps=1e-12, elementwise_affine=True)
                                                     (dropout): Dropout(p=0.1, inplace=False)
                                                     (adapter_fusion_layer): ModuleDict()
                                                     (layer_text_task_adapters): ModuleDict()
                                                     (layer_text_lang_adapters): ModuleDict()
                                                   )
                                                 )
                                                 (9): BertLayer(
                                                   (attention): BertAttention(
                                                     (self): BertSelfAttention(
                                                       (query): Linear(in_features=768, out_features=768, bias=True)
                                                       (key): Linear(in_features=768, out_features=768, bias=True)
                                                       (value): Linear(in_features=768, out_features=768, bias=True)
                                                       (dropout): Dropout(p=0.1, inplace=False)
                                                     )
                                                     (output): BertSelfOutput(
                                                       (dense): Linear(in_features=768, out_features=768, bias=True)
                                                       (LayerNorm): LayerNorm((768,), eps=1e-12, elementwise_affine=True)
                                                       (dropout): Dropout(p=0.1, inplace=False)
                                                       (attention_text_task_adapters): ModuleDict()
                                                       (adapter_fusion_layer): ModuleDict()
                                                       (attention_text_lang_adapters): ModuleDict()
                                                     )
                                                   )
                                                   (intermediate): BertIntermediate(
                                                     (dense): Linear(in_features=768, out_features=3072, bias=True)
                                                   )
                                                   (output): BertOutput(
                                                     (dense): Linear(in_features=3072, out_features=768, bias=True)
                                                     (LayerNorm): LayerNorm((768,), eps=1e-12, elementwise_affine=True)
                                                     (dropout): Dropout(p=0.1, inplace=False)
                                                     (adapter_fusion_layer): ModuleDict()
                                                     (layer_text_task_adapters): ModuleDict()
                                                     (layer_text_lang_adapters): ModuleDict()
                                                   )
                                                 )
                                                 (10): BertLayer(
                                                   (attention): BertAttention(
                                                     (self): BertSelfAttention(
                                                       (query): Linear(in_features=768, out_features=768, bias=True)
                                                       (key): Linear(in_features=768, out_features=768, bias=True)
                                                       (value): Linear(in_features=768, out_features=768, bias=True)
                                                       (dropout): Dropout(p=0.1, inplace=False)
                                                     )
                                                     (output): BertSelfOutput(
                                                       (dense): Linear(in_features=768, out_features=768, bias=True)
                                                       (LayerNorm): LayerNorm((768,), eps=1e-12, elementwise_affine=True)
                                                       (dropout): Dropout(p=0.1, inplace=False)
                                                       (attention_text_task_adapters): ModuleDict()
                                                       (adapter_fusion_layer): ModuleDict()
                                                       (attention_text_lang_adapters): ModuleDict()
                                                     )
                                                   )
                                                   (intermediate): BertIntermediate(
                                                     (dense): Linear(in_features=768, out_features=3072, bias=True)
                                                   )
                                                   (output): BertOutput(
                                                     (dense): Linear(in_features=3072, out_features=768, bias=True)
                                                     (LayerNorm): LayerNorm((768,), eps=1e-12, elementwise_affine=True)
                                                     (dropout): Dropout(p=0.1, inplace=False)
                                                     (adapter_fusion_layer): ModuleDict()
                                                     (layer_text_task_adapters): ModuleDict()
                                                     (layer_text_lang_adapters): ModuleDict()
                                                   )
                                                 )
                                                 (11): BertLayer(
                                                   (attention): BertAttention(
                                                     (self): BertSelfAttention(
                                                       (query): Linear(in_features=768, out_features=768, bias=True)
                                                       (key): Linear(in_features=768, out_features=768, bias=True)
                                                       (value): Linear(in_features=768, out_features=768, bias=True)
                                                       (dropout): Dropout(p=0.1, inplace=False)
                                                     )
                                                     (output): BertSelfOutput(
                                                       (dense): Linear(in_features=768, out_features=768, bias=True)
                                                       (LayerNorm): LayerNorm((768,), eps=1e-12, elementwise_affine=True)
                                                       (dropout): Dropout(p=0.1, inplace=False)
                                                       (attention_text_task_adapters): ModuleDict()
                                                       (adapter_fusion_layer): ModuleDict()
                                                       (attention_text_lang_adapters): ModuleDict()
                                                     )
                                                   )
                                                   (intermediate): BertIntermediate(
                                                     (dense): Linear(in_features=768, out_features=3072, bias=True)
                                                   )
                                                   (output): BertOutput(
                                                     (dense): Linear(in_features=3072, out_features=768, bias=True)
                                                     (LayerNorm): LayerNorm((768,), eps=1e-12, elementwise_affine=True)
                                                     (dropout): Dropout(p=0.1, inplace=False)
                                                     (adapter_fusion_layer): ModuleDict()
                                                     (layer_text_task_adapters): ModuleDict()
                                                     (layer_text_lang_adapters): ModuleDict()
                                                   )
                                                 )
                                               )
                                             )
                                             (pooler): BertPooler(
                                               (dense): Linear(in_features=768, out_features=768, bias=True)
                                               (activation): Tanh()
                                             )
                                             (invertible_lang_adapters): ModuleDict()
                                           )
                                         )
                                         (audio_enc): AudioEncoder(
                                           (conv_layers): ModuleList(
                                             (0): Conv1d(96, 96, kernel_size=(128,), stride=(2,))
                                             (1): Conv1d(96, 96, kernel_size=(128,), stride=(2,))
                                             (2): AdaptiveAvgPool1d(output_size=200)
                                           )
                                         )
                                         (proj_poster): Linear(in_features=4096, out_features=768, bias=False)
                                         (proj2_poster): Linear(in_features=4096, out_features=768, bias=False)
                                         (proj_l_e): Linear(in_features=768, out_features=768, bias=False)
                                         (proj_v_e): Linear(in_features=4096, out_features=768, bias=False)
                                         (proj_a_e): Linear(in_features=96, out_features=768, bias=False)
                                         (proj_l): Conv1d(768, 768, kernel_size=(1,), stride=(1,), bias=False)
                                         (proj_v): Conv1d(4096, 768, kernel_size=(1,), stride=(1,), bias=False)
                                         (proj_a): Conv1d(96, 768, kernel_size=(1,), stride=(1,), bias=False)
                                         (trans_l_with_a): TransformerEncoder(
                                           (embed_positions): SinusoidalPositionalEmbedding()
                                           (layers): ModuleList(
                                             (0): TransformerEncoderLayer(
                                               (self_attn): MultiheadAttention(
                                                 (out_proj): Linear(in_features=768, out_features=768, bias=True)
                                               )
                                               (fc1): Linear(in_features=768, out_features=3072, bias=True)
                                               (fc2): Linear(in_features=3072, out_features=768, bias=True)
                                               (layer_norms): ModuleList(
                                                 (0): LayerNorm((768,), eps=1e-05, elementwise_affine=True)
                                                 (1): LayerNorm((768,), eps=1e-05, elementwise_affine=True)
                                               )
                                             )
                                             (1): TransformerEncoderLayer(
                                               (self_attn): MultiheadAttention(
                                                 (out_proj): Linear(in_features=768, out_features=768, bias=True)
                                               )
                                               (fc1): Linear(in_features=768, out_features=3072, bias=True)
                                               (fc2): Linear(in_features=3072, out_features=768, bias=True)
                                               (layer_norms): ModuleList(
                                                 (0): LayerNorm((768,), eps=1e-05, elementwise_affine=True)
                                                 (1): LayerNorm((768,), eps=1e-05, elementwise_affine=True)
                                               )
                                             )
                                             (2): TransformerEncoderLayer(
                                               (self_attn): MultiheadAttention(
                                                 (out_proj): Linear(in_features=768, out_features=768, bias=True)
                                               )
                                               (fc1): Linear(in_features=768, out_features=3072, bias=True)
                                               (fc2): Linear(in_features=3072, out_features=768, bias=True)
                                               (layer_norms): ModuleList(
                                                 (0): LayerNorm((768,), eps=1e-05, elementwise_affine=True)
                                                 (1): LayerNorm((768,), eps=1e-05, elementwise_affine=True)
                                               )
                                             )
                                             (3): TransformerEncoderLayer(
                                               (self_attn): MultiheadAttention(
                                                 (out_proj): Linear(in_features=768, out_features=768, bias=True)
                                               )
                                               (fc1): Linear(in_features=768, out_features=3072, bias=True)
                                               (fc2): Linear(in_features=3072, out_features=768, bias=True)
                                               (layer_norms): ModuleList(
                                                 (0): LayerNorm((768,), eps=1e-05, elementwise_affine=True)
                                                 (1): LayerNorm((768,), eps=1e-05, elementwise_affine=True)
                                               )
                                             )
                                             (4): TransformerEncoderLayer(
                                               (self_attn): MultiheadAttention(
                                                 (out_proj): Linear(in_features=768, out_features=768, bias=True)
                                               )
                                               (fc1): Linear(in_features=768, out_features=3072, bias=True)
                                               (fc2): Linear(in_features=3072, out_features=768, bias=True)
                                               (layer_norms): ModuleList(
                                                 (0): LayerNorm((768,), eps=1e-05, elementwise_affine=True)
                                                 (1): LayerNorm((768,), eps=1e-05, elementwise_affine=True)
                                               )
                                             )
                                           )
                                           (layer_norm): LayerNorm((768,), eps=1e-05, elementwise_affine=True)
                                         )
                                         (trans_l_with_v): TransformerEncoder(
                                           (embed_positions): SinusoidalPositionalEmbedding()
                                           (layers): ModuleList(
                                             (0): TransformerEncoderLayer(
                                               (self_attn): MultiheadAttention(
                                                 (out_proj): Linear(in_features=768, out_features=768, bias=True)
                                               )
                                               (fc1): Linear(in_features=768, out_features=3072, bias=True)
                                               (fc2): Linear(in_features=3072, out_features=768, bias=True)
                                               (layer_norms): ModuleList(
                                                 (0): LayerNorm((768,), eps=1e-05, elementwise_affine=True)
                                                 (1): LayerNorm((768,), eps=1e-05, elementwise_affine=True)
                                               )
                                             )
                                             (1): TransformerEncoderLayer(
                                               (self_attn): MultiheadAttention(
                                                 (out_proj): Linear(in_features=768, out_features=768, bias=True)
                                               )
                                               (fc1): Linear(in_features=768, out_features=3072, bias=True)
                                               (fc2): Linear(in_features=3072, out_features=768, bias=True)
                                               (layer_norms): ModuleList(
                                                 (0): LayerNorm((768,), eps=1e-05, elementwise_affine=True)
                                                 (1): LayerNorm((768,), eps=1e-05, elementwise_affine=True)
                                               )
                                             )
                                             (2): TransformerEncoderLayer(
                                               (self_attn): MultiheadAttention(
                                                 (out_proj): Linear(in_features=768, out_features=768, bias=True)
                                               )
                                               (fc1): Linear(in_features=768, out_features=3072, bias=True)
                                               (fc2): Linear(in_features=3072, out_features=768, bias=True)
                                               (layer_norms): ModuleList(
                                                 (0): LayerNorm((768,), eps=1e-05, elementwise_affine=True)
                                                 (1): LayerNorm((768,), eps=1e-05, elementwise_affine=True)
                                               )
                                             )
                                             (3): TransformerEncoderLayer(
                                               (self_attn): MultiheadAttention(
                                                 (out_proj): Linear(in_features=768, out_features=768, bias=True)
                                               )
                                               (fc1): Linear(in_features=768, out_features=3072, bias=True)
                                               (fc2): Linear(in_features=3072, out_features=768, bias=True)
                                               (layer_norms): ModuleList(
                                                 (0): LayerNorm((768,), eps=1e-05, elementwise_affine=True)
                                                 (1): LayerNorm((768,), eps=1e-05, elementwise_affine=True)
                                               )
                                             )
                                             (4): TransformerEncoderLayer(
                                               (self_attn): MultiheadAttention(
                                                 (out_proj): Linear(in_features=768, out_features=768, bias=True)
                                               )
                                               (fc1): Linear(in_features=768, out_features=3072, bias=True)
                                               (fc2): Linear(in_features=3072, out_features=768, bias=True)
                                               (layer_norms): ModuleList(
                                                 (0): LayerNorm((768,), eps=1e-05, elementwise_affine=True)
                                                 (1): LayerNorm((768,), eps=1e-05, elementwise_affine=True)
                                               )
                                             )
                                           )
                                           (layer_norm): LayerNorm((768,), eps=1e-05, elementwise_affine=True)
                                         )
                                         (trans_v_with_l): TransformerEncoder(
                                           (embed_positions): SinusoidalPositionalEmbedding()
                                           (layers): ModuleList(
                                             (0): TransformerEncoderLayer(
                                               (self_attn): MultiheadAttention(
                                                 (out_proj): Linear(in_features=768, out_features=768, bias=True)
                                               )
                                               (fc1): Linear(in_features=768, out_features=3072, bias=True)
                                               (fc2): Linear(in_features=3072, out_features=768, bias=True)
                                               (layer_norms): ModuleList(
                                                 (0): LayerNorm((768,), eps=1e-05, elementwise_affine=True)
                                                 (1): LayerNorm((768,), eps=1e-05, elementwise_affine=True)
                                               )
                                             )
                                             (1): TransformerEncoderLayer(
                                               (self_attn): MultiheadAttention(
                                                 (out_proj): Linear(in_features=768, out_features=768, bias=True)
                                               )
                                               (fc1): Linear(in_features=768, out_features=3072, bias=True)
                                               (fc2): Linear(in_features=3072, out_features=768, bias=True)
                                               (layer_norms): ModuleList(
                                                 (0): LayerNorm((768,), eps=1e-05, elementwise_affine=True)
                                                 (1): LayerNorm((768,), eps=1e-05, elementwise_affine=True)
                                               )
                                             )
                                             (2): TransformerEncoderLayer(
                                               (self_attn): MultiheadAttention(
                                                 (out_proj): Linear(in_features=768, out_features=768, bias=True)
                                               )
                                               (fc1): Linear(in_features=768, out_features=3072, bias=True)
                                               (fc2): Linear(in_features=3072, out_features=768, bias=True)
                                               (layer_norms): ModuleList(
                                                 (0): LayerNorm((768,), eps=1e-05, elementwise_affine=True)
                                                 (1): LayerNorm((768,), eps=1e-05, elementwise_affine=True)
                                               )
                                             )
                                             (3): TransformerEncoderLayer(
                                               (self_attn): MultiheadAttention(
                                                 (out_proj): Linear(in_features=768, out_features=768, bias=True)
                                               )
                                               (fc1): Linear(in_features=768, out_features=3072, bias=True)
                                               (fc2): Linear(in_features=3072, out_features=768, bias=True)
                                               (layer_norms): ModuleList(
                                                 (0): LayerNorm((768,), eps=1e-05, elementwise_affine=True)
                                                 (1): LayerNorm((768,), eps=1e-05, elementwise_affine=True)
                                               )
                                             )
                                             (4): TransformerEncoderLayer(
                                               (self_attn): MultiheadAttention(
                                                 (out_proj): Linear(in_features=768, out_features=768, bias=True)
                                               )
                                               (fc1): Linear(in_features=768, out_features=3072, bias=True)
                                               (fc2): Linear(in_features=3072, out_features=768, bias=True)
                                               (layer_norms): ModuleList(
                                                 (0): LayerNorm((768,), eps=1e-05, elementwise_affine=True)
                                                 (1): LayerNorm((768,), eps=1e-05, elementwise_affine=True)
                                               )
                                             )
                                           )
                                           (layer_norm): LayerNorm((768,), eps=1e-05, elementwise_affine=True)
                                         )
                                         (trans_v_with_a): TransformerEncoder(
                                           (embed_positions): SinusoidalPositionalEmbedding()
                                           (layers): ModuleList(
                                             (0): TransformerEncoderLayer(
                                               (self_attn): MultiheadAttention(
                                                 (out_proj): Linear(in_features=768, out_features=768, bias=True)
                                               )
                                               (fc1): Linear(in_features=768, out_features=3072, bias=True)
                                               (fc2): Linear(in_features=3072, out_features=768, bias=True)
                                               (layer_norms): ModuleList(
                                                 (0): LayerNorm((768,), eps=1e-05, elementwise_affine=True)
                                                 (1): LayerNorm((768,), eps=1e-05, elementwise_affine=True)
                                               )
                                             )
                                             (1): TransformerEncoderLayer(
                                               (self_attn): MultiheadAttention(
                                                 (out_proj): Linear(in_features=768, out_features=768, bias=True)
                                               )
                                               (fc1): Linear(in_features=768, out_features=3072, bias=True)
                                               (fc2): Linear(in_features=3072, out_features=768, bias=True)
                                               (layer_norms): ModuleList(
                                                 (0): LayerNorm((768,), eps=1e-05, elementwise_affine=True)
                                                 (1): LayerNorm((768,), eps=1e-05, elementwise_affine=True)
                                               )
                                             )
                                             (2): TransformerEncoderLayer(
                                               (self_attn): MultiheadAttention(
                                                 (out_proj): Linear(in_features=768, out_features=768, bias=True)
                                               )
                                               (fc1): Linear(in_features=768, out_features=3072, bias=True)
                                               (fc2): Linear(in_features=3072, out_features=768, bias=True)
                                               (layer_norms): ModuleList(
                                                 (0): LayerNorm((768,), eps=1e-05, elementwise_affine=True)
                                                 (1): LayerNorm((768,), eps=1e-05, elementwise_affine=True)
                                               )
                                             )
                                             (3): TransformerEncoderLayer(
                                               (self_attn): MultiheadAttention(
                                                 (out_proj): Linear(in_features=768, out_features=768, bias=True)
                                               )
                                               (fc1): Linear(in_features=768, out_features=3072, bias=True)
                                               (fc2): Linear(in_features=3072, out_features=768, bias=True)
                                               (layer_norms): ModuleList(
                                                 (0): LayerNorm((768,), eps=1e-05, elementwise_affine=True)
                                                 (1): LayerNorm((768,), eps=1e-05, elementwise_affine=True)
                                               )
                                             )
                                             (4): TransformerEncoderLayer(
                                               (self_attn): MultiheadAttention(
                                                 (out_proj): Linear(in_features=768, out_features=768, bias=True)
                                               )
                                               (fc1): Linear(in_features=768, out_features=3072, bias=True)
                                               (fc2): Linear(in_features=3072, out_features=768, bias=True)
                                               (layer_norms): ModuleList(
                                                 (0): LayerNorm((768,), eps=1e-05, elementwise_affine=True)
                                                 (1): LayerNorm((768,), eps=1e-05, elementwise_affine=True)
                                               )
                                             )
                                           )
                                           (layer_norm): LayerNorm((768,), eps=1e-05, elementwise_affine=True)
                                         )
                                         (trans_a_with_l): TransformerEncoder(
                                           (embed_positions): SinusoidalPositionalEmbedding()
                                           (layers): ModuleList(
                                             (0): TransformerEncoderLayer(
                                               (self_attn): MultiheadAttention(
                                                 (out_proj): Linear(in_features=768, out_features=768, bias=True)
                                               )
                                               (fc1): Linear(in_features=768, out_features=3072, bias=True)
                                               (fc2): Linear(in_features=3072, out_features=768, bias=True)
                                               (layer_norms): ModuleList(
                                                 (0): LayerNorm((768,), eps=1e-05, elementwise_affine=True)
                                                 (1): LayerNorm((768,), eps=1e-05, elementwise_affine=True)
                                               )
                                             )
                                             (1): TransformerEncoderLayer(
                                               (self_attn): MultiheadAttention(
                                                 (out_proj): Linear(in_features=768, out_features=768, bias=True)
                                               )
                                               (fc1): Linear(in_features=768, out_features=3072, bias=True)
                                               (fc2): Linear(in_features=3072, out_features=768, bias=True)
                                               (layer_norms): ModuleList(
                                                 (0): LayerNorm((768,), eps=1e-05, elementwise_affine=True)
                                                 (1): LayerNorm((768,), eps=1e-05, elementwise_affine=True)
                                               )
                                             )
                                             (2): TransformerEncoderLayer(
                                               (self_attn): MultiheadAttention(
                                                 (out_proj): Linear(in_features=768, out_features=768, bias=True)
                                               )
                                               (fc1): Linear(in_features=768, out_features=3072, bias=True)
                                               (fc2): Linear(in_features=3072, out_features=768, bias=True)
                                               (layer_norms): ModuleList(
                                                 (0): LayerNorm((768,), eps=1e-05, elementwise_affine=True)
                                                 (1): LayerNorm((768,), eps=1e-05, elementwise_affine=True)
                                               )
                                             )
                                             (3): TransformerEncoderLayer(
                                               (self_attn): MultiheadAttention(
                                                 (out_proj): Linear(in_features=768, out_features=768, bias=True)
                                               )
                                               (fc1): Linear(in_features=768, out_features=3072, bias=True)
                                               (fc2): Linear(in_features=3072, out_features=768, bias=True)
                                               (layer_norms): ModuleList(
                                                 (0): LayerNorm((768,), eps=1e-05, elementwise_affine=True)
                                                 (1): LayerNorm((768,), eps=1e-05, elementwise_affine=True)
                                               )
                                             )
                                             (4): TransformerEncoderLayer(
                                               (self_attn): MultiheadAttention(
                                                 (out_proj): Linear(in_features=768, out_features=768, bias=True)
                                               )
                                               (fc1): Linear(in_features=768, out_features=3072, bias=True)
                                               (fc2): Linear(in_features=3072, out_features=768, bias=True)
                                               (layer_norms): ModuleList(
                                                 (0): LayerNorm((768,), eps=1e-05, elementwise_affine=True)
                                                 (1): LayerNorm((768,), eps=1e-05, elementwise_affine=True)
                                               )
                                             )
                                           )
                                           (layer_norm): LayerNorm((768,), eps=1e-05, elementwise_affine=True)
                                         )
                                         (trans_a_with_v): TransformerEncoder(
                                           (embed_positions): SinusoidalPositionalEmbedding()
                                           (layers): ModuleList(
                                             (0): TransformerEncoderLayer(
                                               (self_attn): MultiheadAttention(
                                                 (out_proj): Linear(in_features=768, out_features=768, bias=True)
                                               )
                                               (fc1): Linear(in_features=768, out_features=3072, bias=True)
                                               (fc2): Linear(in_features=3072, out_features=768, bias=True)
                                               (layer_norms): ModuleList(
                                                 (0): LayerNorm((768,), eps=1e-05, elementwise_affine=True)
                                                 (1): LayerNorm((768,), eps=1e-05, elementwise_affine=True)
                                               )
                                             )
                                             (1): TransformerEncoderLayer(
                                               (self_attn): MultiheadAttention(
                                                 (out_proj): Linear(in_features=768, out_features=768, bias=True)
                                               )
                                               (fc1): Linear(in_features=768, out_features=3072, bias=True)
                                               (fc2): Linear(in_features=3072, out_features=768, bias=True)
                                               (layer_norms): ModuleList(
                                                 (0): LayerNorm((768,), eps=1e-05, elementwise_affine=True)
                                                 (1): LayerNorm((768,), eps=1e-05, elementwise_affine=True)
                                               )
                                             )
                                             (2): TransformerEncoderLayer(
                                               (self_attn): MultiheadAttention(
                                                 (out_proj): Linear(in_features=768, out_features=768, bias=True)
                                               )
                                               (fc1): Linear(in_features=768, out_features=3072, bias=True)
                                               (fc2): Linear(in_features=3072, out_features=768, bias=True)
                                               (layer_norms): ModuleList(
                                                 (0): LayerNorm((768,), eps=1e-05, elementwise_affine=True)
                                                 (1): LayerNorm((768,), eps=1e-05, elementwise_affine=True)
                                               )
                                             )
                                             (3): TransformerEncoderLayer(
                                               (self_attn): MultiheadAttention(
                                                 (out_proj): Linear(in_features=768, out_features=768, bias=True)
                                               )
                                               (fc1): Linear(in_features=768, out_features=3072, bias=True)
                                               (fc2): Linear(in_features=3072, out_features=768, bias=True)
                                               (layer_norms): ModuleList(
                                                 (0): LayerNorm((768,), eps=1e-05, elementwise_affine=True)
                                                 (1): LayerNorm((768,), eps=1e-05, elementwise_affine=True)
                                               )
                                             )
                                             (4): TransformerEncoderLayer(
                                               (self_attn): MultiheadAttention(
                                                 (out_proj): Linear(in_features=768, out_features=768, bias=True)
                                               )
                                               (fc1): Linear(in_features=768, out_features=3072, bias=True)
                                               (fc2): Linear(in_features=3072, out_features=768, bias=True)
                                               (layer_norms): ModuleList(
                                                 (0): LayerNorm((768,), eps=1e-05, elementwise_affine=True)
                                                 (1): LayerNorm((768,), eps=1e-05, elementwise_affine=True)
                                               )
                                             )
                                           )
                                           (layer_norm): LayerNorm((768,), eps=1e-05, elementwise_affine=True)
                                         )
                                         (trans_l_mem): TransformerEncoder(
                                           (embed_positions): SinusoidalPositionalEmbedding()
                                           (layers): ModuleList(
                                             (0): TransformerEncoderLayer(
                                               (self_attn): MultiheadAttention(
                                                 (out_proj): Linear(in_features=1536, out_features=1536, bias=True)
                                               )
                                               (fc1): Linear(in_features=1536, out_features=6144, bias=True)
                                               (fc2): Linear(in_features=6144, out_features=1536, bias=True)
                                               (layer_norms): ModuleList(
                                                 (0): LayerNorm((1536,), eps=1e-05, elementwise_affine=True)
                                                 (1): LayerNorm((1536,), eps=1e-05, elementwise_affine=True)
                                               )
                                             )
                                             (1): TransformerEncoderLayer(
                                               (self_attn): MultiheadAttention(
                                                 (out_proj): Linear(in_features=1536, out_features=1536, bias=True)
                                               )
                                               (fc1): Linear(in_features=1536, out_features=6144, bias=True)
                                               (fc2): Linear(in_features=6144, out_features=1536, bias=True)
                                               (layer_norms): ModuleList(
                                                 (0): LayerNorm((1536,), eps=1e-05, elementwise_affine=True)
                                                 (1): LayerNorm((1536,), eps=1e-05, elementwise_affine=True)
                                               )
                                             )
                                             (2): TransformerEncoderLayer(
                                               (self_attn): MultiheadAttention(
                                                 (out_proj): Linear(in_features=1536, out_features=1536, bias=True)
                                               )
                                               (fc1): Linear(in_features=1536, out_features=6144, bias=True)
                                               (fc2): Linear(in_features=6144, out_features=1536, bias=True)
                                               (layer_norms): ModuleList(
                                                 (0): LayerNorm((1536,), eps=1e-05, elementwise_affine=True)
                                                 (1): LayerNorm((1536,), eps=1e-05, elementwise_affine=True)
                                               )
                                             )
                                             (3): TransformerEncoderLayer(
                                               (self_attn): MultiheadAttention(
                                                 (out_proj): Linear(in_features=1536, out_features=1536, bias=True)
                                               )
                                               (fc1): Linear(in_features=1536, out_features=6144, bias=True)
                                               (fc2): Linear(in_features=6144, out_features=1536, bias=True)
                                               (layer_norms): ModuleList(
                                                 (0): LayerNorm((1536,), eps=1e-05, elementwise_affine=True)
                                                 (1): LayerNorm((1536,), eps=1e-05, elementwise_affine=True)
                                               )
                                             )
                                             (4): TransformerEncoderLayer(
                                               (self_attn): MultiheadAttention(
                                                 (out_proj): Linear(in_features=1536, out_features=1536, bias=True)
                                               )
                                               (fc1): Linear(in_features=1536, out_features=6144, bias=True)
                                               (fc2): Linear(in_features=6144, out_features=1536, bias=True)
                                               (layer_norms): ModuleList(
                                                 (0): LayerNorm((1536,), eps=1e-05, elementwise_affine=True)
                                                 (1): LayerNorm((1536,), eps=1e-05, elementwise_affine=True)
                                               )
                                             )
                                           )
                                           (layer_norm): LayerNorm((1536,), eps=1e-05, elementwise_affine=True)
                                         )
                                         (trans_v_mem): TransformerEncoder(
                                           (embed_positions): SinusoidalPositionalEmbedding()
                                           (layers): ModuleList(
                                             (0): TransformerEncoderLayer(
                                               (self_attn): MultiheadAttention(
                                                 (out_proj): Linear(in_features=1536, out_features=1536, bias=True)
                                               )
                                               (fc1): Linear(in_features=1536, out_features=6144, bias=True)
                                               (fc2): Linear(in_features=6144, out_features=1536, bias=True)
                                               (layer_norms): ModuleList(
                                                 (0): LayerNorm((1536,), eps=1e-05, elementwise_affine=True)
                                                 (1): LayerNorm((1536,), eps=1e-05, elementwise_affine=True)
                                               )
                                             )
                                             (1): TransformerEncoderLayer(
                                               (self_attn): MultiheadAttention(
                                                 (out_proj): Linear(in_features=1536, out_features=1536, bias=True)
                                               )
                                               (fc1): Linear(in_features=1536, out_features=6144, bias=True)
                                               (fc2): Linear(in_features=6144, out_features=1536, bias=True)
                                               (layer_norms): ModuleList(
                                                 (0): LayerNorm((1536,), eps=1e-05, elementwise_affine=True)
                                                 (1): LayerNorm((1536,), eps=1e-05, elementwise_affine=True)
                                               )
                                             )
                                             (2): TransformerEncoderLayer(
                                               (self_attn): MultiheadAttention(
                                                 (out_proj): Linear(in_features=1536, out_features=1536, bias=True)
                                               )
                                               (fc1): Linear(in_features=1536, out_features=6144, bias=True)
                                               (fc2): Linear(in_features=6144, out_features=1536, bias=True)
                                               (layer_norms): ModuleList(
                                                 (0): LayerNorm((1536,), eps=1e-05, elementwise_affine=True)
                                                 (1): LayerNorm((1536,), eps=1e-05, elementwise_affine=True)
                                               )
                                             )
                                             (3): TransformerEncoderLayer(
                                               (self_attn): MultiheadAttention(
                                                 (out_proj): Linear(in_features=1536, out_features=1536, bias=True)
                                               )
                                               (fc1): Linear(in_features=1536, out_features=6144, bias=True)
                                               (fc2): Linear(in_features=6144, out_features=1536, bias=True)
                                               (layer_norms): ModuleList(
                                                 (0): LayerNorm((1536,), eps=1e-05, elementwise_affine=True)
                                                 (1): LayerNorm((1536,), eps=1e-05, elementwise_affine=True)
                                               )
                                             )
                                             (4): TransformerEncoderLayer(
                                               (self_attn): MultiheadAttention(
                                                 (out_proj): Linear(in_features=1536, out_features=1536, bias=True)
                                               )
                                               (fc1): Linear(in_features=1536, out_features=6144, bias=True)
                                               (fc2): Linear(in_features=6144, out_features=1536, bias=True)
                                               (layer_norms): ModuleList(
                                                 (0): LayerNorm((1536,), eps=1e-05, elementwise_affine=True)
                                                 (1): LayerNorm((1536,), eps=1e-05, elementwise_affine=True)
                                               )
                                             )
                                           )
                                           (layer_norm): LayerNorm((1536,), eps=1e-05, elementwise_affine=True)
                                         )
                                         (trans_a_mem): TransformerEncoder(
                                           (embed_positions): SinusoidalPositionalEmbedding()
                                           (layers): ModuleList(
                                             (0): TransformerEncoderLayer(
                                               (self_attn): MultiheadAttention(
                                                 (out_proj): Linear(in_features=1536, out_features=1536, bias=True)
                                               )
                                               (fc1): Linear(in_features=1536, out_features=6144, bias=True)
                                               (fc2): Linear(in_features=6144, out_features=1536, bias=True)
                                               (layer_norms): ModuleList(
                                                 (0): LayerNorm((1536,), eps=1e-05, elementwise_affine=True)
                                                 (1): LayerNorm((1536,), eps=1e-05, elementwise_affine=True)
                                               )
                                             )
                                             (1): TransformerEncoderLayer(
                                               (self_attn): MultiheadAttention(
                                                 (out_proj): Linear(in_features=1536, out_features=1536, bias=True)
                                               )
                                               (fc1): Linear(in_features=1536, out_features=6144, bias=True)
                                               (fc2): Linear(in_features=6144, out_features=1536, bias=True)
                                               (layer_norms): ModuleList(
                                                 (0): LayerNorm((1536,), eps=1e-05, elementwise_affine=True)
                                                 (1): LayerNorm((1536,), eps=1e-05, elementwise_affine=True)
                                               )
                                             )
                                             (2): TransformerEncoderLayer(
                                               (self_attn): MultiheadAttention(
                                                 (out_proj): Linear(in_features=1536, out_features=1536, bias=True)
                                               )
                                               (fc1): Linear(in_features=1536, out_features=6144, bias=True)
                                               (fc2): Linear(in_features=6144, out_features=1536, bias=True)
                                               (layer_norms): ModuleList(
                                                 (0): LayerNorm((1536,), eps=1e-05, elementwise_affine=True)
                                                 (1): LayerNorm((1536,), eps=1e-05, elementwise_affine=True)
                                               )
                                             )
                                             (3): TransformerEncoderLayer(
                                               (self_attn): MultiheadAttention(
                                                 (out_proj): Linear(in_features=1536, out_features=1536, bias=True)
                                               )
                                               (fc1): Linear(in_features=1536, out_features=6144, bias=True)
                                               (fc2): Linear(in_features=6144, out_features=1536, bias=True)
                                               (layer_norms): ModuleList(
                                                 (0): LayerNorm((1536,), eps=1e-05, elementwise_affine=True)
                                                 (1): LayerNorm((1536,), eps=1e-05, elementwise_affine=True)
                                               )
                                             )
                                             (4): TransformerEncoderLayer(
                                               (self_attn): MultiheadAttention(
                                                 (out_proj): Linear(in_features=1536, out_features=1536, bias=True)
                                               )
                                               (fc1): Linear(in_features=1536, out_features=6144, bias=True)
                                               (fc2): Linear(in_features=6144, out_features=1536, bias=True)
                                               (layer_norms): ModuleList(
                                                 (0): LayerNorm((1536,), eps=1e-05, elementwise_affine=True)
                                                 (1): LayerNorm((1536,), eps=1e-05, elementwise_affine=True)
                                               )
                                             )
                                           )
                                           (layer_norm): LayerNorm((1536,), eps=1e-05, elementwise_affine=True)
                                         )
                                         (proj1): Linear(in_features=768, out_features=768, bias=True)
                                         (proj2): Linear(in_features=768, out_features=768, bias=True)
                                         (out_layer): Linear(in_features=768, out_features=13, bias=True)
                                         (proj12): Linear(in_features=768, out_features=768, bias=True)
                                         (proj22): Linear(in_features=768, out_features=768, bias=True)
                                         (out_layer2): Linear(in_features=768, out_features=13, bias=True)
                                         (out_layer_final): Linear(in_features=13, out_features=13, bias=True)
                                         (gmu): TextShifting5Layer(
                                           (hidden1): Linear(in_features=1536, out_features=768, bias=False)
                                           (hidden2): Linear(in_features=1536, out_features=768, bias=False)
                                           (hidden3): Linear(in_features=1536, out_features=768, bias=False)
                                           (hidden4): Linear(in_features=768, out_features=768, bias=False)
                                           (hidden5): Linear(in_features=768, out_features=768, bias=False)
                                           (x1_gate): Linear(in_features=6144, out_features=768, bias=False)
                                           (x2_gate): Linear(in_features=6144, out_features=768, bias=False)
                                           (x3_gate): Linear(in_features=6144, out_features=768, bias=False)
                                           (x4_gate): Linear(in_features=6144, out_features=768, bias=False)
                                           (x5_gate): Linear(in_features=6144, out_features=768, bias=False)
                                         )
                                         (gmuSimple): TextShifting4LayerSimple(
                                           (hidden1): Linear(in_features=768, out_features=768, bias=False)
                                           (hidden2): Linear(in_features=768, out_features=768, bias=False)
                                           (hidden3): Linear(in_features=768, out_features=768, bias=False)
                                           (hidden4): Linear(in_features=768, out_features=768, bias=False)
                                           (x1_gate): Linear(in_features=768, out_features=768, bias=False)
                                           (x2_gate): Linear(in_features=768, out_features=768, bias=False)
                                           (x3_gate): Linear(in_features=768, out_features=768, bias=False)
                                           (x4_gate): Linear(in_features=768, out_features=768, bias=False)
                                         )
                                       )
                                     )
INFO - 09/08/21 06:24:34 - 0:00:01 - Training..
INFO - 09/08/21 06:39:47 - 0:15:14 - Train Loss: 0.0705
INFO - 09/08/21 06:39:47 - 0:15:14 - Val: Loss: 1.03192 | Macro F1 0.42882 | Micro F1: 0.45993 | AUC PR Macro: 0.46082 | AUC PR Micro: 0.47664
INFO - 09/08/21 07:01:01 - 0:36:28 - Train Loss: 0.0558
INFO - 09/08/21 07:01:01 - 0:36:28 - Val: Loss: 0.87370 | Macro F1 0.49794 | Micro F1: 0.55431 | AUC PR Macro: 0.54920 | AUC PR Micro: 0.58411
INFO - 09/08/21 07:20:32 - 0:55:59 - Train Loss: 0.0458
INFO - 09/08/21 07:20:32 - 0:55:59 - Val: Loss: 0.79742 | Macro F1 0.54835 | Micro F1: 0.58960 | AUC PR Macro: 0.62020 | AUC PR Micro: 0.63916
INFO - 09/08/21 07:40:58 - 1:16:24 - Train Loss: 0.0386
INFO - 09/08/21 07:40:58 - 1:16:24 - Val: Loss: 0.77078 | Macro F1 0.59495 | Micro F1: 0.63046 | AUC PR Macro: 0.64640 | AUC PR Micro: 0.68812
INFO - 09/08/21 08:00:38 - 1:36:04 - Train Loss: 0.0327
INFO - 09/08/21 08:00:38 - 1:36:04 - Val: Loss: 0.73377 | Macro F1 0.59733 | Micro F1: 0.63620 | AUC PR Macro: 0.68055 | AUC PR Micro: 0.70436
INFO - 09/08/21 08:21:44 - 1:57:11 - Train Loss: 0.0281
INFO - 09/08/21 08:21:44 - 1:57:11 - Val: Loss: 0.77149 | Macro F1 0.62564 | Micro F1: 0.65525 | AUC PR Macro: 0.68610 | AUC PR Micro: 0.70845
INFO - 09/08/21 08:41:06 - 2:16:32 - Train Loss: 0.0237
INFO - 09/08/21 08:41:06 - 2:16:32 - Val: Loss: 0.76041 | Macro F1 0.63997 | Micro F1: 0.67553 | AUC PR Macro: 0.69405 | AUC PR Micro: 0.72392
INFO - 09/08/21 09:02:00 - 2:37:27 - Train Loss: 0.0203
INFO - 09/08/21 09:02:00 - 2:37:27 - Val: Loss: 0.85325 | Macro F1 0.65533 | Micro F1: 0.68304 | AUC PR Macro: 0.69968 | AUC PR Micro: 0.73776
INFO - 09/08/21 09:23:14 - 2:58:41 - Train Loss: 0.0166
INFO - 09/08/21 09:23:14 - 2:58:41 - Val: Loss: 0.89676 | Macro F1 0.66095 | Micro F1: 0.69233 | AUC PR Macro: 0.70889 | AUC PR Micro: 0.74318
INFO - 09/08/21 09:44:29 - 3:19:55 - Train Loss: 0.0136
INFO - 09/08/21 09:44:29 - 3:19:55 - Val: Loss: 1.02334 | Macro F1 0.66834 | Micro F1: 0.69541 | AUC PR Macro: 0.71758 | AUC PR Micro: 0.74404
INFO - 09/08/21 10:05:24 - 3:40:51 - Train Loss: 0.0113
INFO - 09/08/21 10:05:24 - 3:40:51 - Val: Loss: 0.99701 | Macro F1 0.66976 | Micro F1: 0.70039 | AUC PR Macro: 0.71191 | AUC PR Micro: 0.75436
INFO - 09/08/21 10:26:56 - 4:02:22 - Train Loss: 0.0088
INFO - 09/08/21 10:26:56 - 4:02:22 - Val: Loss: 1.10563 | Macro F1 0.67808 | Micro F1: 0.70430 | AUC PR Macro: 0.71467 | AUC PR Micro: 0.75266
INFO - 09/08/21 10:44:32 - 4:19:59 - Train Loss: 0.0070
INFO - 09/08/21 10:44:32 - 4:19:59 - Val: Loss: 1.14399 | Macro F1 0.67414 | Micro F1: 0.70478 | AUC PR Macro: 0.71938 | AUC PR Micro: 0.75316
INFO - 09/08/21 11:01:45 - 4:37:12 - Train Loss: 0.0056
INFO - 09/08/21 11:01:45 - 4:37:12 - Val: Loss: 1.27569 | Macro F1 0.66830 | Micro F1: 0.70402 | AUC PR Macro: 0.71932 | AUC PR Micro: 0.76331
INFO - 09/08/21 11:23:43 - 4:59:09 - Train Loss: 0.0044
INFO - 09/08/21 11:23:43 - 4:59:09 - Val: Loss: 1.33593 | Macro F1 0.67576 | Micro F1: 0.70730 | AUC PR Macro: 0.72140 | AUC PR Micro: 0.75779
INFO - 09/08/21 11:41:35 - 5:17:02 - Train Loss: 0.0035
INFO - 09/08/21 11:41:35 - 5:17:02 - Val: Loss: 1.37225 | Macro F1 0.67981 | Micro F1: 0.71577 | AUC PR Macro: 0.72451 | AUC PR Micro: 0.76533
INFO - 09/08/21 12:02:01 - 5:37:27 - Train Loss: 0.0027
INFO - 09/08/21 12:02:01 - 5:37:27 - Val: Loss: 1.48962 | Macro F1 0.66459 | Micro F1: 0.70354 | AUC PR Macro: 0.72243 | AUC PR Micro: 0.75748
INFO - 09/08/21 12:20:23 - 5:55:49 - Train Loss: 0.0022
INFO - 09/08/21 12:20:23 - 5:55:49 - Val: Loss: 1.55774 | Macro F1 0.67579 | Micro F1: 0.71190 | AUC PR Macro: 0.72307 | AUC PR Micro: 0.75692
INFO - 09/08/21 12:37:55 - 6:13:21 - Train Loss: 0.0017
INFO - 09/08/21 12:37:55 - 6:13:21 - Val: Loss: 1.68399 | Macro F1 0.68153 | Micro F1: 0.71488 | AUC PR Macro: 0.71976 | AUC PR Micro: 0.76297
INFO - 09/08/21 12:57:03 - 6:32:30 - Train Loss: 0.0013
INFO - 09/08/21 12:57:03 - 6:32:30 - Val: Loss: 1.62219 | Macro F1 0.67858 | Micro F1: 0.71560 | AUC PR Macro: 0.72515 | AUC PR Micro: 0.76443
INFO - 09/08/21 13:15:58 - 6:51:24 - Train Loss: 0.0010
INFO - 09/08/21 13:15:58 - 6:51:24 - Val: Loss: 1.68334 | Macro F1 0.68487 | Micro F1: 0.71957 | AUC PR Macro: 0.72438 | AUC PR Micro: 0.76411
INFO - 09/08/21 13:18:21 - 6:53:48 - No improvement. Breaking out of loop.
INFO - 09/08/21 13:27:39 - 7:03:05 - Test - : Loss: 1.29681 | Macro F1 0.69298 | Micro F1: 0.71519 | AUC PR Macro: 0.74406 | AUC PR Micro: 0.77893
DEBUG - 09/08/21 13:27:39 - 7:03:05 - Starting new HTTPS connection (1): s3.amazonaws.com:443
INFO - 09/08/21 13:27:49 - 7:03:16 - loading vocabulary file https://s3.amazonaws.com/models.huggingface.co/bert/bert-base-uncased-vocab.txt from cache at /home/est_posgrado_diego.moreno/.pytorch_pretrained_bert/26bc1ad6c0ac742e9b52263248f6d0f00068293b33709fae12320c0e35ccfbbb.542ce4285a40d23a559526243235df47c5f75c197f04f37d1a0c124c32c9a084
DEBUG - 09/08/21 13:27:50 - 7:03:16 - Starting new HTTPS connection (1): s3.amazonaws.com:443
INFO - 09/08/21 13:28:00 - 7:03:26 - loading vocabulary file https://s3.amazonaws.com/models.huggingface.co/bert/bert-base-uncased-vocab.txt from cache at /home/est_posgrado_diego.moreno/.pytorch_pretrained_bert/26bc1ad6c0ac742e9b52263248f6d0f00068293b33709fae12320c0e35ccfbbb.542ce4285a40d23a559526243235df47c5f75c197f04f37d1a0c124c32c9a084
DEBUG - 09/08/21 13:28:00 - 7:03:27 - Starting new HTTPS connection (1): huggingface.co:443
DEBUG - 09/08/21 13:28:10 - 7:03:37 - Starting new HTTPS connection (1): huggingface.co:443
