INFO - 04/29/22 03:31:15 - 0:00:00 - a_len: 3
                                     adapter_size: 64
                                     aonly: True
                                     attn_dropout: 0.1
                                     attn_dropout_a: 0.0
                                     attn_dropout_v: 0.0
                                     attn_mask: True
                                     batch_sz: 16
                                     bert_model: bert-base-uncased
                                     chunk_size: 100
                                     config_file: /home/est_posgrado_diego.moreno/vilbert-multi-task/config/bert_base_6layer_6conect.json
                                     data_path: /home/est_posgrado_diego.moreno/Workspace/Tesis/multimodal-transformers-movies/datasets
                                     drop_img_percent: 0.0
                                     dropout: 0.1
                                     embed_dropout: 0.25
                                     embed_sz: 300
                                     freeze_img: 0
                                     freeze_txt: 0
                                     from_pretrained: /home/est_posgrado_diego.moreno/vilbert-multi-task/save/multi_task_model.bin
                                     from_seed: 1
                                     glove_path: /path/to/glove_embeds/glove.840B.300d.txt
                                     gradient_accumulation_steps: 16
                                     hidden: []
                                     hidden_sz: 300
                                     hybrid: False
                                     img_embed_pool_type: avg
                                     img_hidden_sz: 2048
                                     include_bn: True
                                     inverse_seed: False
                                     just_test: False
                                     l_len: 512
                                     label_freqs: Counter({'happiness': 8732, 'sadness': 4269, 'anger': 3524, 'disgust': 2954, 'surprise': 1642, 'fear': 1331})
                                     labels: ['fear', 'happiness', 'sadness', 'disgust', 'anger', 'surprise']
                                     layers: 4
                                     lonly: True
                                     lr: 5e-05
                                     lr_factor: 0.5
                                     lr_patience: 2
                                     max_epochs: 100
                                     max_seq_len: 512
                                     model: mmtrvat
                                     n_classes: 6
                                     n_workers: 12
                                     name: moviescope_Seed3_mmbt_model_run
                                     nlevels: 5
                                     num_heads: 10
                                     num_image_embeds: 3
                                     num_images: 8
                                     orig_d_a: 74
                                     orig_d_l: 768
                                     orig_d_p: 4096
                                     orig_d_v: 35
                                     out_dropout: 0.0
                                     output_gates: False
                                     patience: 5
                                     pooling: cls
                                     relu_dropout: 0.1
                                     res_dropout: 0.1
                                     savedir: /home/est_posgrado_diego.moreno/Workspace/Tesis/multimodal-transformers-movies/model_save_mmtr_MOSEI/moviescope_Seed3_mmbt_model_run
                                     seed: 3
                                     task: cmu-mosei
                                     task_type: multilabel
                                     train_data_len: 16326
                                     train_type: split
                                     trained_model_dir: 
                                     v_len: 3
                                     vision_scratch: False
                                     visual: both
                                     vocab: <mmbt.data.vocab.Vocab object at 0x7fa20c2ba3d0>
                                     vocab_sz: 30522
                                     vonly: True
                                     warmup: 0.1
                                     weight_classes: 1
INFO - 04/29/22 03:31:15 - 0:00:00 - DataParallel(
                                       (module): MultiprojectionMMTransformer3DGMUClf(
                                         (enc): BertEncoder(
                                           (bert): BertModel(
                                             (embeddings): BertEmbeddings(
                                               (word_embeddings): Embedding(30522, 768, padding_idx=0)
                                               (position_embeddings): Embedding(512, 768)
                                               (token_type_embeddings): Embedding(2, 768)
                                               (LayerNorm): LayerNorm((768,), eps=1e-12, elementwise_affine=True)
                                               (dropout): Dropout(p=0.1, inplace=False)
                                             )
                                             (encoder): BertEncoder(
                                               (layer): ModuleList(
                                                 (0): BertLayer(
                                                   (attention): BertAttention(
                                                     (self): BertSelfAttention(
                                                       (query): Linear(in_features=768, out_features=768, bias=True)
                                                       (key): Linear(in_features=768, out_features=768, bias=True)
                                                       (value): Linear(in_features=768, out_features=768, bias=True)
                                                       (dropout): Dropout(p=0.1, inplace=False)
                                                     )
                                                     (output): BertSelfOutput(
                                                       (dense): Linear(in_features=768, out_features=768, bias=True)
                                                       (LayerNorm): LayerNorm((768,), eps=1e-12, elementwise_affine=True)
                                                       (dropout): Dropout(p=0.1, inplace=False)
                                                       (attention_text_task_adapters): ModuleDict()
                                                       (adapter_fusion_layer): ModuleDict()
                                                       (attention_text_lang_adapters): ModuleDict()
                                                     )
                                                   )
                                                   (intermediate): BertIntermediate(
                                                     (dense): Linear(in_features=768, out_features=3072, bias=True)
                                                   )
                                                   (output): BertOutput(
                                                     (dense): Linear(in_features=3072, out_features=768, bias=True)
                                                     (LayerNorm): LayerNorm((768,), eps=1e-12, elementwise_affine=True)
                                                     (dropout): Dropout(p=0.1, inplace=False)
                                                     (adapter_fusion_layer): ModuleDict()
                                                     (layer_text_task_adapters): ModuleDict()
                                                     (layer_text_lang_adapters): ModuleDict()
                                                   )
                                                 )
                                                 (1): BertLayer(
                                                   (attention): BertAttention(
                                                     (self): BertSelfAttention(
                                                       (query): Linear(in_features=768, out_features=768, bias=True)
                                                       (key): Linear(in_features=768, out_features=768, bias=True)
                                                       (value): Linear(in_features=768, out_features=768, bias=True)
                                                       (dropout): Dropout(p=0.1, inplace=False)
                                                     )
                                                     (output): BertSelfOutput(
                                                       (dense): Linear(in_features=768, out_features=768, bias=True)
                                                       (LayerNorm): LayerNorm((768,), eps=1e-12, elementwise_affine=True)
                                                       (dropout): Dropout(p=0.1, inplace=False)
                                                       (attention_text_task_adapters): ModuleDict()
                                                       (adapter_fusion_layer): ModuleDict()
                                                       (attention_text_lang_adapters): ModuleDict()
                                                     )
                                                   )
                                                   (intermediate): BertIntermediate(
                                                     (dense): Linear(in_features=768, out_features=3072, bias=True)
                                                   )
                                                   (output): BertOutput(
                                                     (dense): Linear(in_features=3072, out_features=768, bias=True)
                                                     (LayerNorm): LayerNorm((768,), eps=1e-12, elementwise_affine=True)
                                                     (dropout): Dropout(p=0.1, inplace=False)
                                                     (adapter_fusion_layer): ModuleDict()
                                                     (layer_text_task_adapters): ModuleDict()
                                                     (layer_text_lang_adapters): ModuleDict()
                                                   )
                                                 )
                                                 (2): BertLayer(
                                                   (attention): BertAttention(
                                                     (self): BertSelfAttention(
                                                       (query): Linear(in_features=768, out_features=768, bias=True)
                                                       (key): Linear(in_features=768, out_features=768, bias=True)
                                                       (value): Linear(in_features=768, out_features=768, bias=True)
                                                       (dropout): Dropout(p=0.1, inplace=False)
                                                     )
                                                     (output): BertSelfOutput(
                                                       (dense): Linear(in_features=768, out_features=768, bias=True)
                                                       (LayerNorm): LayerNorm((768,), eps=1e-12, elementwise_affine=True)
                                                       (dropout): Dropout(p=0.1, inplace=False)
                                                       (attention_text_task_adapters): ModuleDict()
                                                       (adapter_fusion_layer): ModuleDict()
                                                       (attention_text_lang_adapters): ModuleDict()
                                                     )
                                                   )
                                                   (intermediate): BertIntermediate(
                                                     (dense): Linear(in_features=768, out_features=3072, bias=True)
                                                   )
                                                   (output): BertOutput(
                                                     (dense): Linear(in_features=3072, out_features=768, bias=True)
                                                     (LayerNorm): LayerNorm((768,), eps=1e-12, elementwise_affine=True)
                                                     (dropout): Dropout(p=0.1, inplace=False)
                                                     (adapter_fusion_layer): ModuleDict()
                                                     (layer_text_task_adapters): ModuleDict()
                                                     (layer_text_lang_adapters): ModuleDict()
                                                   )
                                                 )
                                                 (3): BertLayer(
                                                   (attention): BertAttention(
                                                     (self): BertSelfAttention(
                                                       (query): Linear(in_features=768, out_features=768, bias=True)
                                                       (key): Linear(in_features=768, out_features=768, bias=True)
                                                       (value): Linear(in_features=768, out_features=768, bias=True)
                                                       (dropout): Dropout(p=0.1, inplace=False)
                                                     )
                                                     (output): BertSelfOutput(
                                                       (dense): Linear(in_features=768, out_features=768, bias=True)
                                                       (LayerNorm): LayerNorm((768,), eps=1e-12, elementwise_affine=True)
                                                       (dropout): Dropout(p=0.1, inplace=False)
                                                       (attention_text_task_adapters): ModuleDict()
                                                       (adapter_fusion_layer): ModuleDict()
                                                       (attention_text_lang_adapters): ModuleDict()
                                                     )
                                                   )
                                                   (intermediate): BertIntermediate(
                                                     (dense): Linear(in_features=768, out_features=3072, bias=True)
                                                   )
                                                   (output): BertOutput(
                                                     (dense): Linear(in_features=3072, out_features=768, bias=True)
                                                     (LayerNorm): LayerNorm((768,), eps=1e-12, elementwise_affine=True)
                                                     (dropout): Dropout(p=0.1, inplace=False)
                                                     (adapter_fusion_layer): ModuleDict()
                                                     (layer_text_task_adapters): ModuleDict()
                                                     (layer_text_lang_adapters): ModuleDict()
                                                   )
                                                 )
                                                 (4): BertLayer(
                                                   (attention): BertAttention(
                                                     (self): BertSelfAttention(
                                                       (query): Linear(in_features=768, out_features=768, bias=True)
                                                       (key): Linear(in_features=768, out_features=768, bias=True)
                                                       (value): Linear(in_features=768, out_features=768, bias=True)
                                                       (dropout): Dropout(p=0.1, inplace=False)
                                                     )
                                                     (output): BertSelfOutput(
                                                       (dense): Linear(in_features=768, out_features=768, bias=True)
                                                       (LayerNorm): LayerNorm((768,), eps=1e-12, elementwise_affine=True)
                                                       (dropout): Dropout(p=0.1, inplace=False)
                                                       (attention_text_task_adapters): ModuleDict()
                                                       (adapter_fusion_layer): ModuleDict()
                                                       (attention_text_lang_adapters): ModuleDict()
                                                     )
                                                   )
                                                   (intermediate): BertIntermediate(
                                                     (dense): Linear(in_features=768, out_features=3072, bias=True)
                                                   )
                                                   (output): BertOutput(
                                                     (dense): Linear(in_features=3072, out_features=768, bias=True)
                                                     (LayerNorm): LayerNorm((768,), eps=1e-12, elementwise_affine=True)
                                                     (dropout): Dropout(p=0.1, inplace=False)
                                                     (adapter_fusion_layer): ModuleDict()
                                                     (layer_text_task_adapters): ModuleDict()
                                                     (layer_text_lang_adapters): ModuleDict()
                                                   )
                                                 )
                                                 (5): BertLayer(
                                                   (attention): BertAttention(
                                                     (self): BertSelfAttention(
                                                       (query): Linear(in_features=768, out_features=768, bias=True)
                                                       (key): Linear(in_features=768, out_features=768, bias=True)
                                                       (value): Linear(in_features=768, out_features=768, bias=True)
                                                       (dropout): Dropout(p=0.1, inplace=False)
                                                     )
                                                     (output): BertSelfOutput(
                                                       (dense): Linear(in_features=768, out_features=768, bias=True)
                                                       (LayerNorm): LayerNorm((768,), eps=1e-12, elementwise_affine=True)
                                                       (dropout): Dropout(p=0.1, inplace=False)
                                                       (attention_text_task_adapters): ModuleDict()
                                                       (adapter_fusion_layer): ModuleDict()
                                                       (attention_text_lang_adapters): ModuleDict()
                                                     )
                                                   )
                                                   (intermediate): BertIntermediate(
                                                     (dense): Linear(in_features=768, out_features=3072, bias=True)
                                                   )
                                                   (output): BertOutput(
                                                     (dense): Linear(in_features=3072, out_features=768, bias=True)
                                                     (LayerNorm): LayerNorm((768,), eps=1e-12, elementwise_affine=True)
                                                     (dropout): Dropout(p=0.1, inplace=False)
                                                     (adapter_fusion_layer): ModuleDict()
                                                     (layer_text_task_adapters): ModuleDict()
                                                     (layer_text_lang_adapters): ModuleDict()
                                                   )
                                                 )
                                                 (6): BertLayer(
                                                   (attention): BertAttention(
                                                     (self): BertSelfAttention(
                                                       (query): Linear(in_features=768, out_features=768, bias=True)
                                                       (key): Linear(in_features=768, out_features=768, bias=True)
                                                       (value): Linear(in_features=768, out_features=768, bias=True)
                                                       (dropout): Dropout(p=0.1, inplace=False)
                                                     )
                                                     (output): BertSelfOutput(
                                                       (dense): Linear(in_features=768, out_features=768, bias=True)
                                                       (LayerNorm): LayerNorm((768,), eps=1e-12, elementwise_affine=True)
                                                       (dropout): Dropout(p=0.1, inplace=False)
                                                       (attention_text_task_adapters): ModuleDict()
                                                       (adapter_fusion_layer): ModuleDict()
                                                       (attention_text_lang_adapters): ModuleDict()
                                                     )
                                                   )
                                                   (intermediate): BertIntermediate(
                                                     (dense): Linear(in_features=768, out_features=3072, bias=True)
                                                   )
                                                   (output): BertOutput(
                                                     (dense): Linear(in_features=3072, out_features=768, bias=True)
                                                     (LayerNorm): LayerNorm((768,), eps=1e-12, elementwise_affine=True)
                                                     (dropout): Dropout(p=0.1, inplace=False)
                                                     (adapter_fusion_layer): ModuleDict()
                                                     (layer_text_task_adapters): ModuleDict()
                                                     (layer_text_lang_adapters): ModuleDict()
                                                   )
                                                 )
                                                 (7): BertLayer(
                                                   (attention): BertAttention(
                                                     (self): BertSelfAttention(
                                                       (query): Linear(in_features=768, out_features=768, bias=True)
                                                       (key): Linear(in_features=768, out_features=768, bias=True)
                                                       (value): Linear(in_features=768, out_features=768, bias=True)
                                                       (dropout): Dropout(p=0.1, inplace=False)
                                                     )
                                                     (output): BertSelfOutput(
                                                       (dense): Linear(in_features=768, out_features=768, bias=True)
                                                       (LayerNorm): LayerNorm((768,), eps=1e-12, elementwise_affine=True)
                                                       (dropout): Dropout(p=0.1, inplace=False)
                                                       (attention_text_task_adapters): ModuleDict()
                                                       (adapter_fusion_layer): ModuleDict()
                                                       (attention_text_lang_adapters): ModuleDict()
                                                     )
                                                   )
                                                   (intermediate): BertIntermediate(
                                                     (dense): Linear(in_features=768, out_features=3072, bias=True)
                                                   )
                                                   (output): BertOutput(
                                                     (dense): Linear(in_features=3072, out_features=768, bias=True)
                                                     (LayerNorm): LayerNorm((768,), eps=1e-12, elementwise_affine=True)
                                                     (dropout): Dropout(p=0.1, inplace=False)
                                                     (adapter_fusion_layer): ModuleDict()
                                                     (layer_text_task_adapters): ModuleDict()
                                                     (layer_text_lang_adapters): ModuleDict()
                                                   )
                                                 )
                                                 (8): BertLayer(
                                                   (attention): BertAttention(
                                                     (self): BertSelfAttention(
                                                       (query): Linear(in_features=768, out_features=768, bias=True)
                                                       (key): Linear(in_features=768, out_features=768, bias=True)
                                                       (value): Linear(in_features=768, out_features=768, bias=True)
                                                       (dropout): Dropout(p=0.1, inplace=False)
                                                     )
                                                     (output): BertSelfOutput(
                                                       (dense): Linear(in_features=768, out_features=768, bias=True)
                                                       (LayerNorm): LayerNorm((768,), eps=1e-12, elementwise_affine=True)
                                                       (dropout): Dropout(p=0.1, inplace=False)
                                                       (attention_text_task_adapters): ModuleDict()
                                                       (adapter_fusion_layer): ModuleDict()
                                                       (attention_text_lang_adapters): ModuleDict()
                                                     )
                                                   )
                                                   (intermediate): BertIntermediate(
                                                     (dense): Linear(in_features=768, out_features=3072, bias=True)
                                                   )
                                                   (output): BertOutput(
                                                     (dense): Linear(in_features=3072, out_features=768, bias=True)
                                                     (LayerNorm): LayerNorm((768,), eps=1e-12, elementwise_affine=True)
                                                     (dropout): Dropout(p=0.1, inplace=False)
                                                     (adapter_fusion_layer): ModuleDict()
                                                     (layer_text_task_adapters): ModuleDict()
                                                     (layer_text_lang_adapters): ModuleDict()
                                                   )
                                                 )
                                                 (9): BertLayer(
                                                   (attention): BertAttention(
                                                     (self): BertSelfAttention(
                                                       (query): Linear(in_features=768, out_features=768, bias=True)
                                                       (key): Linear(in_features=768, out_features=768, bias=True)
                                                       (value): Linear(in_features=768, out_features=768, bias=True)
                                                       (dropout): Dropout(p=0.1, inplace=False)
                                                     )
                                                     (output): BertSelfOutput(
                                                       (dense): Linear(in_features=768, out_features=768, bias=True)
                                                       (LayerNorm): LayerNorm((768,), eps=1e-12, elementwise_affine=True)
                                                       (dropout): Dropout(p=0.1, inplace=False)
                                                       (attention_text_task_adapters): ModuleDict()
                                                       (adapter_fusion_layer): ModuleDict()
                                                       (attention_text_lang_adapters): ModuleDict()
                                                     )
                                                   )
                                                   (intermediate): BertIntermediate(
                                                     (dense): Linear(in_features=768, out_features=3072, bias=True)
                                                   )
                                                   (output): BertOutput(
                                                     (dense): Linear(in_features=3072, out_features=768, bias=True)
                                                     (LayerNorm): LayerNorm((768,), eps=1e-12, elementwise_affine=True)
                                                     (dropout): Dropout(p=0.1, inplace=False)
                                                     (adapter_fusion_layer): ModuleDict()
                                                     (layer_text_task_adapters): ModuleDict()
                                                     (layer_text_lang_adapters): ModuleDict()
                                                   )
                                                 )
                                                 (10): BertLayer(
                                                   (attention): BertAttention(
                                                     (self): BertSelfAttention(
                                                       (query): Linear(in_features=768, out_features=768, bias=True)
                                                       (key): Linear(in_features=768, out_features=768, bias=True)
                                                       (value): Linear(in_features=768, out_features=768, bias=True)
                                                       (dropout): Dropout(p=0.1, inplace=False)
                                                     )
                                                     (output): BertSelfOutput(
                                                       (dense): Linear(in_features=768, out_features=768, bias=True)
                                                       (LayerNorm): LayerNorm((768,), eps=1e-12, elementwise_affine=True)
                                                       (dropout): Dropout(p=0.1, inplace=False)
                                                       (attention_text_task_adapters): ModuleDict()
                                                       (adapter_fusion_layer): ModuleDict()
                                                       (attention_text_lang_adapters): ModuleDict()
                                                     )
                                                   )
                                                   (intermediate): BertIntermediate(
                                                     (dense): Linear(in_features=768, out_features=3072, bias=True)
                                                   )
                                                   (output): BertOutput(
                                                     (dense): Linear(in_features=3072, out_features=768, bias=True)
                                                     (LayerNorm): LayerNorm((768,), eps=1e-12, elementwise_affine=True)
                                                     (dropout): Dropout(p=0.1, inplace=False)
                                                     (adapter_fusion_layer): ModuleDict()
                                                     (layer_text_task_adapters): ModuleDict()
                                                     (layer_text_lang_adapters): ModuleDict()
                                                   )
                                                 )
                                                 (11): BertLayer(
                                                   (attention): BertAttention(
                                                     (self): BertSelfAttention(
                                                       (query): Linear(in_features=768, out_features=768, bias=True)
                                                       (key): Linear(in_features=768, out_features=768, bias=True)
                                                       (value): Linear(in_features=768, out_features=768, bias=True)
                                                       (dropout): Dropout(p=0.1, inplace=False)
                                                     )
                                                     (output): BertSelfOutput(
                                                       (dense): Linear(in_features=768, out_features=768, bias=True)
                                                       (LayerNorm): LayerNorm((768,), eps=1e-12, elementwise_affine=True)
                                                       (dropout): Dropout(p=0.1, inplace=False)
                                                       (attention_text_task_adapters): ModuleDict()
                                                       (adapter_fusion_layer): ModuleDict()
                                                       (attention_text_lang_adapters): ModuleDict()
                                                     )
                                                   )
                                                   (intermediate): BertIntermediate(
                                                     (dense): Linear(in_features=768, out_features=3072, bias=True)
                                                   )
                                                   (output): BertOutput(
                                                     (dense): Linear(in_features=3072, out_features=768, bias=True)
                                                     (LayerNorm): LayerNorm((768,), eps=1e-12, elementwise_affine=True)
                                                     (dropout): Dropout(p=0.1, inplace=False)
                                                     (adapter_fusion_layer): ModuleDict()
                                                     (layer_text_task_adapters): ModuleDict()
                                                     (layer_text_lang_adapters): ModuleDict()
                                                   )
                                                 )
                                               )
                                             )
                                             (pooler): BertPooler(
                                               (dense): Linear(in_features=768, out_features=768, bias=True)
                                               (activation): Tanh()
                                             )
                                             (invertible_lang_adapters): ModuleDict()
                                           )
                                         )
                                         (gmu_l_m): GatedMultimodalLayerFeatures(
                                           (hidden1): Linear(in_features=300, out_features=300, bias=False)
                                           (hidden2): Linear(in_features=300, out_features=300, bias=False)
                                           (x_gate): Linear(in_features=600, out_features=300, bias=False)
                                         )
                                         (gmu_v_m): GatedMultimodalLayerFeatures(
                                           (hidden1): Linear(in_features=300, out_features=300, bias=False)
                                           (hidden2): Linear(in_features=300, out_features=300, bias=False)
                                           (x_gate): Linear(in_features=600, out_features=300, bias=False)
                                         )
                                         (gmu_a_m): GatedMultimodalLayerFeatures(
                                           (hidden1): Linear(in_features=300, out_features=300, bias=False)
                                           (hidden2): Linear(in_features=300, out_features=300, bias=False)
                                           (x_gate): Linear(in_features=600, out_features=300, bias=False)
                                         )
                                         (gmu_l): GatedMultimodalLayerFeatures(
                                           (hidden1): Linear(in_features=300, out_features=300, bias=False)
                                           (hidden2): Linear(in_features=300, out_features=300, bias=False)
                                           (x_gate): Linear(in_features=600, out_features=300, bias=False)
                                         )
                                         (gmu_v): GatedMultimodalLayerFeatures(
                                           (hidden1): Linear(in_features=300, out_features=300, bias=False)
                                           (hidden2): Linear(in_features=300, out_features=300, bias=False)
                                           (x_gate): Linear(in_features=600, out_features=300, bias=False)
                                         )
                                         (gmu_a): GatedMultimodalLayerFeatures(
                                           (hidden1): Linear(in_features=300, out_features=300, bias=False)
                                           (hidden2): Linear(in_features=300, out_features=300, bias=False)
                                           (x_gate): Linear(in_features=600, out_features=300, bias=False)
                                         )
                                         (proj_l): Conv1d(768, 300, kernel_size=(1,), stride=(1,), bias=False)
                                         (proj_v): Conv1d(35, 300, kernel_size=(1,), stride=(1,), bias=False)
                                         (proj_a): Conv1d(74, 300, kernel_size=(1,), stride=(1,), bias=False)
                                         (trans_l_with_a): TransformerEncoder(
                                           (embed_positions): SinusoidalPositionalEmbedding()
                                           (layers): ModuleList(
                                             (0): TransformerEncoderLayer(
                                               (self_attn): MultiheadAttention(
                                                 (out_proj): Linear(in_features=300, out_features=300, bias=True)
                                               )
                                               (fc1): Linear(in_features=300, out_features=1200, bias=True)
                                               (fc2): Linear(in_features=1200, out_features=300, bias=True)
                                               (layer_norms): ModuleList(
                                                 (0): LayerNorm((300,), eps=1e-05, elementwise_affine=True)
                                                 (1): LayerNorm((300,), eps=1e-05, elementwise_affine=True)
                                               )
                                             )
                                             (1): TransformerEncoderLayer(
                                               (self_attn): MultiheadAttention(
                                                 (out_proj): Linear(in_features=300, out_features=300, bias=True)
                                               )
                                               (fc1): Linear(in_features=300, out_features=1200, bias=True)
                                               (fc2): Linear(in_features=1200, out_features=300, bias=True)
                                               (layer_norms): ModuleList(
                                                 (0): LayerNorm((300,), eps=1e-05, elementwise_affine=True)
                                                 (1): LayerNorm((300,), eps=1e-05, elementwise_affine=True)
                                               )
                                             )
                                             (2): TransformerEncoderLayer(
                                               (self_attn): MultiheadAttention(
                                                 (out_proj): Linear(in_features=300, out_features=300, bias=True)
                                               )
                                               (fc1): Linear(in_features=300, out_features=1200, bias=True)
                                               (fc2): Linear(in_features=1200, out_features=300, bias=True)
                                               (layer_norms): ModuleList(
                                                 (0): LayerNorm((300,), eps=1e-05, elementwise_affine=True)
                                                 (1): LayerNorm((300,), eps=1e-05, elementwise_affine=True)
                                               )
                                             )
                                             (3): TransformerEncoderLayer(
                                               (self_attn): MultiheadAttention(
                                                 (out_proj): Linear(in_features=300, out_features=300, bias=True)
                                               )
                                               (fc1): Linear(in_features=300, out_features=1200, bias=True)
                                               (fc2): Linear(in_features=1200, out_features=300, bias=True)
                                               (layer_norms): ModuleList(
                                                 (0): LayerNorm((300,), eps=1e-05, elementwise_affine=True)
                                                 (1): LayerNorm((300,), eps=1e-05, elementwise_affine=True)
                                               )
                                             )
                                           )
                                           (layer_norm): LayerNorm((300,), eps=1e-05, elementwise_affine=True)
                                         )
                                         (trans_l_with_v): TransformerEncoder(
                                           (embed_positions): SinusoidalPositionalEmbedding()
                                           (layers): ModuleList(
                                             (0): TransformerEncoderLayer(
                                               (self_attn): MultiheadAttention(
                                                 (out_proj): Linear(in_features=300, out_features=300, bias=True)
                                               )
                                               (fc1): Linear(in_features=300, out_features=1200, bias=True)
                                               (fc2): Linear(in_features=1200, out_features=300, bias=True)
                                               (layer_norms): ModuleList(
                                                 (0): LayerNorm((300,), eps=1e-05, elementwise_affine=True)
                                                 (1): LayerNorm((300,), eps=1e-05, elementwise_affine=True)
                                               )
                                             )
                                             (1): TransformerEncoderLayer(
                                               (self_attn): MultiheadAttention(
                                                 (out_proj): Linear(in_features=300, out_features=300, bias=True)
                                               )
                                               (fc1): Linear(in_features=300, out_features=1200, bias=True)
                                               (fc2): Linear(in_features=1200, out_features=300, bias=True)
                                               (layer_norms): ModuleList(
                                                 (0): LayerNorm((300,), eps=1e-05, elementwise_affine=True)
                                                 (1): LayerNorm((300,), eps=1e-05, elementwise_affine=True)
                                               )
                                             )
                                             (2): TransformerEncoderLayer(
                                               (self_attn): MultiheadAttention(
                                                 (out_proj): Linear(in_features=300, out_features=300, bias=True)
                                               )
                                               (fc1): Linear(in_features=300, out_features=1200, bias=True)
                                               (fc2): Linear(in_features=1200, out_features=300, bias=True)
                                               (layer_norms): ModuleList(
                                                 (0): LayerNorm((300,), eps=1e-05, elementwise_affine=True)
                                                 (1): LayerNorm((300,), eps=1e-05, elementwise_affine=True)
                                               )
                                             )
                                             (3): TransformerEncoderLayer(
                                               (self_attn): MultiheadAttention(
                                                 (out_proj): Linear(in_features=300, out_features=300, bias=True)
                                               )
                                               (fc1): Linear(in_features=300, out_features=1200, bias=True)
                                               (fc2): Linear(in_features=1200, out_features=300, bias=True)
                                               (layer_norms): ModuleList(
                                                 (0): LayerNorm((300,), eps=1e-05, elementwise_affine=True)
                                                 (1): LayerNorm((300,), eps=1e-05, elementwise_affine=True)
                                               )
                                             )
                                           )
                                           (layer_norm): LayerNorm((300,), eps=1e-05, elementwise_affine=True)
                                         )
                                         (trans_l_with_v2a): TransformerEncoder(
                                           (embed_positions): SinusoidalPositionalEmbedding()
                                           (layers): ModuleList(
                                             (0): TransformerEncoderLayer(
                                               (self_attn): MultiheadAttention(
                                                 (out_proj): Linear(in_features=300, out_features=300, bias=True)
                                               )
                                               (fc1): Linear(in_features=300, out_features=1200, bias=True)
                                               (fc2): Linear(in_features=1200, out_features=300, bias=True)
                                               (layer_norms): ModuleList(
                                                 (0): LayerNorm((300,), eps=1e-05, elementwise_affine=True)
                                                 (1): LayerNorm((300,), eps=1e-05, elementwise_affine=True)
                                               )
                                             )
                                             (1): TransformerEncoderLayer(
                                               (self_attn): MultiheadAttention(
                                                 (out_proj): Linear(in_features=300, out_features=300, bias=True)
                                               )
                                               (fc1): Linear(in_features=300, out_features=1200, bias=True)
                                               (fc2): Linear(in_features=1200, out_features=300, bias=True)
                                               (layer_norms): ModuleList(
                                                 (0): LayerNorm((300,), eps=1e-05, elementwise_affine=True)
                                                 (1): LayerNorm((300,), eps=1e-05, elementwise_affine=True)
                                               )
                                             )
                                             (2): TransformerEncoderLayer(
                                               (self_attn): MultiheadAttention(
                                                 (out_proj): Linear(in_features=300, out_features=300, bias=True)
                                               )
                                               (fc1): Linear(in_features=300, out_features=1200, bias=True)
                                               (fc2): Linear(in_features=1200, out_features=300, bias=True)
                                               (layer_norms): ModuleList(
                                                 (0): LayerNorm((300,), eps=1e-05, elementwise_affine=True)
                                                 (1): LayerNorm((300,), eps=1e-05, elementwise_affine=True)
                                               )
                                             )
                                             (3): TransformerEncoderLayer(
                                               (self_attn): MultiheadAttention(
                                                 (out_proj): Linear(in_features=300, out_features=300, bias=True)
                                               )
                                               (fc1): Linear(in_features=300, out_features=1200, bias=True)
                                               (fc2): Linear(in_features=1200, out_features=300, bias=True)
                                               (layer_norms): ModuleList(
                                                 (0): LayerNorm((300,), eps=1e-05, elementwise_affine=True)
                                                 (1): LayerNorm((300,), eps=1e-05, elementwise_affine=True)
                                               )
                                             )
                                           )
                                           (layer_norm): LayerNorm((300,), eps=1e-05, elementwise_affine=True)
                                         )
                                         (trans_l_with_a2v): TransformerEncoder(
                                           (embed_positions): SinusoidalPositionalEmbedding()
                                           (layers): ModuleList(
                                             (0): TransformerEncoderLayer(
                                               (self_attn): MultiheadAttention(
                                                 (out_proj): Linear(in_features=300, out_features=300, bias=True)
                                               )
                                               (fc1): Linear(in_features=300, out_features=1200, bias=True)
                                               (fc2): Linear(in_features=1200, out_features=300, bias=True)
                                               (layer_norms): ModuleList(
                                                 (0): LayerNorm((300,), eps=1e-05, elementwise_affine=True)
                                                 (1): LayerNorm((300,), eps=1e-05, elementwise_affine=True)
                                               )
                                             )
                                             (1): TransformerEncoderLayer(
                                               (self_attn): MultiheadAttention(
                                                 (out_proj): Linear(in_features=300, out_features=300, bias=True)
                                               )
                                               (fc1): Linear(in_features=300, out_features=1200, bias=True)
                                               (fc2): Linear(in_features=1200, out_features=300, bias=True)
                                               (layer_norms): ModuleList(
                                                 (0): LayerNorm((300,), eps=1e-05, elementwise_affine=True)
                                                 (1): LayerNorm((300,), eps=1e-05, elementwise_affine=True)
                                               )
                                             )
                                             (2): TransformerEncoderLayer(
                                               (self_attn): MultiheadAttention(
                                                 (out_proj): Linear(in_features=300, out_features=300, bias=True)
                                               )
                                               (fc1): Linear(in_features=300, out_features=1200, bias=True)
                                               (fc2): Linear(in_features=1200, out_features=300, bias=True)
                                               (layer_norms): ModuleList(
                                                 (0): LayerNorm((300,), eps=1e-05, elementwise_affine=True)
                                                 (1): LayerNorm((300,), eps=1e-05, elementwise_affine=True)
                                               )
                                             )
                                             (3): TransformerEncoderLayer(
                                               (self_attn): MultiheadAttention(
                                                 (out_proj): Linear(in_features=300, out_features=300, bias=True)
                                               )
                                               (fc1): Linear(in_features=300, out_features=1200, bias=True)
                                               (fc2): Linear(in_features=1200, out_features=300, bias=True)
                                               (layer_norms): ModuleList(
                                                 (0): LayerNorm((300,), eps=1e-05, elementwise_affine=True)
                                                 (1): LayerNorm((300,), eps=1e-05, elementwise_affine=True)
                                               )
                                             )
                                           )
                                           (layer_norm): LayerNorm((300,), eps=1e-05, elementwise_affine=True)
                                         )
                                         (trans_v_with_l): TransformerEncoder(
                                           (embed_positions): SinusoidalPositionalEmbedding()
                                           (layers): ModuleList(
                                             (0): TransformerEncoderLayer(
                                               (self_attn): MultiheadAttention(
                                                 (out_proj): Linear(in_features=300, out_features=300, bias=True)
                                               )
                                               (fc1): Linear(in_features=300, out_features=1200, bias=True)
                                               (fc2): Linear(in_features=1200, out_features=300, bias=True)
                                               (layer_norms): ModuleList(
                                                 (0): LayerNorm((300,), eps=1e-05, elementwise_affine=True)
                                                 (1): LayerNorm((300,), eps=1e-05, elementwise_affine=True)
                                               )
                                             )
                                             (1): TransformerEncoderLayer(
                                               (self_attn): MultiheadAttention(
                                                 (out_proj): Linear(in_features=300, out_features=300, bias=True)
                                               )
                                               (fc1): Linear(in_features=300, out_features=1200, bias=True)
                                               (fc2): Linear(in_features=1200, out_features=300, bias=True)
                                               (layer_norms): ModuleList(
                                                 (0): LayerNorm((300,), eps=1e-05, elementwise_affine=True)
                                                 (1): LayerNorm((300,), eps=1e-05, elementwise_affine=True)
                                               )
                                             )
                                             (2): TransformerEncoderLayer(
                                               (self_attn): MultiheadAttention(
                                                 (out_proj): Linear(in_features=300, out_features=300, bias=True)
                                               )
                                               (fc1): Linear(in_features=300, out_features=1200, bias=True)
                                               (fc2): Linear(in_features=1200, out_features=300, bias=True)
                                               (layer_norms): ModuleList(
                                                 (0): LayerNorm((300,), eps=1e-05, elementwise_affine=True)
                                                 (1): LayerNorm((300,), eps=1e-05, elementwise_affine=True)
                                               )
                                             )
                                             (3): TransformerEncoderLayer(
                                               (self_attn): MultiheadAttention(
                                                 (out_proj): Linear(in_features=300, out_features=300, bias=True)
                                               )
                                               (fc1): Linear(in_features=300, out_features=1200, bias=True)
                                               (fc2): Linear(in_features=1200, out_features=300, bias=True)
                                               (layer_norms): ModuleList(
                                                 (0): LayerNorm((300,), eps=1e-05, elementwise_affine=True)
                                                 (1): LayerNorm((300,), eps=1e-05, elementwise_affine=True)
                                               )
                                             )
                                           )
                                           (layer_norm): LayerNorm((300,), eps=1e-05, elementwise_affine=True)
                                         )
                                         (trans_v_with_a): TransformerEncoder(
                                           (embed_positions): SinusoidalPositionalEmbedding()
                                           (layers): ModuleList(
                                             (0): TransformerEncoderLayer(
                                               (self_attn): MultiheadAttention(
                                                 (out_proj): Linear(in_features=300, out_features=300, bias=True)
                                               )
                                               (fc1): Linear(in_features=300, out_features=1200, bias=True)
                                               (fc2): Linear(in_features=1200, out_features=300, bias=True)
                                               (layer_norms): ModuleList(
                                                 (0): LayerNorm((300,), eps=1e-05, elementwise_affine=True)
                                                 (1): LayerNorm((300,), eps=1e-05, elementwise_affine=True)
                                               )
                                             )
                                             (1): TransformerEncoderLayer(
                                               (self_attn): MultiheadAttention(
                                                 (out_proj): Linear(in_features=300, out_features=300, bias=True)
                                               )
                                               (fc1): Linear(in_features=300, out_features=1200, bias=True)
                                               (fc2): Linear(in_features=1200, out_features=300, bias=True)
                                               (layer_norms): ModuleList(
                                                 (0): LayerNorm((300,), eps=1e-05, elementwise_affine=True)
                                                 (1): LayerNorm((300,), eps=1e-05, elementwise_affine=True)
                                               )
                                             )
                                             (2): TransformerEncoderLayer(
                                               (self_attn): MultiheadAttention(
                                                 (out_proj): Linear(in_features=300, out_features=300, bias=True)
                                               )
                                               (fc1): Linear(in_features=300, out_features=1200, bias=True)
                                               (fc2): Linear(in_features=1200, out_features=300, bias=True)
                                               (layer_norms): ModuleList(
                                                 (0): LayerNorm((300,), eps=1e-05, elementwise_affine=True)
                                                 (1): LayerNorm((300,), eps=1e-05, elementwise_affine=True)
                                               )
                                             )
                                             (3): TransformerEncoderLayer(
                                               (self_attn): MultiheadAttention(
                                                 (out_proj): Linear(in_features=300, out_features=300, bias=True)
                                               )
                                               (fc1): Linear(in_features=300, out_features=1200, bias=True)
                                               (fc2): Linear(in_features=1200, out_features=300, bias=True)
                                               (layer_norms): ModuleList(
                                                 (0): LayerNorm((300,), eps=1e-05, elementwise_affine=True)
                                                 (1): LayerNorm((300,), eps=1e-05, elementwise_affine=True)
                                               )
                                             )
                                           )
                                           (layer_norm): LayerNorm((300,), eps=1e-05, elementwise_affine=True)
                                         )
                                         (trans_v_with_l2a): TransformerEncoder(
                                           (embed_positions): SinusoidalPositionalEmbedding()
                                           (layers): ModuleList(
                                             (0): TransformerEncoderLayer(
                                               (self_attn): MultiheadAttention(
                                                 (out_proj): Linear(in_features=300, out_features=300, bias=True)
                                               )
                                               (fc1): Linear(in_features=300, out_features=1200, bias=True)
                                               (fc2): Linear(in_features=1200, out_features=300, bias=True)
                                               (layer_norms): ModuleList(
                                                 (0): LayerNorm((300,), eps=1e-05, elementwise_affine=True)
                                                 (1): LayerNorm((300,), eps=1e-05, elementwise_affine=True)
                                               )
                                             )
                                             (1): TransformerEncoderLayer(
                                               (self_attn): MultiheadAttention(
                                                 (out_proj): Linear(in_features=300, out_features=300, bias=True)
                                               )
                                               (fc1): Linear(in_features=300, out_features=1200, bias=True)
                                               (fc2): Linear(in_features=1200, out_features=300, bias=True)
                                               (layer_norms): ModuleList(
                                                 (0): LayerNorm((300,), eps=1e-05, elementwise_affine=True)
                                                 (1): LayerNorm((300,), eps=1e-05, elementwise_affine=True)
                                               )
                                             )
                                             (2): TransformerEncoderLayer(
                                               (self_attn): MultiheadAttention(
                                                 (out_proj): Linear(in_features=300, out_features=300, bias=True)
                                               )
                                               (fc1): Linear(in_features=300, out_features=1200, bias=True)
                                               (fc2): Linear(in_features=1200, out_features=300, bias=True)
                                               (layer_norms): ModuleList(
                                                 (0): LayerNorm((300,), eps=1e-05, elementwise_affine=True)
                                                 (1): LayerNorm((300,), eps=1e-05, elementwise_affine=True)
                                               )
                                             )
                                             (3): TransformerEncoderLayer(
                                               (self_attn): MultiheadAttention(
                                                 (out_proj): Linear(in_features=300, out_features=300, bias=True)
                                               )
                                               (fc1): Linear(in_features=300, out_features=1200, bias=True)
                                               (fc2): Linear(in_features=1200, out_features=300, bias=True)
                                               (layer_norms): ModuleList(
                                                 (0): LayerNorm((300,), eps=1e-05, elementwise_affine=True)
                                                 (1): LayerNorm((300,), eps=1e-05, elementwise_affine=True)
                                               )
                                             )
                                           )
                                           (layer_norm): LayerNorm((300,), eps=1e-05, elementwise_affine=True)
                                         )
                                         (trans_v_with_a2l): TransformerEncoder(
                                           (embed_positions): SinusoidalPositionalEmbedding()
                                           (layers): ModuleList(
                                             (0): TransformerEncoderLayer(
                                               (self_attn): MultiheadAttention(
                                                 (out_proj): Linear(in_features=300, out_features=300, bias=True)
                                               )
                                               (fc1): Linear(in_features=300, out_features=1200, bias=True)
                                               (fc2): Linear(in_features=1200, out_features=300, bias=True)
                                               (layer_norms): ModuleList(
                                                 (0): LayerNorm((300,), eps=1e-05, elementwise_affine=True)
                                                 (1): LayerNorm((300,), eps=1e-05, elementwise_affine=True)
                                               )
                                             )
                                             (1): TransformerEncoderLayer(
                                               (self_attn): MultiheadAttention(
                                                 (out_proj): Linear(in_features=300, out_features=300, bias=True)
                                               )
                                               (fc1): Linear(in_features=300, out_features=1200, bias=True)
                                               (fc2): Linear(in_features=1200, out_features=300, bias=True)
                                               (layer_norms): ModuleList(
                                                 (0): LayerNorm((300,), eps=1e-05, elementwise_affine=True)
                                                 (1): LayerNorm((300,), eps=1e-05, elementwise_affine=True)
                                               )
                                             )
                                             (2): TransformerEncoderLayer(
                                               (self_attn): MultiheadAttention(
                                                 (out_proj): Linear(in_features=300, out_features=300, bias=True)
                                               )
                                               (fc1): Linear(in_features=300, out_features=1200, bias=True)
                                               (fc2): Linear(in_features=1200, out_features=300, bias=True)
                                               (layer_norms): ModuleList(
                                                 (0): LayerNorm((300,), eps=1e-05, elementwise_affine=True)
                                                 (1): LayerNorm((300,), eps=1e-05, elementwise_affine=True)
                                               )
                                             )
                                             (3): TransformerEncoderLayer(
                                               (self_attn): MultiheadAttention(
                                                 (out_proj): Linear(in_features=300, out_features=300, bias=True)
                                               )
                                               (fc1): Linear(in_features=300, out_features=1200, bias=True)
                                               (fc2): Linear(in_features=1200, out_features=300, bias=True)
                                               (layer_norms): ModuleList(
                                                 (0): LayerNorm((300,), eps=1e-05, elementwise_affine=True)
                                                 (1): LayerNorm((300,), eps=1e-05, elementwise_affine=True)
                                               )
                                             )
                                           )
                                           (layer_norm): LayerNorm((300,), eps=1e-05, elementwise_affine=True)
                                         )
                                         (trans_a_with_l): TransformerEncoder(
                                           (embed_positions): SinusoidalPositionalEmbedding()
                                           (layers): ModuleList(
                                             (0): TransformerEncoderLayer(
                                               (self_attn): MultiheadAttention(
                                                 (out_proj): Linear(in_features=300, out_features=300, bias=True)
                                               )
                                               (fc1): Linear(in_features=300, out_features=1200, bias=True)
                                               (fc2): Linear(in_features=1200, out_features=300, bias=True)
                                               (layer_norms): ModuleList(
                                                 (0): LayerNorm((300,), eps=1e-05, elementwise_affine=True)
                                                 (1): LayerNorm((300,), eps=1e-05, elementwise_affine=True)
                                               )
                                             )
                                             (1): TransformerEncoderLayer(
                                               (self_attn): MultiheadAttention(
                                                 (out_proj): Linear(in_features=300, out_features=300, bias=True)
                                               )
                                               (fc1): Linear(in_features=300, out_features=1200, bias=True)
                                               (fc2): Linear(in_features=1200, out_features=300, bias=True)
                                               (layer_norms): ModuleList(
                                                 (0): LayerNorm((300,), eps=1e-05, elementwise_affine=True)
                                                 (1): LayerNorm((300,), eps=1e-05, elementwise_affine=True)
                                               )
                                             )
                                             (2): TransformerEncoderLayer(
                                               (self_attn): MultiheadAttention(
                                                 (out_proj): Linear(in_features=300, out_features=300, bias=True)
                                               )
                                               (fc1): Linear(in_features=300, out_features=1200, bias=True)
                                               (fc2): Linear(in_features=1200, out_features=300, bias=True)
                                               (layer_norms): ModuleList(
                                                 (0): LayerNorm((300,), eps=1e-05, elementwise_affine=True)
                                                 (1): LayerNorm((300,), eps=1e-05, elementwise_affine=True)
                                               )
                                             )
                                             (3): TransformerEncoderLayer(
                                               (self_attn): MultiheadAttention(
                                                 (out_proj): Linear(in_features=300, out_features=300, bias=True)
                                               )
                                               (fc1): Linear(in_features=300, out_features=1200, bias=True)
                                               (fc2): Linear(in_features=1200, out_features=300, bias=True)
                                               (layer_norms): ModuleList(
                                                 (0): LayerNorm((300,), eps=1e-05, elementwise_affine=True)
                                                 (1): LayerNorm((300,), eps=1e-05, elementwise_affine=True)
                                               )
                                             )
                                           )
                                           (layer_norm): LayerNorm((300,), eps=1e-05, elementwise_affine=True)
                                         )
                                         (trans_a_with_v): TransformerEncoder(
                                           (embed_positions): SinusoidalPositionalEmbedding()
                                           (layers): ModuleList(
                                             (0): TransformerEncoderLayer(
                                               (self_attn): MultiheadAttention(
                                                 (out_proj): Linear(in_features=300, out_features=300, bias=True)
                                               )
                                               (fc1): Linear(in_features=300, out_features=1200, bias=True)
                                               (fc2): Linear(in_features=1200, out_features=300, bias=True)
                                               (layer_norms): ModuleList(
                                                 (0): LayerNorm((300,), eps=1e-05, elementwise_affine=True)
                                                 (1): LayerNorm((300,), eps=1e-05, elementwise_affine=True)
                                               )
                                             )
                                             (1): TransformerEncoderLayer(
                                               (self_attn): MultiheadAttention(
                                                 (out_proj): Linear(in_features=300, out_features=300, bias=True)
                                               )
                                               (fc1): Linear(in_features=300, out_features=1200, bias=True)
                                               (fc2): Linear(in_features=1200, out_features=300, bias=True)
                                               (layer_norms): ModuleList(
                                                 (0): LayerNorm((300,), eps=1e-05, elementwise_affine=True)
                                                 (1): LayerNorm((300,), eps=1e-05, elementwise_affine=True)
                                               )
                                             )
                                             (2): TransformerEncoderLayer(
                                               (self_attn): MultiheadAttention(
                                                 (out_proj): Linear(in_features=300, out_features=300, bias=True)
                                               )
                                               (fc1): Linear(in_features=300, out_features=1200, bias=True)
                                               (fc2): Linear(in_features=1200, out_features=300, bias=True)
                                               (layer_norms): ModuleList(
                                                 (0): LayerNorm((300,), eps=1e-05, elementwise_affine=True)
                                                 (1): LayerNorm((300,), eps=1e-05, elementwise_affine=True)
                                               )
                                             )
                                             (3): TransformerEncoderLayer(
                                               (self_attn): MultiheadAttention(
                                                 (out_proj): Linear(in_features=300, out_features=300, bias=True)
                                               )
                                               (fc1): Linear(in_features=300, out_features=1200, bias=True)
                                               (fc2): Linear(in_features=1200, out_features=300, bias=True)
                                               (layer_norms): ModuleList(
                                                 (0): LayerNorm((300,), eps=1e-05, elementwise_affine=True)
                                                 (1): LayerNorm((300,), eps=1e-05, elementwise_affine=True)
                                               )
                                             )
                                           )
                                           (layer_norm): LayerNorm((300,), eps=1e-05, elementwise_affine=True)
                                         )
                                         (trans_a_with_v2l): TransformerEncoder(
                                           (embed_positions): SinusoidalPositionalEmbedding()
                                           (layers): ModuleList(
                                             (0): TransformerEncoderLayer(
                                               (self_attn): MultiheadAttention(
                                                 (out_proj): Linear(in_features=300, out_features=300, bias=True)
                                               )
                                               (fc1): Linear(in_features=300, out_features=1200, bias=True)
                                               (fc2): Linear(in_features=1200, out_features=300, bias=True)
                                               (layer_norms): ModuleList(
                                                 (0): LayerNorm((300,), eps=1e-05, elementwise_affine=True)
                                                 (1): LayerNorm((300,), eps=1e-05, elementwise_affine=True)
                                               )
                                             )
                                             (1): TransformerEncoderLayer(
                                               (self_attn): MultiheadAttention(
                                                 (out_proj): Linear(in_features=300, out_features=300, bias=True)
                                               )
                                               (fc1): Linear(in_features=300, out_features=1200, bias=True)
                                               (fc2): Linear(in_features=1200, out_features=300, bias=True)
                                               (layer_norms): ModuleList(
                                                 (0): LayerNorm((300,), eps=1e-05, elementwise_affine=True)
                                                 (1): LayerNorm((300,), eps=1e-05, elementwise_affine=True)
                                               )
                                             )
                                             (2): TransformerEncoderLayer(
                                               (self_attn): MultiheadAttention(
                                                 (out_proj): Linear(in_features=300, out_features=300, bias=True)
                                               )
                                               (fc1): Linear(in_features=300, out_features=1200, bias=True)
                                               (fc2): Linear(in_features=1200, out_features=300, bias=True)
                                               (layer_norms): ModuleList(
                                                 (0): LayerNorm((300,), eps=1e-05, elementwise_affine=True)
                                                 (1): LayerNorm((300,), eps=1e-05, elementwise_affine=True)
                                               )
                                             )
                                             (3): TransformerEncoderLayer(
                                               (self_attn): MultiheadAttention(
                                                 (out_proj): Linear(in_features=300, out_features=300, bias=True)
                                               )
                                               (fc1): Linear(in_features=300, out_features=1200, bias=True)
                                               (fc2): Linear(in_features=1200, out_features=300, bias=True)
                                               (layer_norms): ModuleList(
                                                 (0): LayerNorm((300,), eps=1e-05, elementwise_affine=True)
                                                 (1): LayerNorm((300,), eps=1e-05, elementwise_affine=True)
                                               )
                                             )
                                           )
                                           (layer_norm): LayerNorm((300,), eps=1e-05, elementwise_affine=True)
                                         )
                                         (trans_a_with_l2v): TransformerEncoder(
                                           (embed_positions): SinusoidalPositionalEmbedding()
                                           (layers): ModuleList(
                                             (0): TransformerEncoderLayer(
                                               (self_attn): MultiheadAttention(
                                                 (out_proj): Linear(in_features=300, out_features=300, bias=True)
                                               )
                                               (fc1): Linear(in_features=300, out_features=1200, bias=True)
                                               (fc2): Linear(in_features=1200, out_features=300, bias=True)
                                               (layer_norms): ModuleList(
                                                 (0): LayerNorm((300,), eps=1e-05, elementwise_affine=True)
                                                 (1): LayerNorm((300,), eps=1e-05, elementwise_affine=True)
                                               )
                                             )
                                             (1): TransformerEncoderLayer(
                                               (self_attn): MultiheadAttention(
                                                 (out_proj): Linear(in_features=300, out_features=300, bias=True)
                                               )
                                               (fc1): Linear(in_features=300, out_features=1200, bias=True)
                                               (fc2): Linear(in_features=1200, out_features=300, bias=True)
                                               (layer_norms): ModuleList(
                                                 (0): LayerNorm((300,), eps=1e-05, elementwise_affine=True)
                                                 (1): LayerNorm((300,), eps=1e-05, elementwise_affine=True)
                                               )
                                             )
                                             (2): TransformerEncoderLayer(
                                               (self_attn): MultiheadAttention(
                                                 (out_proj): Linear(in_features=300, out_features=300, bias=True)
                                               )
                                               (fc1): Linear(in_features=300, out_features=1200, bias=True)
                                               (fc2): Linear(in_features=1200, out_features=300, bias=True)
                                               (layer_norms): ModuleList(
                                                 (0): LayerNorm((300,), eps=1e-05, elementwise_affine=True)
                                                 (1): LayerNorm((300,), eps=1e-05, elementwise_affine=True)
                                               )
                                             )
                                             (3): TransformerEncoderLayer(
                                               (self_attn): MultiheadAttention(
                                                 (out_proj): Linear(in_features=300, out_features=300, bias=True)
                                               )
                                               (fc1): Linear(in_features=300, out_features=1200, bias=True)
                                               (fc2): Linear(in_features=1200, out_features=300, bias=True)
                                               (layer_norms): ModuleList(
                                                 (0): LayerNorm((300,), eps=1e-05, elementwise_affine=True)
                                                 (1): LayerNorm((300,), eps=1e-05, elementwise_affine=True)
                                               )
                                             )
                                           )
                                           (layer_norm): LayerNorm((300,), eps=1e-05, elementwise_affine=True)
                                         )
                                         (proj1): Linear(in_features=300, out_features=300, bias=True)
                                         (proj2): Linear(in_features=300, out_features=300, bias=True)
                                         (out_layer): Linear(in_features=300, out_features=6, bias=True)
                                         (gmu): TextShifting3Layer(
                                           (hidden1): Linear(in_features=300, out_features=300, bias=False)
                                           (hidden2): Linear(in_features=300, out_features=300, bias=False)
                                           (hidden3): Linear(in_features=300, out_features=300, bias=False)
                                           (x1_gate): Linear(in_features=900, out_features=300, bias=False)
                                           (x2_gate): Linear(in_features=900, out_features=300, bias=False)
                                           (x3_gate): Linear(in_features=900, out_features=300, bias=False)
                                         )
                                         (transfm_a2l): Linear(in_features=500, out_features=512, bias=True)
                                         (transfm_v2l): Linear(in_features=500, out_features=512, bias=True)
                                         (transfm_l2a): Linear(in_features=512, out_features=500, bias=True)
                                         (transfm_l2v): Linear(in_features=512, out_features=500, bias=True)
                                       )
                                     )
INFO - 04/29/22 03:31:15 - 0:00:00 - Training..
INFO - 04/29/22 03:44:20 - 0:13:05 - Train Loss: 0.0689
INFO - 04/29/22 03:44:20 - 0:13:05 - Val: Loss: 1.07589
                                     |    Anger   |   Disgust  |    Fear    |    Happy   |     Sad    |  Surprise  |   Average  | APS_micro
                                       WA: 64.752 | WA: 61.470 | WA: 61.952 | WA: 75.339 | WA: 61.840 | WA: 66.180 | WA: 65.255 | APS: 65.255
                                       F1: 23.779 | F1: 72.500 | F1: 49.530 | F1: 45.800 | F1: 36.719 | F1: 27.872 | F1: 42.700
INFO - 04/29/22 03:57:45 - 0:26:30 - Train Loss: 0.0620
INFO - 04/29/22 03:57:45 - 0:26:30 - Val: Loss: 1.09852
                                     |    Anger   |   Disgust  |    Fear    |    Happy   |     Sad    |  Surprise  |   Average  | APS_micro
                                       WA: 63.766 | WA: 68.009 | WA: 57.699 | WA: 75.200 | WA: 63.048 | WA: 68.410 | WA: 66.022 | APS: 66.022
                                       F1: 23.420 | F1: 72.324 | F1: 47.440 | F1: 44.631 | F1: 37.701 | F1: 30.631 | F1: 42.691
INFO - 04/29/22 04:11:19 - 0:40:04 - Train Loss: 0.0557
INFO - 04/29/22 04:11:19 - 0:40:04 - Val: Loss: 1.13340
                                     |    Anger   |   Disgust  |    Fear    |    Happy   |     Sad    |  Surprise  |   Average  | APS_micro
                                       WA: 63.066 | WA: 64.518 | WA: 62.987 | WA: 75.776 | WA: 63.804 | WA: 67.174 | WA: 66.221 | APS: 66.221
                                       F1: 22.890 | F1: 73.741 | F1: 50.413 | F1: 50.441 | F1: 39.080 | F1: 30.599 | F1: 44.527
INFO - 04/29/22 04:24:55 - 0:53:40 - Train Loss: 0.0485
INFO - 04/29/22 04:24:55 - 0:53:40 - Val: Loss: 1.25792
                                     |    Anger   |   Disgust  |    Fear    |    Happy   |     Sad    |  Surprise  |   Average  | APS_micro
                                       WA: 64.262 | WA: 65.190 | WA: 64.396 | WA: 75.178 | WA: 63.500 | WA: 66.851 | WA: 66.563 | APS: 66.563
                                       F1: 24.419 | F1: 72.806 | F1: 51.273 | F1: 49.261 | F1: 38.668 | F1: 32.676 | F1: 44.850
INFO - 04/29/22 04:38:15 - 1:07:00 - Train Loss: 0.0412
INFO - 04/29/22 04:38:15 - 1:07:00 - Val: Loss: 1.41581
                                     |    Anger   |   Disgust  |    Fear    |    Happy   |     Sad    |  Surprise  |   Average  | APS_micro
                                       WA: 61.973 | WA: 64.485 | WA: 65.958 | WA: 76.026 | WA: 61.323 | WA: 68.812 | WA: 66.430 | APS: 66.430
                                       F1: 25.036 | F1: 72.867 | F1: 52.534 | F1: 49.939 | F1: 36.429 | F1: 35.596 | F1: 45.400
INFO - 04/29/22 04:51:36 - 1:20:21 - Train Loss: 0.0355
INFO - 04/29/22 04:51:36 - 1:20:21 - Val: Loss: 1.61738
                                     |    Anger   |   Disgust  |    Fear    |    Happy   |     Sad    |  Surprise  |   Average  | APS_micro
                                       WA: 59.802 | WA: 65.190 | WA: 65.449 | WA: 74.888 | WA: 62.105 | WA: 67.609 | WA: 65.841 | APS: 65.841
                                       F1: 23.401 | F1: 72.806 | F1: 51.862 | F1: 50.535 | F1: 37.325 | F1: 32.973 | F1: 44.817
INFO - 04/29/22 05:04:49 - 1:33:34 - Train Loss: 0.0293
INFO - 04/29/22 05:04:49 - 1:33:34 - Val: Loss: 1.99336
                                     |    Anger   |   Disgust  |    Fear    |    Happy   |     Sad    |  Surprise  |   Average  | APS_micro
                                       WA: 59.441 | WA: 65.953 | WA: 64.202 | WA: 73.273 | WA: 62.846 | WA: 61.947 | WA: 64.610 | APS: 64.610
                                       F1: 23.101 | F1: 72.776 | F1: 50.073 | F1: 47.146 | F1: 37.982 | F1: 29.401 | F1: 43.413
INFO - 04/29/22 05:18:01 - 1:46:46 - Train Loss: 0.0236
INFO - 04/29/22 05:18:01 - 1:46:46 - Val: Loss: 2.24367
                                     |    Anger   |   Disgust  |    Fear    |    Happy   |     Sad    |  Surprise  |   Average  | APS_micro
                                       WA: 60.052 | WA: 62.938 | WA: 63.937 | WA: 72.850 | WA: 59.860 | WA: 65.471 | WA: 64.185 | APS: 64.185
                                       F1: 24.068 | F1: 72.401 | F1: 49.462 | F1: 50.536 | F1: 34.483 | F1: 32.536 | F1: 43.914
INFO - 04/29/22 05:31:21 - 2:00:06 - Train Loss: 0.0204
INFO - 04/29/22 05:31:21 - 2:00:06 - Val: Loss: 2.54748
                                     |    Anger   |   Disgust  |    Fear    |    Happy   |     Sad    |  Surprise  |   Average  | APS_micro
                                       WA: 58.701 | WA: 64.735 | WA: 63.230 | WA: 73.696 | WA: 61.782 | WA: 61.906 | WA: 64.008 | APS: 64.008
                                       F1: 23.409 | F1: 72.331 | F1: 47.743 | F1: 50.142 | F1: 37.014 | F1: 31.042 | F1: 43.613
INFO - 04/29/22 05:31:28 - 2:00:13 - No improvement. Breaking out of loop.
DEBUG - 04/29/22 05:31:28 - 2:00:13 - Starting new HTTPS connection (1): s3.amazonaws.com:443
INFO - 04/29/22 05:31:33 - 2:00:18 - loading vocabulary file https://s3.amazonaws.com/models.huggingface.co/bert/bert-base-uncased-vocab.txt from cache at /home/est_posgrado_diego.moreno/.pytorch_pretrained_bert/26bc1ad6c0ac742e9b52263248f6d0f00068293b33709fae12320c0e35ccfbbb.542ce4285a40d23a559526243235df47c5f75c197f04f37d1a0c124c32c9a084
DEBUG - 04/29/22 05:31:33 - 2:00:18 - Starting new HTTPS connection (1): s3.amazonaws.com:443
INFO - 04/29/22 05:31:38 - 2:00:23 - loading vocabulary file https://s3.amazonaws.com/models.huggingface.co/bert/bert-base-uncased-vocab.txt from cache at /home/est_posgrado_diego.moreno/.pytorch_pretrained_bert/26bc1ad6c0ac742e9b52263248f6d0f00068293b33709fae12320c0e35ccfbbb.542ce4285a40d23a559526243235df47c5f75c197f04f37d1a0c124c32c9a084
DEBUG - 04/29/22 05:31:38 - 2:00:23 - Starting new HTTPS connection (1): huggingface.co:443
DEBUG - 04/29/22 05:31:48 - 2:00:33 - Starting new HTTPS connection (1): huggingface.co:443
