INFO - 04/28/22 23:41:40 - 0:00:00 - a_len: 3
                                     adapter_size: 64
                                     aonly: True
                                     attn_dropout: 0.1
                                     attn_dropout_a: 0.0
                                     attn_dropout_v: 0.0
                                     attn_mask: True
                                     batch_sz: 16
                                     bert_model: bert-base-uncased
                                     chunk_size: 100
                                     config_file: /home/est_posgrado_diego.moreno/vilbert-multi-task/config/bert_base_6layer_6conect.json
                                     data_path: /home/est_posgrado_diego.moreno/Workspace/Tesis/multimodal-transformers-movies/datasets
                                     drop_img_percent: 0.0
                                     dropout: 0.1
                                     embed_dropout: 0.25
                                     embed_sz: 300
                                     freeze_img: 0
                                     freeze_txt: 0
                                     from_pretrained: /home/est_posgrado_diego.moreno/vilbert-multi-task/save/multi_task_model.bin
                                     from_seed: 1
                                     glove_path: /path/to/glove_embeds/glove.840B.300d.txt
                                     gradient_accumulation_steps: 16
                                     hidden: []
                                     hidden_sz: 300
                                     hybrid: False
                                     img_embed_pool_type: avg
                                     img_hidden_sz: 2048
                                     include_bn: True
                                     inverse_seed: False
                                     just_test: False
                                     l_len: 512
                                     label_freqs: Counter({'happiness': 8732, 'sadness': 4269, 'anger': 3524, 'disgust': 2954, 'surprise': 1642, 'fear': 1331})
                                     labels: ['fear', 'happiness', 'sadness', 'disgust', 'anger', 'surprise']
                                     layers: 4
                                     lonly: True
                                     lr: 5e-05
                                     lr_factor: 0.5
                                     lr_patience: 2
                                     max_epochs: 100
                                     max_seq_len: 512
                                     model: mmtrvat
                                     n_classes: 6
                                     n_workers: 12
                                     name: moviescope_Seed1_mmbt_model_run
                                     nlevels: 5
                                     num_heads: 10
                                     num_image_embeds: 3
                                     num_images: 8
                                     orig_d_a: 74
                                     orig_d_l: 768
                                     orig_d_p: 4096
                                     orig_d_v: 35
                                     out_dropout: 0.0
                                     output_gates: False
                                     patience: 5
                                     pooling: cls
                                     relu_dropout: 0.1
                                     res_dropout: 0.1
                                     savedir: /home/est_posgrado_diego.moreno/Workspace/Tesis/multimodal-transformers-movies/model_save_mmtr_MOSEI/moviescope_Seed1_mmbt_model_run
                                     seed: 1
                                     task: cmu-mosei
                                     task_type: multilabel
                                     train_data_len: 16326
                                     train_type: split
                                     trained_model_dir: 
                                     v_len: 3
                                     vision_scratch: False
                                     visual: both
                                     vocab: <mmbt.data.vocab.Vocab object at 0x7fa22441ab20>
                                     vocab_sz: 30522
                                     vonly: True
                                     warmup: 0.1
                                     weight_classes: 1
INFO - 04/28/22 23:41:40 - 0:00:00 - DataParallel(
                                       (module): MultiprojectionMMTransformer3DGMUClf(
                                         (enc): BertEncoder(
                                           (bert): BertModel(
                                             (embeddings): BertEmbeddings(
                                               (word_embeddings): Embedding(30522, 768, padding_idx=0)
                                               (position_embeddings): Embedding(512, 768)
                                               (token_type_embeddings): Embedding(2, 768)
                                               (LayerNorm): LayerNorm((768,), eps=1e-12, elementwise_affine=True)
                                               (dropout): Dropout(p=0.1, inplace=False)
                                             )
                                             (encoder): BertEncoder(
                                               (layer): ModuleList(
                                                 (0): BertLayer(
                                                   (attention): BertAttention(
                                                     (self): BertSelfAttention(
                                                       (query): Linear(in_features=768, out_features=768, bias=True)
                                                       (key): Linear(in_features=768, out_features=768, bias=True)
                                                       (value): Linear(in_features=768, out_features=768, bias=True)
                                                       (dropout): Dropout(p=0.1, inplace=False)
                                                     )
                                                     (output): BertSelfOutput(
                                                       (dense): Linear(in_features=768, out_features=768, bias=True)
                                                       (LayerNorm): LayerNorm((768,), eps=1e-12, elementwise_affine=True)
                                                       (dropout): Dropout(p=0.1, inplace=False)
                                                       (attention_text_task_adapters): ModuleDict()
                                                       (adapter_fusion_layer): ModuleDict()
                                                       (attention_text_lang_adapters): ModuleDict()
                                                     )
                                                   )
                                                   (intermediate): BertIntermediate(
                                                     (dense): Linear(in_features=768, out_features=3072, bias=True)
                                                   )
                                                   (output): BertOutput(
                                                     (dense): Linear(in_features=3072, out_features=768, bias=True)
                                                     (LayerNorm): LayerNorm((768,), eps=1e-12, elementwise_affine=True)
                                                     (dropout): Dropout(p=0.1, inplace=False)
                                                     (adapter_fusion_layer): ModuleDict()
                                                     (layer_text_task_adapters): ModuleDict()
                                                     (layer_text_lang_adapters): ModuleDict()
                                                   )
                                                 )
                                                 (1): BertLayer(
                                                   (attention): BertAttention(
                                                     (self): BertSelfAttention(
                                                       (query): Linear(in_features=768, out_features=768, bias=True)
                                                       (key): Linear(in_features=768, out_features=768, bias=True)
                                                       (value): Linear(in_features=768, out_features=768, bias=True)
                                                       (dropout): Dropout(p=0.1, inplace=False)
                                                     )
                                                     (output): BertSelfOutput(
                                                       (dense): Linear(in_features=768, out_features=768, bias=True)
                                                       (LayerNorm): LayerNorm((768,), eps=1e-12, elementwise_affine=True)
                                                       (dropout): Dropout(p=0.1, inplace=False)
                                                       (attention_text_task_adapters): ModuleDict()
                                                       (adapter_fusion_layer): ModuleDict()
                                                       (attention_text_lang_adapters): ModuleDict()
                                                     )
                                                   )
                                                   (intermediate): BertIntermediate(
                                                     (dense): Linear(in_features=768, out_features=3072, bias=True)
                                                   )
                                                   (output): BertOutput(
                                                     (dense): Linear(in_features=3072, out_features=768, bias=True)
                                                     (LayerNorm): LayerNorm((768,), eps=1e-12, elementwise_affine=True)
                                                     (dropout): Dropout(p=0.1, inplace=False)
                                                     (adapter_fusion_layer): ModuleDict()
                                                     (layer_text_task_adapters): ModuleDict()
                                                     (layer_text_lang_adapters): ModuleDict()
                                                   )
                                                 )
                                                 (2): BertLayer(
                                                   (attention): BertAttention(
                                                     (self): BertSelfAttention(
                                                       (query): Linear(in_features=768, out_features=768, bias=True)
                                                       (key): Linear(in_features=768, out_features=768, bias=True)
                                                       (value): Linear(in_features=768, out_features=768, bias=True)
                                                       (dropout): Dropout(p=0.1, inplace=False)
                                                     )
                                                     (output): BertSelfOutput(
                                                       (dense): Linear(in_features=768, out_features=768, bias=True)
                                                       (LayerNorm): LayerNorm((768,), eps=1e-12, elementwise_affine=True)
                                                       (dropout): Dropout(p=0.1, inplace=False)
                                                       (attention_text_task_adapters): ModuleDict()
                                                       (adapter_fusion_layer): ModuleDict()
                                                       (attention_text_lang_adapters): ModuleDict()
                                                     )
                                                   )
                                                   (intermediate): BertIntermediate(
                                                     (dense): Linear(in_features=768, out_features=3072, bias=True)
                                                   )
                                                   (output): BertOutput(
                                                     (dense): Linear(in_features=3072, out_features=768, bias=True)
                                                     (LayerNorm): LayerNorm((768,), eps=1e-12, elementwise_affine=True)
                                                     (dropout): Dropout(p=0.1, inplace=False)
                                                     (adapter_fusion_layer): ModuleDict()
                                                     (layer_text_task_adapters): ModuleDict()
                                                     (layer_text_lang_adapters): ModuleDict()
                                                   )
                                                 )
                                                 (3): BertLayer(
                                                   (attention): BertAttention(
                                                     (self): BertSelfAttention(
                                                       (query): Linear(in_features=768, out_features=768, bias=True)
                                                       (key): Linear(in_features=768, out_features=768, bias=True)
                                                       (value): Linear(in_features=768, out_features=768, bias=True)
                                                       (dropout): Dropout(p=0.1, inplace=False)
                                                     )
                                                     (output): BertSelfOutput(
                                                       (dense): Linear(in_features=768, out_features=768, bias=True)
                                                       (LayerNorm): LayerNorm((768,), eps=1e-12, elementwise_affine=True)
                                                       (dropout): Dropout(p=0.1, inplace=False)
                                                       (attention_text_task_adapters): ModuleDict()
                                                       (adapter_fusion_layer): ModuleDict()
                                                       (attention_text_lang_adapters): ModuleDict()
                                                     )
                                                   )
                                                   (intermediate): BertIntermediate(
                                                     (dense): Linear(in_features=768, out_features=3072, bias=True)
                                                   )
                                                   (output): BertOutput(
                                                     (dense): Linear(in_features=3072, out_features=768, bias=True)
                                                     (LayerNorm): LayerNorm((768,), eps=1e-12, elementwise_affine=True)
                                                     (dropout): Dropout(p=0.1, inplace=False)
                                                     (adapter_fusion_layer): ModuleDict()
                                                     (layer_text_task_adapters): ModuleDict()
                                                     (layer_text_lang_adapters): ModuleDict()
                                                   )
                                                 )
                                                 (4): BertLayer(
                                                   (attention): BertAttention(
                                                     (self): BertSelfAttention(
                                                       (query): Linear(in_features=768, out_features=768, bias=True)
                                                       (key): Linear(in_features=768, out_features=768, bias=True)
                                                       (value): Linear(in_features=768, out_features=768, bias=True)
                                                       (dropout): Dropout(p=0.1, inplace=False)
                                                     )
                                                     (output): BertSelfOutput(
                                                       (dense): Linear(in_features=768, out_features=768, bias=True)
                                                       (LayerNorm): LayerNorm((768,), eps=1e-12, elementwise_affine=True)
                                                       (dropout): Dropout(p=0.1, inplace=False)
                                                       (attention_text_task_adapters): ModuleDict()
                                                       (adapter_fusion_layer): ModuleDict()
                                                       (attention_text_lang_adapters): ModuleDict()
                                                     )
                                                   )
                                                   (intermediate): BertIntermediate(
                                                     (dense): Linear(in_features=768, out_features=3072, bias=True)
                                                   )
                                                   (output): BertOutput(
                                                     (dense): Linear(in_features=3072, out_features=768, bias=True)
                                                     (LayerNorm): LayerNorm((768,), eps=1e-12, elementwise_affine=True)
                                                     (dropout): Dropout(p=0.1, inplace=False)
                                                     (adapter_fusion_layer): ModuleDict()
                                                     (layer_text_task_adapters): ModuleDict()
                                                     (layer_text_lang_adapters): ModuleDict()
                                                   )
                                                 )
                                                 (5): BertLayer(
                                                   (attention): BertAttention(
                                                     (self): BertSelfAttention(
                                                       (query): Linear(in_features=768, out_features=768, bias=True)
                                                       (key): Linear(in_features=768, out_features=768, bias=True)
                                                       (value): Linear(in_features=768, out_features=768, bias=True)
                                                       (dropout): Dropout(p=0.1, inplace=False)
                                                     )
                                                     (output): BertSelfOutput(
                                                       (dense): Linear(in_features=768, out_features=768, bias=True)
                                                       (LayerNorm): LayerNorm((768,), eps=1e-12, elementwise_affine=True)
                                                       (dropout): Dropout(p=0.1, inplace=False)
                                                       (attention_text_task_adapters): ModuleDict()
                                                       (adapter_fusion_layer): ModuleDict()
                                                       (attention_text_lang_adapters): ModuleDict()
                                                     )
                                                   )
                                                   (intermediate): BertIntermediate(
                                                     (dense): Linear(in_features=768, out_features=3072, bias=True)
                                                   )
                                                   (output): BertOutput(
                                                     (dense): Linear(in_features=3072, out_features=768, bias=True)
                                                     (LayerNorm): LayerNorm((768,), eps=1e-12, elementwise_affine=True)
                                                     (dropout): Dropout(p=0.1, inplace=False)
                                                     (adapter_fusion_layer): ModuleDict()
                                                     (layer_text_task_adapters): ModuleDict()
                                                     (layer_text_lang_adapters): ModuleDict()
                                                   )
                                                 )
                                                 (6): BertLayer(
                                                   (attention): BertAttention(
                                                     (self): BertSelfAttention(
                                                       (query): Linear(in_features=768, out_features=768, bias=True)
                                                       (key): Linear(in_features=768, out_features=768, bias=True)
                                                       (value): Linear(in_features=768, out_features=768, bias=True)
                                                       (dropout): Dropout(p=0.1, inplace=False)
                                                     )
                                                     (output): BertSelfOutput(
                                                       (dense): Linear(in_features=768, out_features=768, bias=True)
                                                       (LayerNorm): LayerNorm((768,), eps=1e-12, elementwise_affine=True)
                                                       (dropout): Dropout(p=0.1, inplace=False)
                                                       (attention_text_task_adapters): ModuleDict()
                                                       (adapter_fusion_layer): ModuleDict()
                                                       (attention_text_lang_adapters): ModuleDict()
                                                     )
                                                   )
                                                   (intermediate): BertIntermediate(
                                                     (dense): Linear(in_features=768, out_features=3072, bias=True)
                                                   )
                                                   (output): BertOutput(
                                                     (dense): Linear(in_features=3072, out_features=768, bias=True)
                                                     (LayerNorm): LayerNorm((768,), eps=1e-12, elementwise_affine=True)
                                                     (dropout): Dropout(p=0.1, inplace=False)
                                                     (adapter_fusion_layer): ModuleDict()
                                                     (layer_text_task_adapters): ModuleDict()
                                                     (layer_text_lang_adapters): ModuleDict()
                                                   )
                                                 )
                                                 (7): BertLayer(
                                                   (attention): BertAttention(
                                                     (self): BertSelfAttention(
                                                       (query): Linear(in_features=768, out_features=768, bias=True)
                                                       (key): Linear(in_features=768, out_features=768, bias=True)
                                                       (value): Linear(in_features=768, out_features=768, bias=True)
                                                       (dropout): Dropout(p=0.1, inplace=False)
                                                     )
                                                     (output): BertSelfOutput(
                                                       (dense): Linear(in_features=768, out_features=768, bias=True)
                                                       (LayerNorm): LayerNorm((768,), eps=1e-12, elementwise_affine=True)
                                                       (dropout): Dropout(p=0.1, inplace=False)
                                                       (attention_text_task_adapters): ModuleDict()
                                                       (adapter_fusion_layer): ModuleDict()
                                                       (attention_text_lang_adapters): ModuleDict()
                                                     )
                                                   )
                                                   (intermediate): BertIntermediate(
                                                     (dense): Linear(in_features=768, out_features=3072, bias=True)
                                                   )
                                                   (output): BertOutput(
                                                     (dense): Linear(in_features=3072, out_features=768, bias=True)
                                                     (LayerNorm): LayerNorm((768,), eps=1e-12, elementwise_affine=True)
                                                     (dropout): Dropout(p=0.1, inplace=False)
                                                     (adapter_fusion_layer): ModuleDict()
                                                     (layer_text_task_adapters): ModuleDict()
                                                     (layer_text_lang_adapters): ModuleDict()
                                                   )
                                                 )
                                                 (8): BertLayer(
                                                   (attention): BertAttention(
                                                     (self): BertSelfAttention(
                                                       (query): Linear(in_features=768, out_features=768, bias=True)
                                                       (key): Linear(in_features=768, out_features=768, bias=True)
                                                       (value): Linear(in_features=768, out_features=768, bias=True)
                                                       (dropout): Dropout(p=0.1, inplace=False)
                                                     )
                                                     (output): BertSelfOutput(
                                                       (dense): Linear(in_features=768, out_features=768, bias=True)
                                                       (LayerNorm): LayerNorm((768,), eps=1e-12, elementwise_affine=True)
                                                       (dropout): Dropout(p=0.1, inplace=False)
                                                       (attention_text_task_adapters): ModuleDict()
                                                       (adapter_fusion_layer): ModuleDict()
                                                       (attention_text_lang_adapters): ModuleDict()
                                                     )
                                                   )
                                                   (intermediate): BertIntermediate(
                                                     (dense): Linear(in_features=768, out_features=3072, bias=True)
                                                   )
                                                   (output): BertOutput(
                                                     (dense): Linear(in_features=3072, out_features=768, bias=True)
                                                     (LayerNorm): LayerNorm((768,), eps=1e-12, elementwise_affine=True)
                                                     (dropout): Dropout(p=0.1, inplace=False)
                                                     (adapter_fusion_layer): ModuleDict()
                                                     (layer_text_task_adapters): ModuleDict()
                                                     (layer_text_lang_adapters): ModuleDict()
                                                   )
                                                 )
                                                 (9): BertLayer(
                                                   (attention): BertAttention(
                                                     (self): BertSelfAttention(
                                                       (query): Linear(in_features=768, out_features=768, bias=True)
                                                       (key): Linear(in_features=768, out_features=768, bias=True)
                                                       (value): Linear(in_features=768, out_features=768, bias=True)
                                                       (dropout): Dropout(p=0.1, inplace=False)
                                                     )
                                                     (output): BertSelfOutput(
                                                       (dense): Linear(in_features=768, out_features=768, bias=True)
                                                       (LayerNorm): LayerNorm((768,), eps=1e-12, elementwise_affine=True)
                                                       (dropout): Dropout(p=0.1, inplace=False)
                                                       (attention_text_task_adapters): ModuleDict()
                                                       (adapter_fusion_layer): ModuleDict()
                                                       (attention_text_lang_adapters): ModuleDict()
                                                     )
                                                   )
                                                   (intermediate): BertIntermediate(
                                                     (dense): Linear(in_features=768, out_features=3072, bias=True)
                                                   )
                                                   (output): BertOutput(
                                                     (dense): Linear(in_features=3072, out_features=768, bias=True)
                                                     (LayerNorm): LayerNorm((768,), eps=1e-12, elementwise_affine=True)
                                                     (dropout): Dropout(p=0.1, inplace=False)
                                                     (adapter_fusion_layer): ModuleDict()
                                                     (layer_text_task_adapters): ModuleDict()
                                                     (layer_text_lang_adapters): ModuleDict()
                                                   )
                                                 )
                                                 (10): BertLayer(
                                                   (attention): BertAttention(
                                                     (self): BertSelfAttention(
                                                       (query): Linear(in_features=768, out_features=768, bias=True)
                                                       (key): Linear(in_features=768, out_features=768, bias=True)
                                                       (value): Linear(in_features=768, out_features=768, bias=True)
                                                       (dropout): Dropout(p=0.1, inplace=False)
                                                     )
                                                     (output): BertSelfOutput(
                                                       (dense): Linear(in_features=768, out_features=768, bias=True)
                                                       (LayerNorm): LayerNorm((768,), eps=1e-12, elementwise_affine=True)
                                                       (dropout): Dropout(p=0.1, inplace=False)
                                                       (attention_text_task_adapters): ModuleDict()
                                                       (adapter_fusion_layer): ModuleDict()
                                                       (attention_text_lang_adapters): ModuleDict()
                                                     )
                                                   )
                                                   (intermediate): BertIntermediate(
                                                     (dense): Linear(in_features=768, out_features=3072, bias=True)
                                                   )
                                                   (output): BertOutput(
                                                     (dense): Linear(in_features=3072, out_features=768, bias=True)
                                                     (LayerNorm): LayerNorm((768,), eps=1e-12, elementwise_affine=True)
                                                     (dropout): Dropout(p=0.1, inplace=False)
                                                     (adapter_fusion_layer): ModuleDict()
                                                     (layer_text_task_adapters): ModuleDict()
                                                     (layer_text_lang_adapters): ModuleDict()
                                                   )
                                                 )
                                                 (11): BertLayer(
                                                   (attention): BertAttention(
                                                     (self): BertSelfAttention(
                                                       (query): Linear(in_features=768, out_features=768, bias=True)
                                                       (key): Linear(in_features=768, out_features=768, bias=True)
                                                       (value): Linear(in_features=768, out_features=768, bias=True)
                                                       (dropout): Dropout(p=0.1, inplace=False)
                                                     )
                                                     (output): BertSelfOutput(
                                                       (dense): Linear(in_features=768, out_features=768, bias=True)
                                                       (LayerNorm): LayerNorm((768,), eps=1e-12, elementwise_affine=True)
                                                       (dropout): Dropout(p=0.1, inplace=False)
                                                       (attention_text_task_adapters): ModuleDict()
                                                       (adapter_fusion_layer): ModuleDict()
                                                       (attention_text_lang_adapters): ModuleDict()
                                                     )
                                                   )
                                                   (intermediate): BertIntermediate(
                                                     (dense): Linear(in_features=768, out_features=3072, bias=True)
                                                   )
                                                   (output): BertOutput(
                                                     (dense): Linear(in_features=3072, out_features=768, bias=True)
                                                     (LayerNorm): LayerNorm((768,), eps=1e-12, elementwise_affine=True)
                                                     (dropout): Dropout(p=0.1, inplace=False)
                                                     (adapter_fusion_layer): ModuleDict()
                                                     (layer_text_task_adapters): ModuleDict()
                                                     (layer_text_lang_adapters): ModuleDict()
                                                   )
                                                 )
                                               )
                                             )
                                             (pooler): BertPooler(
                                               (dense): Linear(in_features=768, out_features=768, bias=True)
                                               (activation): Tanh()
                                             )
                                             (invertible_lang_adapters): ModuleDict()
                                           )
                                         )
                                         (gmu_l_m): GatedMultimodalLayerFeatures(
                                           (hidden1): Linear(in_features=300, out_features=300, bias=False)
                                           (hidden2): Linear(in_features=300, out_features=300, bias=False)
                                           (x_gate): Linear(in_features=600, out_features=300, bias=False)
                                         )
                                         (gmu_v_m): GatedMultimodalLayerFeatures(
                                           (hidden1): Linear(in_features=300, out_features=300, bias=False)
                                           (hidden2): Linear(in_features=300, out_features=300, bias=False)
                                           (x_gate): Linear(in_features=600, out_features=300, bias=False)
                                         )
                                         (gmu_a_m): GatedMultimodalLayerFeatures(
                                           (hidden1): Linear(in_features=300, out_features=300, bias=False)
                                           (hidden2): Linear(in_features=300, out_features=300, bias=False)
                                           (x_gate): Linear(in_features=600, out_features=300, bias=False)
                                         )
                                         (gmu_l): GatedMultimodalLayerFeatures(
                                           (hidden1): Linear(in_features=300, out_features=300, bias=False)
                                           (hidden2): Linear(in_features=300, out_features=300, bias=False)
                                           (x_gate): Linear(in_features=600, out_features=300, bias=False)
                                         )
                                         (gmu_v): GatedMultimodalLayerFeatures(
                                           (hidden1): Linear(in_features=300, out_features=300, bias=False)
                                           (hidden2): Linear(in_features=300, out_features=300, bias=False)
                                           (x_gate): Linear(in_features=600, out_features=300, bias=False)
                                         )
                                         (gmu_a): GatedMultimodalLayerFeatures(
                                           (hidden1): Linear(in_features=300, out_features=300, bias=False)
                                           (hidden2): Linear(in_features=300, out_features=300, bias=False)
                                           (x_gate): Linear(in_features=600, out_features=300, bias=False)
                                         )
                                         (proj_l): Conv1d(768, 300, kernel_size=(1,), stride=(1,), bias=False)
                                         (proj_v): Conv1d(35, 300, kernel_size=(1,), stride=(1,), bias=False)
                                         (proj_a): Conv1d(74, 300, kernel_size=(1,), stride=(1,), bias=False)
                                         (trans_l_with_a): TransformerEncoder(
                                           (embed_positions): SinusoidalPositionalEmbedding()
                                           (layers): ModuleList(
                                             (0): TransformerEncoderLayer(
                                               (self_attn): MultiheadAttention(
                                                 (out_proj): Linear(in_features=300, out_features=300, bias=True)
                                               )
                                               (fc1): Linear(in_features=300, out_features=1200, bias=True)
                                               (fc2): Linear(in_features=1200, out_features=300, bias=True)
                                               (layer_norms): ModuleList(
                                                 (0): LayerNorm((300,), eps=1e-05, elementwise_affine=True)
                                                 (1): LayerNorm((300,), eps=1e-05, elementwise_affine=True)
                                               )
                                             )
                                             (1): TransformerEncoderLayer(
                                               (self_attn): MultiheadAttention(
                                                 (out_proj): Linear(in_features=300, out_features=300, bias=True)
                                               )
                                               (fc1): Linear(in_features=300, out_features=1200, bias=True)
                                               (fc2): Linear(in_features=1200, out_features=300, bias=True)
                                               (layer_norms): ModuleList(
                                                 (0): LayerNorm((300,), eps=1e-05, elementwise_affine=True)
                                                 (1): LayerNorm((300,), eps=1e-05, elementwise_affine=True)
                                               )
                                             )
                                             (2): TransformerEncoderLayer(
                                               (self_attn): MultiheadAttention(
                                                 (out_proj): Linear(in_features=300, out_features=300, bias=True)
                                               )
                                               (fc1): Linear(in_features=300, out_features=1200, bias=True)
                                               (fc2): Linear(in_features=1200, out_features=300, bias=True)
                                               (layer_norms): ModuleList(
                                                 (0): LayerNorm((300,), eps=1e-05, elementwise_affine=True)
                                                 (1): LayerNorm((300,), eps=1e-05, elementwise_affine=True)
                                               )
                                             )
                                             (3): TransformerEncoderLayer(
                                               (self_attn): MultiheadAttention(
                                                 (out_proj): Linear(in_features=300, out_features=300, bias=True)
                                               )
                                               (fc1): Linear(in_features=300, out_features=1200, bias=True)
                                               (fc2): Linear(in_features=1200, out_features=300, bias=True)
                                               (layer_norms): ModuleList(
                                                 (0): LayerNorm((300,), eps=1e-05, elementwise_affine=True)
                                                 (1): LayerNorm((300,), eps=1e-05, elementwise_affine=True)
                                               )
                                             )
                                           )
                                           (layer_norm): LayerNorm((300,), eps=1e-05, elementwise_affine=True)
                                         )
                                         (trans_l_with_v): TransformerEncoder(
                                           (embed_positions): SinusoidalPositionalEmbedding()
                                           (layers): ModuleList(
                                             (0): TransformerEncoderLayer(
                                               (self_attn): MultiheadAttention(
                                                 (out_proj): Linear(in_features=300, out_features=300, bias=True)
                                               )
                                               (fc1): Linear(in_features=300, out_features=1200, bias=True)
                                               (fc2): Linear(in_features=1200, out_features=300, bias=True)
                                               (layer_norms): ModuleList(
                                                 (0): LayerNorm((300,), eps=1e-05, elementwise_affine=True)
                                                 (1): LayerNorm((300,), eps=1e-05, elementwise_affine=True)
                                               )
                                             )
                                             (1): TransformerEncoderLayer(
                                               (self_attn): MultiheadAttention(
                                                 (out_proj): Linear(in_features=300, out_features=300, bias=True)
                                               )
                                               (fc1): Linear(in_features=300, out_features=1200, bias=True)
                                               (fc2): Linear(in_features=1200, out_features=300, bias=True)
                                               (layer_norms): ModuleList(
                                                 (0): LayerNorm((300,), eps=1e-05, elementwise_affine=True)
                                                 (1): LayerNorm((300,), eps=1e-05, elementwise_affine=True)
                                               )
                                             )
                                             (2): TransformerEncoderLayer(
                                               (self_attn): MultiheadAttention(
                                                 (out_proj): Linear(in_features=300, out_features=300, bias=True)
                                               )
                                               (fc1): Linear(in_features=300, out_features=1200, bias=True)
                                               (fc2): Linear(in_features=1200, out_features=300, bias=True)
                                               (layer_norms): ModuleList(
                                                 (0): LayerNorm((300,), eps=1e-05, elementwise_affine=True)
                                                 (1): LayerNorm((300,), eps=1e-05, elementwise_affine=True)
                                               )
                                             )
                                             (3): TransformerEncoderLayer(
                                               (self_attn): MultiheadAttention(
                                                 (out_proj): Linear(in_features=300, out_features=300, bias=True)
                                               )
                                               (fc1): Linear(in_features=300, out_features=1200, bias=True)
                                               (fc2): Linear(in_features=1200, out_features=300, bias=True)
                                               (layer_norms): ModuleList(
                                                 (0): LayerNorm((300,), eps=1e-05, elementwise_affine=True)
                                                 (1): LayerNorm((300,), eps=1e-05, elementwise_affine=True)
                                               )
                                             )
                                           )
                                           (layer_norm): LayerNorm((300,), eps=1e-05, elementwise_affine=True)
                                         )
                                         (trans_l_with_v2a): TransformerEncoder(
                                           (embed_positions): SinusoidalPositionalEmbedding()
                                           (layers): ModuleList(
                                             (0): TransformerEncoderLayer(
                                               (self_attn): MultiheadAttention(
                                                 (out_proj): Linear(in_features=300, out_features=300, bias=True)
                                               )
                                               (fc1): Linear(in_features=300, out_features=1200, bias=True)
                                               (fc2): Linear(in_features=1200, out_features=300, bias=True)
                                               (layer_norms): ModuleList(
                                                 (0): LayerNorm((300,), eps=1e-05, elementwise_affine=True)
                                                 (1): LayerNorm((300,), eps=1e-05, elementwise_affine=True)
                                               )
                                             )
                                             (1): TransformerEncoderLayer(
                                               (self_attn): MultiheadAttention(
                                                 (out_proj): Linear(in_features=300, out_features=300, bias=True)
                                               )
                                               (fc1): Linear(in_features=300, out_features=1200, bias=True)
                                               (fc2): Linear(in_features=1200, out_features=300, bias=True)
                                               (layer_norms): ModuleList(
                                                 (0): LayerNorm((300,), eps=1e-05, elementwise_affine=True)
                                                 (1): LayerNorm((300,), eps=1e-05, elementwise_affine=True)
                                               )
                                             )
                                             (2): TransformerEncoderLayer(
                                               (self_attn): MultiheadAttention(
                                                 (out_proj): Linear(in_features=300, out_features=300, bias=True)
                                               )
                                               (fc1): Linear(in_features=300, out_features=1200, bias=True)
                                               (fc2): Linear(in_features=1200, out_features=300, bias=True)
                                               (layer_norms): ModuleList(
                                                 (0): LayerNorm((300,), eps=1e-05, elementwise_affine=True)
                                                 (1): LayerNorm((300,), eps=1e-05, elementwise_affine=True)
                                               )
                                             )
                                             (3): TransformerEncoderLayer(
                                               (self_attn): MultiheadAttention(
                                                 (out_proj): Linear(in_features=300, out_features=300, bias=True)
                                               )
                                               (fc1): Linear(in_features=300, out_features=1200, bias=True)
                                               (fc2): Linear(in_features=1200, out_features=300, bias=True)
                                               (layer_norms): ModuleList(
                                                 (0): LayerNorm((300,), eps=1e-05, elementwise_affine=True)
                                                 (1): LayerNorm((300,), eps=1e-05, elementwise_affine=True)
                                               )
                                             )
                                           )
                                           (layer_norm): LayerNorm((300,), eps=1e-05, elementwise_affine=True)
                                         )
                                         (trans_l_with_a2v): TransformerEncoder(
                                           (embed_positions): SinusoidalPositionalEmbedding()
                                           (layers): ModuleList(
                                             (0): TransformerEncoderLayer(
                                               (self_attn): MultiheadAttention(
                                                 (out_proj): Linear(in_features=300, out_features=300, bias=True)
                                               )
                                               (fc1): Linear(in_features=300, out_features=1200, bias=True)
                                               (fc2): Linear(in_features=1200, out_features=300, bias=True)
                                               (layer_norms): ModuleList(
                                                 (0): LayerNorm((300,), eps=1e-05, elementwise_affine=True)
                                                 (1): LayerNorm((300,), eps=1e-05, elementwise_affine=True)
                                               )
                                             )
                                             (1): TransformerEncoderLayer(
                                               (self_attn): MultiheadAttention(
                                                 (out_proj): Linear(in_features=300, out_features=300, bias=True)
                                               )
                                               (fc1): Linear(in_features=300, out_features=1200, bias=True)
                                               (fc2): Linear(in_features=1200, out_features=300, bias=True)
                                               (layer_norms): ModuleList(
                                                 (0): LayerNorm((300,), eps=1e-05, elementwise_affine=True)
                                                 (1): LayerNorm((300,), eps=1e-05, elementwise_affine=True)
                                               )
                                             )
                                             (2): TransformerEncoderLayer(
                                               (self_attn): MultiheadAttention(
                                                 (out_proj): Linear(in_features=300, out_features=300, bias=True)
                                               )
                                               (fc1): Linear(in_features=300, out_features=1200, bias=True)
                                               (fc2): Linear(in_features=1200, out_features=300, bias=True)
                                               (layer_norms): ModuleList(
                                                 (0): LayerNorm((300,), eps=1e-05, elementwise_affine=True)
                                                 (1): LayerNorm((300,), eps=1e-05, elementwise_affine=True)
                                               )
                                             )
                                             (3): TransformerEncoderLayer(
                                               (self_attn): MultiheadAttention(
                                                 (out_proj): Linear(in_features=300, out_features=300, bias=True)
                                               )
                                               (fc1): Linear(in_features=300, out_features=1200, bias=True)
                                               (fc2): Linear(in_features=1200, out_features=300, bias=True)
                                               (layer_norms): ModuleList(
                                                 (0): LayerNorm((300,), eps=1e-05, elementwise_affine=True)
                                                 (1): LayerNorm((300,), eps=1e-05, elementwise_affine=True)
                                               )
                                             )
                                           )
                                           (layer_norm): LayerNorm((300,), eps=1e-05, elementwise_affine=True)
                                         )
                                         (trans_v_with_l): TransformerEncoder(
                                           (embed_positions): SinusoidalPositionalEmbedding()
                                           (layers): ModuleList(
                                             (0): TransformerEncoderLayer(
                                               (self_attn): MultiheadAttention(
                                                 (out_proj): Linear(in_features=300, out_features=300, bias=True)
                                               )
                                               (fc1): Linear(in_features=300, out_features=1200, bias=True)
                                               (fc2): Linear(in_features=1200, out_features=300, bias=True)
                                               (layer_norms): ModuleList(
                                                 (0): LayerNorm((300,), eps=1e-05, elementwise_affine=True)
                                                 (1): LayerNorm((300,), eps=1e-05, elementwise_affine=True)
                                               )
                                             )
                                             (1): TransformerEncoderLayer(
                                               (self_attn): MultiheadAttention(
                                                 (out_proj): Linear(in_features=300, out_features=300, bias=True)
                                               )
                                               (fc1): Linear(in_features=300, out_features=1200, bias=True)
                                               (fc2): Linear(in_features=1200, out_features=300, bias=True)
                                               (layer_norms): ModuleList(
                                                 (0): LayerNorm((300,), eps=1e-05, elementwise_affine=True)
                                                 (1): LayerNorm((300,), eps=1e-05, elementwise_affine=True)
                                               )
                                             )
                                             (2): TransformerEncoderLayer(
                                               (self_attn): MultiheadAttention(
                                                 (out_proj): Linear(in_features=300, out_features=300, bias=True)
                                               )
                                               (fc1): Linear(in_features=300, out_features=1200, bias=True)
                                               (fc2): Linear(in_features=1200, out_features=300, bias=True)
                                               (layer_norms): ModuleList(
                                                 (0): LayerNorm((300,), eps=1e-05, elementwise_affine=True)
                                                 (1): LayerNorm((300,), eps=1e-05, elementwise_affine=True)
                                               )
                                             )
                                             (3): TransformerEncoderLayer(
                                               (self_attn): MultiheadAttention(
                                                 (out_proj): Linear(in_features=300, out_features=300, bias=True)
                                               )
                                               (fc1): Linear(in_features=300, out_features=1200, bias=True)
                                               (fc2): Linear(in_features=1200, out_features=300, bias=True)
                                               (layer_norms): ModuleList(
                                                 (0): LayerNorm((300,), eps=1e-05, elementwise_affine=True)
                                                 (1): LayerNorm((300,), eps=1e-05, elementwise_affine=True)
                                               )
                                             )
                                           )
                                           (layer_norm): LayerNorm((300,), eps=1e-05, elementwise_affine=True)
                                         )
                                         (trans_v_with_a): TransformerEncoder(
                                           (embed_positions): SinusoidalPositionalEmbedding()
                                           (layers): ModuleList(
                                             (0): TransformerEncoderLayer(
                                               (self_attn): MultiheadAttention(
                                                 (out_proj): Linear(in_features=300, out_features=300, bias=True)
                                               )
                                               (fc1): Linear(in_features=300, out_features=1200, bias=True)
                                               (fc2): Linear(in_features=1200, out_features=300, bias=True)
                                               (layer_norms): ModuleList(
                                                 (0): LayerNorm((300,), eps=1e-05, elementwise_affine=True)
                                                 (1): LayerNorm((300,), eps=1e-05, elementwise_affine=True)
                                               )
                                             )
                                             (1): TransformerEncoderLayer(
                                               (self_attn): MultiheadAttention(
                                                 (out_proj): Linear(in_features=300, out_features=300, bias=True)
                                               )
                                               (fc1): Linear(in_features=300, out_features=1200, bias=True)
                                               (fc2): Linear(in_features=1200, out_features=300, bias=True)
                                               (layer_norms): ModuleList(
                                                 (0): LayerNorm((300,), eps=1e-05, elementwise_affine=True)
                                                 (1): LayerNorm((300,), eps=1e-05, elementwise_affine=True)
                                               )
                                             )
                                             (2): TransformerEncoderLayer(
                                               (self_attn): MultiheadAttention(
                                                 (out_proj): Linear(in_features=300, out_features=300, bias=True)
                                               )
                                               (fc1): Linear(in_features=300, out_features=1200, bias=True)
                                               (fc2): Linear(in_features=1200, out_features=300, bias=True)
                                               (layer_norms): ModuleList(
                                                 (0): LayerNorm((300,), eps=1e-05, elementwise_affine=True)
                                                 (1): LayerNorm((300,), eps=1e-05, elementwise_affine=True)
                                               )
                                             )
                                             (3): TransformerEncoderLayer(
                                               (self_attn): MultiheadAttention(
                                                 (out_proj): Linear(in_features=300, out_features=300, bias=True)
                                               )
                                               (fc1): Linear(in_features=300, out_features=1200, bias=True)
                                               (fc2): Linear(in_features=1200, out_features=300, bias=True)
                                               (layer_norms): ModuleList(
                                                 (0): LayerNorm((300,), eps=1e-05, elementwise_affine=True)
                                                 (1): LayerNorm((300,), eps=1e-05, elementwise_affine=True)
                                               )
                                             )
                                           )
                                           (layer_norm): LayerNorm((300,), eps=1e-05, elementwise_affine=True)
                                         )
                                         (trans_v_with_l2a): TransformerEncoder(
                                           (embed_positions): SinusoidalPositionalEmbedding()
                                           (layers): ModuleList(
                                             (0): TransformerEncoderLayer(
                                               (self_attn): MultiheadAttention(
                                                 (out_proj): Linear(in_features=300, out_features=300, bias=True)
                                               )
                                               (fc1): Linear(in_features=300, out_features=1200, bias=True)
                                               (fc2): Linear(in_features=1200, out_features=300, bias=True)
                                               (layer_norms): ModuleList(
                                                 (0): LayerNorm((300,), eps=1e-05, elementwise_affine=True)
                                                 (1): LayerNorm((300,), eps=1e-05, elementwise_affine=True)
                                               )
                                             )
                                             (1): TransformerEncoderLayer(
                                               (self_attn): MultiheadAttention(
                                                 (out_proj): Linear(in_features=300, out_features=300, bias=True)
                                               )
                                               (fc1): Linear(in_features=300, out_features=1200, bias=True)
                                               (fc2): Linear(in_features=1200, out_features=300, bias=True)
                                               (layer_norms): ModuleList(
                                                 (0): LayerNorm((300,), eps=1e-05, elementwise_affine=True)
                                                 (1): LayerNorm((300,), eps=1e-05, elementwise_affine=True)
                                               )
                                             )
                                             (2): TransformerEncoderLayer(
                                               (self_attn): MultiheadAttention(
                                                 (out_proj): Linear(in_features=300, out_features=300, bias=True)
                                               )
                                               (fc1): Linear(in_features=300, out_features=1200, bias=True)
                                               (fc2): Linear(in_features=1200, out_features=300, bias=True)
                                               (layer_norms): ModuleList(
                                                 (0): LayerNorm((300,), eps=1e-05, elementwise_affine=True)
                                                 (1): LayerNorm((300,), eps=1e-05, elementwise_affine=True)
                                               )
                                             )
                                             (3): TransformerEncoderLayer(
                                               (self_attn): MultiheadAttention(
                                                 (out_proj): Linear(in_features=300, out_features=300, bias=True)
                                               )
                                               (fc1): Linear(in_features=300, out_features=1200, bias=True)
                                               (fc2): Linear(in_features=1200, out_features=300, bias=True)
                                               (layer_norms): ModuleList(
                                                 (0): LayerNorm((300,), eps=1e-05, elementwise_affine=True)
                                                 (1): LayerNorm((300,), eps=1e-05, elementwise_affine=True)
                                               )
                                             )
                                           )
                                           (layer_norm): LayerNorm((300,), eps=1e-05, elementwise_affine=True)
                                         )
                                         (trans_v_with_a2l): TransformerEncoder(
                                           (embed_positions): SinusoidalPositionalEmbedding()
                                           (layers): ModuleList(
                                             (0): TransformerEncoderLayer(
                                               (self_attn): MultiheadAttention(
                                                 (out_proj): Linear(in_features=300, out_features=300, bias=True)
                                               )
                                               (fc1): Linear(in_features=300, out_features=1200, bias=True)
                                               (fc2): Linear(in_features=1200, out_features=300, bias=True)
                                               (layer_norms): ModuleList(
                                                 (0): LayerNorm((300,), eps=1e-05, elementwise_affine=True)
                                                 (1): LayerNorm((300,), eps=1e-05, elementwise_affine=True)
                                               )
                                             )
                                             (1): TransformerEncoderLayer(
                                               (self_attn): MultiheadAttention(
                                                 (out_proj): Linear(in_features=300, out_features=300, bias=True)
                                               )
                                               (fc1): Linear(in_features=300, out_features=1200, bias=True)
                                               (fc2): Linear(in_features=1200, out_features=300, bias=True)
                                               (layer_norms): ModuleList(
                                                 (0): LayerNorm((300,), eps=1e-05, elementwise_affine=True)
                                                 (1): LayerNorm((300,), eps=1e-05, elementwise_affine=True)
                                               )
                                             )
                                             (2): TransformerEncoderLayer(
                                               (self_attn): MultiheadAttention(
                                                 (out_proj): Linear(in_features=300, out_features=300, bias=True)
                                               )
                                               (fc1): Linear(in_features=300, out_features=1200, bias=True)
                                               (fc2): Linear(in_features=1200, out_features=300, bias=True)
                                               (layer_norms): ModuleList(
                                                 (0): LayerNorm((300,), eps=1e-05, elementwise_affine=True)
                                                 (1): LayerNorm((300,), eps=1e-05, elementwise_affine=True)
                                               )
                                             )
                                             (3): TransformerEncoderLayer(
                                               (self_attn): MultiheadAttention(
                                                 (out_proj): Linear(in_features=300, out_features=300, bias=True)
                                               )
                                               (fc1): Linear(in_features=300, out_features=1200, bias=True)
                                               (fc2): Linear(in_features=1200, out_features=300, bias=True)
                                               (layer_norms): ModuleList(
                                                 (0): LayerNorm((300,), eps=1e-05, elementwise_affine=True)
                                                 (1): LayerNorm((300,), eps=1e-05, elementwise_affine=True)
                                               )
                                             )
                                           )
                                           (layer_norm): LayerNorm((300,), eps=1e-05, elementwise_affine=True)
                                         )
                                         (trans_a_with_l): TransformerEncoder(
                                           (embed_positions): SinusoidalPositionalEmbedding()
                                           (layers): ModuleList(
                                             (0): TransformerEncoderLayer(
                                               (self_attn): MultiheadAttention(
                                                 (out_proj): Linear(in_features=300, out_features=300, bias=True)
                                               )
                                               (fc1): Linear(in_features=300, out_features=1200, bias=True)
                                               (fc2): Linear(in_features=1200, out_features=300, bias=True)
                                               (layer_norms): ModuleList(
                                                 (0): LayerNorm((300,), eps=1e-05, elementwise_affine=True)
                                                 (1): LayerNorm((300,), eps=1e-05, elementwise_affine=True)
                                               )
                                             )
                                             (1): TransformerEncoderLayer(
                                               (self_attn): MultiheadAttention(
                                                 (out_proj): Linear(in_features=300, out_features=300, bias=True)
                                               )
                                               (fc1): Linear(in_features=300, out_features=1200, bias=True)
                                               (fc2): Linear(in_features=1200, out_features=300, bias=True)
                                               (layer_norms): ModuleList(
                                                 (0): LayerNorm((300,), eps=1e-05, elementwise_affine=True)
                                                 (1): LayerNorm((300,), eps=1e-05, elementwise_affine=True)
                                               )
                                             )
                                             (2): TransformerEncoderLayer(
                                               (self_attn): MultiheadAttention(
                                                 (out_proj): Linear(in_features=300, out_features=300, bias=True)
                                               )
                                               (fc1): Linear(in_features=300, out_features=1200, bias=True)
                                               (fc2): Linear(in_features=1200, out_features=300, bias=True)
                                               (layer_norms): ModuleList(
                                                 (0): LayerNorm((300,), eps=1e-05, elementwise_affine=True)
                                                 (1): LayerNorm((300,), eps=1e-05, elementwise_affine=True)
                                               )
                                             )
                                             (3): TransformerEncoderLayer(
                                               (self_attn): MultiheadAttention(
                                                 (out_proj): Linear(in_features=300, out_features=300, bias=True)
                                               )
                                               (fc1): Linear(in_features=300, out_features=1200, bias=True)
                                               (fc2): Linear(in_features=1200, out_features=300, bias=True)
                                               (layer_norms): ModuleList(
                                                 (0): LayerNorm((300,), eps=1e-05, elementwise_affine=True)
                                                 (1): LayerNorm((300,), eps=1e-05, elementwise_affine=True)
                                               )
                                             )
                                           )
                                           (layer_norm): LayerNorm((300,), eps=1e-05, elementwise_affine=True)
                                         )
                                         (trans_a_with_v): TransformerEncoder(
                                           (embed_positions): SinusoidalPositionalEmbedding()
                                           (layers): ModuleList(
                                             (0): TransformerEncoderLayer(
                                               (self_attn): MultiheadAttention(
                                                 (out_proj): Linear(in_features=300, out_features=300, bias=True)
                                               )
                                               (fc1): Linear(in_features=300, out_features=1200, bias=True)
                                               (fc2): Linear(in_features=1200, out_features=300, bias=True)
                                               (layer_norms): ModuleList(
                                                 (0): LayerNorm((300,), eps=1e-05, elementwise_affine=True)
                                                 (1): LayerNorm((300,), eps=1e-05, elementwise_affine=True)
                                               )
                                             )
                                             (1): TransformerEncoderLayer(
                                               (self_attn): MultiheadAttention(
                                                 (out_proj): Linear(in_features=300, out_features=300, bias=True)
                                               )
                                               (fc1): Linear(in_features=300, out_features=1200, bias=True)
                                               (fc2): Linear(in_features=1200, out_features=300, bias=True)
                                               (layer_norms): ModuleList(
                                                 (0): LayerNorm((300,), eps=1e-05, elementwise_affine=True)
                                                 (1): LayerNorm((300,), eps=1e-05, elementwise_affine=True)
                                               )
                                             )
                                             (2): TransformerEncoderLayer(
                                               (self_attn): MultiheadAttention(
                                                 (out_proj): Linear(in_features=300, out_features=300, bias=True)
                                               )
                                               (fc1): Linear(in_features=300, out_features=1200, bias=True)
                                               (fc2): Linear(in_features=1200, out_features=300, bias=True)
                                               (layer_norms): ModuleList(
                                                 (0): LayerNorm((300,), eps=1e-05, elementwise_affine=True)
                                                 (1): LayerNorm((300,), eps=1e-05, elementwise_affine=True)
                                               )
                                             )
                                             (3): TransformerEncoderLayer(
                                               (self_attn): MultiheadAttention(
                                                 (out_proj): Linear(in_features=300, out_features=300, bias=True)
                                               )
                                               (fc1): Linear(in_features=300, out_features=1200, bias=True)
                                               (fc2): Linear(in_features=1200, out_features=300, bias=True)
                                               (layer_norms): ModuleList(
                                                 (0): LayerNorm((300,), eps=1e-05, elementwise_affine=True)
                                                 (1): LayerNorm((300,), eps=1e-05, elementwise_affine=True)
                                               )
                                             )
                                           )
                                           (layer_norm): LayerNorm((300,), eps=1e-05, elementwise_affine=True)
                                         )
                                         (trans_a_with_v2l): TransformerEncoder(
                                           (embed_positions): SinusoidalPositionalEmbedding()
                                           (layers): ModuleList(
                                             (0): TransformerEncoderLayer(
                                               (self_attn): MultiheadAttention(
                                                 (out_proj): Linear(in_features=300, out_features=300, bias=True)
                                               )
                                               (fc1): Linear(in_features=300, out_features=1200, bias=True)
                                               (fc2): Linear(in_features=1200, out_features=300, bias=True)
                                               (layer_norms): ModuleList(
                                                 (0): LayerNorm((300,), eps=1e-05, elementwise_affine=True)
                                                 (1): LayerNorm((300,), eps=1e-05, elementwise_affine=True)
                                               )
                                             )
                                             (1): TransformerEncoderLayer(
                                               (self_attn): MultiheadAttention(
                                                 (out_proj): Linear(in_features=300, out_features=300, bias=True)
                                               )
                                               (fc1): Linear(in_features=300, out_features=1200, bias=True)
                                               (fc2): Linear(in_features=1200, out_features=300, bias=True)
                                               (layer_norms): ModuleList(
                                                 (0): LayerNorm((300,), eps=1e-05, elementwise_affine=True)
                                                 (1): LayerNorm((300,), eps=1e-05, elementwise_affine=True)
                                               )
                                             )
                                             (2): TransformerEncoderLayer(
                                               (self_attn): MultiheadAttention(
                                                 (out_proj): Linear(in_features=300, out_features=300, bias=True)
                                               )
                                               (fc1): Linear(in_features=300, out_features=1200, bias=True)
                                               (fc2): Linear(in_features=1200, out_features=300, bias=True)
                                               (layer_norms): ModuleList(
                                                 (0): LayerNorm((300,), eps=1e-05, elementwise_affine=True)
                                                 (1): LayerNorm((300,), eps=1e-05, elementwise_affine=True)
                                               )
                                             )
                                             (3): TransformerEncoderLayer(
                                               (self_attn): MultiheadAttention(
                                                 (out_proj): Linear(in_features=300, out_features=300, bias=True)
                                               )
                                               (fc1): Linear(in_features=300, out_features=1200, bias=True)
                                               (fc2): Linear(in_features=1200, out_features=300, bias=True)
                                               (layer_norms): ModuleList(
                                                 (0): LayerNorm((300,), eps=1e-05, elementwise_affine=True)
                                                 (1): LayerNorm((300,), eps=1e-05, elementwise_affine=True)
                                               )
                                             )
                                           )
                                           (layer_norm): LayerNorm((300,), eps=1e-05, elementwise_affine=True)
                                         )
                                         (trans_a_with_l2v): TransformerEncoder(
                                           (embed_positions): SinusoidalPositionalEmbedding()
                                           (layers): ModuleList(
                                             (0): TransformerEncoderLayer(
                                               (self_attn): MultiheadAttention(
                                                 (out_proj): Linear(in_features=300, out_features=300, bias=True)
                                               )
                                               (fc1): Linear(in_features=300, out_features=1200, bias=True)
                                               (fc2): Linear(in_features=1200, out_features=300, bias=True)
                                               (layer_norms): ModuleList(
                                                 (0): LayerNorm((300,), eps=1e-05, elementwise_affine=True)
                                                 (1): LayerNorm((300,), eps=1e-05, elementwise_affine=True)
                                               )
                                             )
                                             (1): TransformerEncoderLayer(
                                               (self_attn): MultiheadAttention(
                                                 (out_proj): Linear(in_features=300, out_features=300, bias=True)
                                               )
                                               (fc1): Linear(in_features=300, out_features=1200, bias=True)
                                               (fc2): Linear(in_features=1200, out_features=300, bias=True)
                                               (layer_norms): ModuleList(
                                                 (0): LayerNorm((300,), eps=1e-05, elementwise_affine=True)
                                                 (1): LayerNorm((300,), eps=1e-05, elementwise_affine=True)
                                               )
                                             )
                                             (2): TransformerEncoderLayer(
                                               (self_attn): MultiheadAttention(
                                                 (out_proj): Linear(in_features=300, out_features=300, bias=True)
                                               )
                                               (fc1): Linear(in_features=300, out_features=1200, bias=True)
                                               (fc2): Linear(in_features=1200, out_features=300, bias=True)
                                               (layer_norms): ModuleList(
                                                 (0): LayerNorm((300,), eps=1e-05, elementwise_affine=True)
                                                 (1): LayerNorm((300,), eps=1e-05, elementwise_affine=True)
                                               )
                                             )
                                             (3): TransformerEncoderLayer(
                                               (self_attn): MultiheadAttention(
                                                 (out_proj): Linear(in_features=300, out_features=300, bias=True)
                                               )
                                               (fc1): Linear(in_features=300, out_features=1200, bias=True)
                                               (fc2): Linear(in_features=1200, out_features=300, bias=True)
                                               (layer_norms): ModuleList(
                                                 (0): LayerNorm((300,), eps=1e-05, elementwise_affine=True)
                                                 (1): LayerNorm((300,), eps=1e-05, elementwise_affine=True)
                                               )
                                             )
                                           )
                                           (layer_norm): LayerNorm((300,), eps=1e-05, elementwise_affine=True)
                                         )
                                         (proj1): Linear(in_features=300, out_features=300, bias=True)
                                         (proj2): Linear(in_features=300, out_features=300, bias=True)
                                         (out_layer): Linear(in_features=300, out_features=6, bias=True)
                                         (gmu): TextShifting3Layer(
                                           (hidden1): Linear(in_features=300, out_features=300, bias=False)
                                           (hidden2): Linear(in_features=300, out_features=300, bias=False)
                                           (hidden3): Linear(in_features=300, out_features=300, bias=False)
                                           (x1_gate): Linear(in_features=900, out_features=300, bias=False)
                                           (x2_gate): Linear(in_features=900, out_features=300, bias=False)
                                           (x3_gate): Linear(in_features=900, out_features=300, bias=False)
                                         )
                                         (transfm_a2l): Linear(in_features=500, out_features=512, bias=True)
                                         (transfm_v2l): Linear(in_features=500, out_features=512, bias=True)
                                         (transfm_l2a): Linear(in_features=512, out_features=500, bias=True)
                                         (transfm_l2v): Linear(in_features=512, out_features=500, bias=True)
                                       )
                                     )
INFO - 04/28/22 23:41:40 - 0:00:00 - Training..
INFO - 04/28/22 23:54:20 - 0:12:40 - Train Loss: 0.0691
INFO - 04/28/22 23:54:20 - 0:12:40 - Val: Loss: 1.07198
                                     |    Anger   |   Disgust  |    Fear    |    Happy   |     Sad    |  Surprise  |   Average  | APS_micro
                                       WA: 64.793 | WA: 61.453 | WA: 62.651 | WA: 75.050 | WA: 63.221 | WA: 63.896 | WA: 65.177 | APS: 65.177
                                       F1: 24.852 | F1: 73.286 | F1: 49.476 | F1: 47.717 | F1: 38.561 | F1: 27.141 | F1: 43.506
INFO - 04/29/22 00:07:53 - 0:26:13 - Train Loss: 0.0622
INFO - 04/29/22 00:07:53 - 0:26:13 - Val: Loss: 1.08866
                                     |    Anger   |   Disgust  |    Fear    |    Happy   |     Sad    |  Surprise  |   Average  | APS_micro
                                       WA: 62.222 | WA: 64.522 | WA: 63.358 | WA: 72.610 | WA: 61.977 | WA: 67.805 | WA: 65.416 | APS: 65.416
                                       F1: 22.172 | F1: 74.105 | F1: 50.643 | F1: 50.789 | F1: 37.355 | F1: 32.331 | F1: 44.566
INFO - 04/29/22 00:21:13 - 0:39:33 - Train Loss: 0.0558
INFO - 04/29/22 00:21:13 - 0:39:33 - Val: Loss: 1.14957
                                     |    Anger   |   Disgust  |    Fear    |    Happy   |     Sad    |  Surprise  |   Average  | APS_micro
                                       WA: 63.577 | WA: 63.252 | WA: 64.172 | WA: 73.276 | WA: 61.743 | WA: 67.335 | WA: 65.559 | APS: 65.559
                                       F1: 23.592 | F1: 73.439 | F1: 51.229 | F1: 48.525 | F1: 36.872 | F1: 29.860 | F1: 43.920
INFO - 04/29/22 00:34:30 - 0:52:49 - Train Loss: 0.0481
INFO - 04/29/22 00:34:30 - 0:52:49 - Val: Loss: 1.26619
                                     |    Anger   |   Disgust  |    Fear    |    Happy   |     Sad    |  Surprise  |   Average  | APS_micro
                                       WA: 64.318 | WA: 66.337 | WA: 65.565 | WA: 74.948 | WA: 62.963 | WA: 65.041 | WA: 66.529 | APS: 66.529
                                       F1: 25.581 | F1: 73.468 | F1: 52.222 | F1: 48.668 | F1: 38.078 | F1: 31.390 | F1: 44.901
INFO - 04/29/22 00:47:46 - 1:06:05 - Train Loss: 0.0406
INFO - 04/29/22 00:47:46 - 1:06:05 - Val: Loss: 1.51812
                                     |    Anger   |   Disgust  |    Fear    |    Happy   |     Sad    |  Surprise  |   Average  | APS_micro
                                       WA: 59.498 | WA: 64.513 | WA: 63.893 | WA: 74.991 | WA: 60.683 | WA: 66.735 | WA: 65.052 | APS: 65.052
                                       F1: 23.853 | F1: 73.181 | F1: 49.383 | F1: 49.871 | F1: 35.763 | F1: 33.087 | F1: 44.190
INFO - 04/29/22 01:00:52 - 1:19:12 - Train Loss: 0.0344
INFO - 04/29/22 01:00:52 - 1:19:12 - Val: Loss: 1.76322
                                     |    Anger   |   Disgust  |    Fear    |    Happy   |     Sad    |  Surprise  |   Average  | APS_micro
                                       WA: 60.895 | WA: 64.894 | WA: 65.482 | WA: 72.524 | WA: 61.435 | WA: 64.940 | WA: 65.028 | APS: 65.028
                                       F1: 24.093 | F1: 72.672 | F1: 51.433 | F1: 48.986 | F1: 36.578 | F1: 30.857 | F1: 44.103
INFO - 04/29/22 01:13:55 - 1:32:15 - Train Loss: 0.0292
INFO - 04/29/22 01:13:55 - 1:32:15 - Val: Loss: 1.93867
                                     |    Anger   |   Disgust  |    Fear    |    Happy   |     Sad    |  Surprise  |   Average  | APS_micro
                                       WA: 61.622 | WA: 64.886 | WA: 64.165 | WA: 74.429 | WA: 60.847 | WA: 62.338 | WA: 64.714 | APS: 64.714
                                       F1: 24.889 | F1: 72.696 | F1: 49.963 | F1: 51.437 | F1: 35.953 | F1: 28.486 | F1: 43.904
INFO - 04/29/22 01:26:50 - 1:45:10 - Train Loss: 0.0229
INFO - 04/29/22 01:26:50 - 1:45:10 - Val: Loss: 2.37777
                                     |    Anger   |   Disgust  |    Fear    |    Happy   |     Sad    |  Surprise  |   Average  | APS_micro
                                       WA: 56.856 | WA: 66.386 | WA: 63.004 | WA: 73.874 | WA: 60.090 | WA: 63.063 | WA: 63.879 | APS: 63.879
                                       F1: 20.907 | F1: 72.498 | F1: 48.673 | F1: 50.354 | F1: 35.032 | F1: 31.358 | F1: 43.137
INFO - 04/29/22 01:39:59 - 1:58:19 - Train Loss: 0.0197
INFO - 04/29/22 01:39:59 - 1:58:19 - Val: Loss: 2.88851
                                     |    Anger   |   Disgust  |    Fear    |    Happy   |     Sad    |  Surprise  |   Average  | APS_micro
                                       WA: 53.822 | WA: 65.882 | WA: 62.339 | WA: 71.742 | WA: 60.046 | WA: 60.704 | WA: 62.422 | APS: 62.422
                                       F1: 16.489 | F1: 72.155 | F1: 47.727 | F1: 50.081 | F1: 34.910 | F1: 29.213 | F1: 41.763
INFO - 04/29/22 01:40:06 - 1:58:26 - No improvement. Breaking out of loop.
DEBUG - 04/29/22 01:40:06 - 1:58:26 - Starting new HTTPS connection (1): s3.amazonaws.com:443
INFO - 04/29/22 01:40:11 - 1:58:31 - loading vocabulary file https://s3.amazonaws.com/models.huggingface.co/bert/bert-base-uncased-vocab.txt from cache at /home/est_posgrado_diego.moreno/.pytorch_pretrained_bert/26bc1ad6c0ac742e9b52263248f6d0f00068293b33709fae12320c0e35ccfbbb.542ce4285a40d23a559526243235df47c5f75c197f04f37d1a0c124c32c9a084
DEBUG - 04/29/22 01:40:11 - 1:58:31 - Starting new HTTPS connection (1): s3.amazonaws.com:443
INFO - 04/29/22 01:40:21 - 1:58:41 - loading vocabulary file https://s3.amazonaws.com/models.huggingface.co/bert/bert-base-uncased-vocab.txt from cache at /home/est_posgrado_diego.moreno/.pytorch_pretrained_bert/26bc1ad6c0ac742e9b52263248f6d0f00068293b33709fae12320c0e35ccfbbb.542ce4285a40d23a559526243235df47c5f75c197f04f37d1a0c124c32c9a084
DEBUG - 04/29/22 01:40:21 - 1:58:41 - Starting new HTTPS connection (1): huggingface.co:443
DEBUG - 04/29/22 01:40:26 - 1:58:46 - Starting new HTTPS connection (1): huggingface.co:443
