INFO - 04/29/22 07:38:53 - 0:00:00 - a_len: 3
                                     adapter_size: 64
                                     aonly: True
                                     attn_dropout: 0.1
                                     attn_dropout_a: 0.0
                                     attn_dropout_v: 0.0
                                     attn_mask: True
                                     batch_sz: 16
                                     bert_model: bert-base-uncased
                                     chunk_size: 100
                                     config_file: /home/est_posgrado_diego.moreno/vilbert-multi-task/config/bert_base_6layer_6conect.json
                                     data_path: /home/est_posgrado_diego.moreno/Workspace/Tesis/multimodal-transformers-movies/datasets
                                     drop_img_percent: 0.0
                                     dropout: 0.1
                                     embed_dropout: 0.25
                                     embed_sz: 300
                                     freeze_img: 0
                                     freeze_txt: 0
                                     from_pretrained: /home/est_posgrado_diego.moreno/vilbert-multi-task/save/multi_task_model.bin
                                     from_seed: 1
                                     glove_path: /path/to/glove_embeds/glove.840B.300d.txt
                                     gradient_accumulation_steps: 16
                                     hidden: []
                                     hidden_sz: 300
                                     hybrid: False
                                     img_embed_pool_type: avg
                                     img_hidden_sz: 2048
                                     include_bn: True
                                     inverse_seed: False
                                     just_test: False
                                     l_len: 512
                                     label_freqs: Counter({'happiness': 8732, 'sadness': 4269, 'anger': 3524, 'disgust': 2954, 'surprise': 1642, 'fear': 1331})
                                     labels: ['fear', 'happiness', 'sadness', 'disgust', 'anger', 'surprise']
                                     layers: 4
                                     lonly: True
                                     lr: 5e-05
                                     lr_factor: 0.5
                                     lr_patience: 2
                                     max_epochs: 100
                                     max_seq_len: 512
                                     model: mmtrvat
                                     n_classes: 6
                                     n_workers: 12
                                     name: moviescope_Seed5_mmbt_model_run
                                     nlevels: 5
                                     num_heads: 10
                                     num_image_embeds: 3
                                     num_images: 8
                                     orig_d_a: 74
                                     orig_d_l: 768
                                     orig_d_p: 4096
                                     orig_d_v: 35
                                     out_dropout: 0.0
                                     output_gates: False
                                     patience: 5
                                     pooling: cls
                                     relu_dropout: 0.1
                                     res_dropout: 0.1
                                     savedir: /home/est_posgrado_diego.moreno/Workspace/Tesis/multimodal-transformers-movies/model_save_mmtr_MOSEI/moviescope_Seed5_mmbt_model_run
                                     seed: 5
                                     task: cmu-mosei
                                     task_type: multilabel
                                     train_data_len: 16326
                                     train_type: split
                                     trained_model_dir: 
                                     v_len: 3
                                     vision_scratch: False
                                     visual: both
                                     vocab: <mmbt.data.vocab.Vocab object at 0x7fa2243ab250>
                                     vocab_sz: 30522
                                     vonly: True
                                     warmup: 0.1
                                     weight_classes: 1
INFO - 04/29/22 07:38:53 - 0:00:00 - DataParallel(
                                       (module): MultiprojectionMMTransformer3DGMUClf(
                                         (enc): BertEncoder(
                                           (bert): BertModel(
                                             (embeddings): BertEmbeddings(
                                               (word_embeddings): Embedding(30522, 768, padding_idx=0)
                                               (position_embeddings): Embedding(512, 768)
                                               (token_type_embeddings): Embedding(2, 768)
                                               (LayerNorm): LayerNorm((768,), eps=1e-12, elementwise_affine=True)
                                               (dropout): Dropout(p=0.1, inplace=False)
                                             )
                                             (encoder): BertEncoder(
                                               (layer): ModuleList(
                                                 (0): BertLayer(
                                                   (attention): BertAttention(
                                                     (self): BertSelfAttention(
                                                       (query): Linear(in_features=768, out_features=768, bias=True)
                                                       (key): Linear(in_features=768, out_features=768, bias=True)
                                                       (value): Linear(in_features=768, out_features=768, bias=True)
                                                       (dropout): Dropout(p=0.1, inplace=False)
                                                     )
                                                     (output): BertSelfOutput(
                                                       (dense): Linear(in_features=768, out_features=768, bias=True)
                                                       (LayerNorm): LayerNorm((768,), eps=1e-12, elementwise_affine=True)
                                                       (dropout): Dropout(p=0.1, inplace=False)
                                                       (attention_text_task_adapters): ModuleDict()
                                                       (adapter_fusion_layer): ModuleDict()
                                                       (attention_text_lang_adapters): ModuleDict()
                                                     )
                                                   )
                                                   (intermediate): BertIntermediate(
                                                     (dense): Linear(in_features=768, out_features=3072, bias=True)
                                                   )
                                                   (output): BertOutput(
                                                     (dense): Linear(in_features=3072, out_features=768, bias=True)
                                                     (LayerNorm): LayerNorm((768,), eps=1e-12, elementwise_affine=True)
                                                     (dropout): Dropout(p=0.1, inplace=False)
                                                     (adapter_fusion_layer): ModuleDict()
                                                     (layer_text_task_adapters): ModuleDict()
                                                     (layer_text_lang_adapters): ModuleDict()
                                                   )
                                                 )
                                                 (1): BertLayer(
                                                   (attention): BertAttention(
                                                     (self): BertSelfAttention(
                                                       (query): Linear(in_features=768, out_features=768, bias=True)
                                                       (key): Linear(in_features=768, out_features=768, bias=True)
                                                       (value): Linear(in_features=768, out_features=768, bias=True)
                                                       (dropout): Dropout(p=0.1, inplace=False)
                                                     )
                                                     (output): BertSelfOutput(
                                                       (dense): Linear(in_features=768, out_features=768, bias=True)
                                                       (LayerNorm): LayerNorm((768,), eps=1e-12, elementwise_affine=True)
                                                       (dropout): Dropout(p=0.1, inplace=False)
                                                       (attention_text_task_adapters): ModuleDict()
                                                       (adapter_fusion_layer): ModuleDict()
                                                       (attention_text_lang_adapters): ModuleDict()
                                                     )
                                                   )
                                                   (intermediate): BertIntermediate(
                                                     (dense): Linear(in_features=768, out_features=3072, bias=True)
                                                   )
                                                   (output): BertOutput(
                                                     (dense): Linear(in_features=3072, out_features=768, bias=True)
                                                     (LayerNorm): LayerNorm((768,), eps=1e-12, elementwise_affine=True)
                                                     (dropout): Dropout(p=0.1, inplace=False)
                                                     (adapter_fusion_layer): ModuleDict()
                                                     (layer_text_task_adapters): ModuleDict()
                                                     (layer_text_lang_adapters): ModuleDict()
                                                   )
                                                 )
                                                 (2): BertLayer(
                                                   (attention): BertAttention(
                                                     (self): BertSelfAttention(
                                                       (query): Linear(in_features=768, out_features=768, bias=True)
                                                       (key): Linear(in_features=768, out_features=768, bias=True)
                                                       (value): Linear(in_features=768, out_features=768, bias=True)
                                                       (dropout): Dropout(p=0.1, inplace=False)
                                                     )
                                                     (output): BertSelfOutput(
                                                       (dense): Linear(in_features=768, out_features=768, bias=True)
                                                       (LayerNorm): LayerNorm((768,), eps=1e-12, elementwise_affine=True)
                                                       (dropout): Dropout(p=0.1, inplace=False)
                                                       (attention_text_task_adapters): ModuleDict()
                                                       (adapter_fusion_layer): ModuleDict()
                                                       (attention_text_lang_adapters): ModuleDict()
                                                     )
                                                   )
                                                   (intermediate): BertIntermediate(
                                                     (dense): Linear(in_features=768, out_features=3072, bias=True)
                                                   )
                                                   (output): BertOutput(
                                                     (dense): Linear(in_features=3072, out_features=768, bias=True)
                                                     (LayerNorm): LayerNorm((768,), eps=1e-12, elementwise_affine=True)
                                                     (dropout): Dropout(p=0.1, inplace=False)
                                                     (adapter_fusion_layer): ModuleDict()
                                                     (layer_text_task_adapters): ModuleDict()
                                                     (layer_text_lang_adapters): ModuleDict()
                                                   )
                                                 )
                                                 (3): BertLayer(
                                                   (attention): BertAttention(
                                                     (self): BertSelfAttention(
                                                       (query): Linear(in_features=768, out_features=768, bias=True)
                                                       (key): Linear(in_features=768, out_features=768, bias=True)
                                                       (value): Linear(in_features=768, out_features=768, bias=True)
                                                       (dropout): Dropout(p=0.1, inplace=False)
                                                     )
                                                     (output): BertSelfOutput(
                                                       (dense): Linear(in_features=768, out_features=768, bias=True)
                                                       (LayerNorm): LayerNorm((768,), eps=1e-12, elementwise_affine=True)
                                                       (dropout): Dropout(p=0.1, inplace=False)
                                                       (attention_text_task_adapters): ModuleDict()
                                                       (adapter_fusion_layer): ModuleDict()
                                                       (attention_text_lang_adapters): ModuleDict()
                                                     )
                                                   )
                                                   (intermediate): BertIntermediate(
                                                     (dense): Linear(in_features=768, out_features=3072, bias=True)
                                                   )
                                                   (output): BertOutput(
                                                     (dense): Linear(in_features=3072, out_features=768, bias=True)
                                                     (LayerNorm): LayerNorm((768,), eps=1e-12, elementwise_affine=True)
                                                     (dropout): Dropout(p=0.1, inplace=False)
                                                     (adapter_fusion_layer): ModuleDict()
                                                     (layer_text_task_adapters): ModuleDict()
                                                     (layer_text_lang_adapters): ModuleDict()
                                                   )
                                                 )
                                                 (4): BertLayer(
                                                   (attention): BertAttention(
                                                     (self): BertSelfAttention(
                                                       (query): Linear(in_features=768, out_features=768, bias=True)
                                                       (key): Linear(in_features=768, out_features=768, bias=True)
                                                       (value): Linear(in_features=768, out_features=768, bias=True)
                                                       (dropout): Dropout(p=0.1, inplace=False)
                                                     )
                                                     (output): BertSelfOutput(
                                                       (dense): Linear(in_features=768, out_features=768, bias=True)
                                                       (LayerNorm): LayerNorm((768,), eps=1e-12, elementwise_affine=True)
                                                       (dropout): Dropout(p=0.1, inplace=False)
                                                       (attention_text_task_adapters): ModuleDict()
                                                       (adapter_fusion_layer): ModuleDict()
                                                       (attention_text_lang_adapters): ModuleDict()
                                                     )
                                                   )
                                                   (intermediate): BertIntermediate(
                                                     (dense): Linear(in_features=768, out_features=3072, bias=True)
                                                   )
                                                   (output): BertOutput(
                                                     (dense): Linear(in_features=3072, out_features=768, bias=True)
                                                     (LayerNorm): LayerNorm((768,), eps=1e-12, elementwise_affine=True)
                                                     (dropout): Dropout(p=0.1, inplace=False)
                                                     (adapter_fusion_layer): ModuleDict()
                                                     (layer_text_task_adapters): ModuleDict()
                                                     (layer_text_lang_adapters): ModuleDict()
                                                   )
                                                 )
                                                 (5): BertLayer(
                                                   (attention): BertAttention(
                                                     (self): BertSelfAttention(
                                                       (query): Linear(in_features=768, out_features=768, bias=True)
                                                       (key): Linear(in_features=768, out_features=768, bias=True)
                                                       (value): Linear(in_features=768, out_features=768, bias=True)
                                                       (dropout): Dropout(p=0.1, inplace=False)
                                                     )
                                                     (output): BertSelfOutput(
                                                       (dense): Linear(in_features=768, out_features=768, bias=True)
                                                       (LayerNorm): LayerNorm((768,), eps=1e-12, elementwise_affine=True)
                                                       (dropout): Dropout(p=0.1, inplace=False)
                                                       (attention_text_task_adapters): ModuleDict()
                                                       (adapter_fusion_layer): ModuleDict()
                                                       (attention_text_lang_adapters): ModuleDict()
                                                     )
                                                   )
                                                   (intermediate): BertIntermediate(
                                                     (dense): Linear(in_features=768, out_features=3072, bias=True)
                                                   )
                                                   (output): BertOutput(
                                                     (dense): Linear(in_features=3072, out_features=768, bias=True)
                                                     (LayerNorm): LayerNorm((768,), eps=1e-12, elementwise_affine=True)
                                                     (dropout): Dropout(p=0.1, inplace=False)
                                                     (adapter_fusion_layer): ModuleDict()
                                                     (layer_text_task_adapters): ModuleDict()
                                                     (layer_text_lang_adapters): ModuleDict()
                                                   )
                                                 )
                                                 (6): BertLayer(
                                                   (attention): BertAttention(
                                                     (self): BertSelfAttention(
                                                       (query): Linear(in_features=768, out_features=768, bias=True)
                                                       (key): Linear(in_features=768, out_features=768, bias=True)
                                                       (value): Linear(in_features=768, out_features=768, bias=True)
                                                       (dropout): Dropout(p=0.1, inplace=False)
                                                     )
                                                     (output): BertSelfOutput(
                                                       (dense): Linear(in_features=768, out_features=768, bias=True)
                                                       (LayerNorm): LayerNorm((768,), eps=1e-12, elementwise_affine=True)
                                                       (dropout): Dropout(p=0.1, inplace=False)
                                                       (attention_text_task_adapters): ModuleDict()
                                                       (adapter_fusion_layer): ModuleDict()
                                                       (attention_text_lang_adapters): ModuleDict()
                                                     )
                                                   )
                                                   (intermediate): BertIntermediate(
                                                     (dense): Linear(in_features=768, out_features=3072, bias=True)
                                                   )
                                                   (output): BertOutput(
                                                     (dense): Linear(in_features=3072, out_features=768, bias=True)
                                                     (LayerNorm): LayerNorm((768,), eps=1e-12, elementwise_affine=True)
                                                     (dropout): Dropout(p=0.1, inplace=False)
                                                     (adapter_fusion_layer): ModuleDict()
                                                     (layer_text_task_adapters): ModuleDict()
                                                     (layer_text_lang_adapters): ModuleDict()
                                                   )
                                                 )
                                                 (7): BertLayer(
                                                   (attention): BertAttention(
                                                     (self): BertSelfAttention(
                                                       (query): Linear(in_features=768, out_features=768, bias=True)
                                                       (key): Linear(in_features=768, out_features=768, bias=True)
                                                       (value): Linear(in_features=768, out_features=768, bias=True)
                                                       (dropout): Dropout(p=0.1, inplace=False)
                                                     )
                                                     (output): BertSelfOutput(
                                                       (dense): Linear(in_features=768, out_features=768, bias=True)
                                                       (LayerNorm): LayerNorm((768,), eps=1e-12, elementwise_affine=True)
                                                       (dropout): Dropout(p=0.1, inplace=False)
                                                       (attention_text_task_adapters): ModuleDict()
                                                       (adapter_fusion_layer): ModuleDict()
                                                       (attention_text_lang_adapters): ModuleDict()
                                                     )
                                                   )
                                                   (intermediate): BertIntermediate(
                                                     (dense): Linear(in_features=768, out_features=3072, bias=True)
                                                   )
                                                   (output): BertOutput(
                                                     (dense): Linear(in_features=3072, out_features=768, bias=True)
                                                     (LayerNorm): LayerNorm((768,), eps=1e-12, elementwise_affine=True)
                                                     (dropout): Dropout(p=0.1, inplace=False)
                                                     (adapter_fusion_layer): ModuleDict()
                                                     (layer_text_task_adapters): ModuleDict()
                                                     (layer_text_lang_adapters): ModuleDict()
                                                   )
                                                 )
                                                 (8): BertLayer(
                                                   (attention): BertAttention(
                                                     (self): BertSelfAttention(
                                                       (query): Linear(in_features=768, out_features=768, bias=True)
                                                       (key): Linear(in_features=768, out_features=768, bias=True)
                                                       (value): Linear(in_features=768, out_features=768, bias=True)
                                                       (dropout): Dropout(p=0.1, inplace=False)
                                                     )
                                                     (output): BertSelfOutput(
                                                       (dense): Linear(in_features=768, out_features=768, bias=True)
                                                       (LayerNorm): LayerNorm((768,), eps=1e-12, elementwise_affine=True)
                                                       (dropout): Dropout(p=0.1, inplace=False)
                                                       (attention_text_task_adapters): ModuleDict()
                                                       (adapter_fusion_layer): ModuleDict()
                                                       (attention_text_lang_adapters): ModuleDict()
                                                     )
                                                   )
                                                   (intermediate): BertIntermediate(
                                                     (dense): Linear(in_features=768, out_features=3072, bias=True)
                                                   )
                                                   (output): BertOutput(
                                                     (dense): Linear(in_features=3072, out_features=768, bias=True)
                                                     (LayerNorm): LayerNorm((768,), eps=1e-12, elementwise_affine=True)
                                                     (dropout): Dropout(p=0.1, inplace=False)
                                                     (adapter_fusion_layer): ModuleDict()
                                                     (layer_text_task_adapters): ModuleDict()
                                                     (layer_text_lang_adapters): ModuleDict()
                                                   )
                                                 )
                                                 (9): BertLayer(
                                                   (attention): BertAttention(
                                                     (self): BertSelfAttention(
                                                       (query): Linear(in_features=768, out_features=768, bias=True)
                                                       (key): Linear(in_features=768, out_features=768, bias=True)
                                                       (value): Linear(in_features=768, out_features=768, bias=True)
                                                       (dropout): Dropout(p=0.1, inplace=False)
                                                     )
                                                     (output): BertSelfOutput(
                                                       (dense): Linear(in_features=768, out_features=768, bias=True)
                                                       (LayerNorm): LayerNorm((768,), eps=1e-12, elementwise_affine=True)
                                                       (dropout): Dropout(p=0.1, inplace=False)
                                                       (attention_text_task_adapters): ModuleDict()
                                                       (adapter_fusion_layer): ModuleDict()
                                                       (attention_text_lang_adapters): ModuleDict()
                                                     )
                                                   )
                                                   (intermediate): BertIntermediate(
                                                     (dense): Linear(in_features=768, out_features=3072, bias=True)
                                                   )
                                                   (output): BertOutput(
                                                     (dense): Linear(in_features=3072, out_features=768, bias=True)
                                                     (LayerNorm): LayerNorm((768,), eps=1e-12, elementwise_affine=True)
                                                     (dropout): Dropout(p=0.1, inplace=False)
                                                     (adapter_fusion_layer): ModuleDict()
                                                     (layer_text_task_adapters): ModuleDict()
                                                     (layer_text_lang_adapters): ModuleDict()
                                                   )
                                                 )
                                                 (10): BertLayer(
                                                   (attention): BertAttention(
                                                     (self): BertSelfAttention(
                                                       (query): Linear(in_features=768, out_features=768, bias=True)
                                                       (key): Linear(in_features=768, out_features=768, bias=True)
                                                       (value): Linear(in_features=768, out_features=768, bias=True)
                                                       (dropout): Dropout(p=0.1, inplace=False)
                                                     )
                                                     (output): BertSelfOutput(
                                                       (dense): Linear(in_features=768, out_features=768, bias=True)
                                                       (LayerNorm): LayerNorm((768,), eps=1e-12, elementwise_affine=True)
                                                       (dropout): Dropout(p=0.1, inplace=False)
                                                       (attention_text_task_adapters): ModuleDict()
                                                       (adapter_fusion_layer): ModuleDict()
                                                       (attention_text_lang_adapters): ModuleDict()
                                                     )
                                                   )
                                                   (intermediate): BertIntermediate(
                                                     (dense): Linear(in_features=768, out_features=3072, bias=True)
                                                   )
                                                   (output): BertOutput(
                                                     (dense): Linear(in_features=3072, out_features=768, bias=True)
                                                     (LayerNorm): LayerNorm((768,), eps=1e-12, elementwise_affine=True)
                                                     (dropout): Dropout(p=0.1, inplace=False)
                                                     (adapter_fusion_layer): ModuleDict()
                                                     (layer_text_task_adapters): ModuleDict()
                                                     (layer_text_lang_adapters): ModuleDict()
                                                   )
                                                 )
                                                 (11): BertLayer(
                                                   (attention): BertAttention(
                                                     (self): BertSelfAttention(
                                                       (query): Linear(in_features=768, out_features=768, bias=True)
                                                       (key): Linear(in_features=768, out_features=768, bias=True)
                                                       (value): Linear(in_features=768, out_features=768, bias=True)
                                                       (dropout): Dropout(p=0.1, inplace=False)
                                                     )
                                                     (output): BertSelfOutput(
                                                       (dense): Linear(in_features=768, out_features=768, bias=True)
                                                       (LayerNorm): LayerNorm((768,), eps=1e-12, elementwise_affine=True)
                                                       (dropout): Dropout(p=0.1, inplace=False)
                                                       (attention_text_task_adapters): ModuleDict()
                                                       (adapter_fusion_layer): ModuleDict()
                                                       (attention_text_lang_adapters): ModuleDict()
                                                     )
                                                   )
                                                   (intermediate): BertIntermediate(
                                                     (dense): Linear(in_features=768, out_features=3072, bias=True)
                                                   )
                                                   (output): BertOutput(
                                                     (dense): Linear(in_features=3072, out_features=768, bias=True)
                                                     (LayerNorm): LayerNorm((768,), eps=1e-12, elementwise_affine=True)
                                                     (dropout): Dropout(p=0.1, inplace=False)
                                                     (adapter_fusion_layer): ModuleDict()
                                                     (layer_text_task_adapters): ModuleDict()
                                                     (layer_text_lang_adapters): ModuleDict()
                                                   )
                                                 )
                                               )
                                             )
                                             (pooler): BertPooler(
                                               (dense): Linear(in_features=768, out_features=768, bias=True)
                                               (activation): Tanh()
                                             )
                                             (invertible_lang_adapters): ModuleDict()
                                           )
                                         )
                                         (gmu_l_m): GatedMultimodalLayerFeatures(
                                           (hidden1): Linear(in_features=300, out_features=300, bias=False)
                                           (hidden2): Linear(in_features=300, out_features=300, bias=False)
                                           (x_gate): Linear(in_features=600, out_features=300, bias=False)
                                         )
                                         (gmu_v_m): GatedMultimodalLayerFeatures(
                                           (hidden1): Linear(in_features=300, out_features=300, bias=False)
                                           (hidden2): Linear(in_features=300, out_features=300, bias=False)
                                           (x_gate): Linear(in_features=600, out_features=300, bias=False)
                                         )
                                         (gmu_a_m): GatedMultimodalLayerFeatures(
                                           (hidden1): Linear(in_features=300, out_features=300, bias=False)
                                           (hidden2): Linear(in_features=300, out_features=300, bias=False)
                                           (x_gate): Linear(in_features=600, out_features=300, bias=False)
                                         )
                                         (gmu_l): GatedMultimodalLayerFeatures(
                                           (hidden1): Linear(in_features=300, out_features=300, bias=False)
                                           (hidden2): Linear(in_features=300, out_features=300, bias=False)
                                           (x_gate): Linear(in_features=600, out_features=300, bias=False)
                                         )
                                         (gmu_v): GatedMultimodalLayerFeatures(
                                           (hidden1): Linear(in_features=300, out_features=300, bias=False)
                                           (hidden2): Linear(in_features=300, out_features=300, bias=False)
                                           (x_gate): Linear(in_features=600, out_features=300, bias=False)
                                         )
                                         (gmu_a): GatedMultimodalLayerFeatures(
                                           (hidden1): Linear(in_features=300, out_features=300, bias=False)
                                           (hidden2): Linear(in_features=300, out_features=300, bias=False)
                                           (x_gate): Linear(in_features=600, out_features=300, bias=False)
                                         )
                                         (proj_l): Conv1d(768, 300, kernel_size=(1,), stride=(1,), bias=False)
                                         (proj_v): Conv1d(35, 300, kernel_size=(1,), stride=(1,), bias=False)
                                         (proj_a): Conv1d(74, 300, kernel_size=(1,), stride=(1,), bias=False)
                                         (trans_l_with_a): TransformerEncoder(
                                           (embed_positions): SinusoidalPositionalEmbedding()
                                           (layers): ModuleList(
                                             (0): TransformerEncoderLayer(
                                               (self_attn): MultiheadAttention(
                                                 (out_proj): Linear(in_features=300, out_features=300, bias=True)
                                               )
                                               (fc1): Linear(in_features=300, out_features=1200, bias=True)
                                               (fc2): Linear(in_features=1200, out_features=300, bias=True)
                                               (layer_norms): ModuleList(
                                                 (0): LayerNorm((300,), eps=1e-05, elementwise_affine=True)
                                                 (1): LayerNorm((300,), eps=1e-05, elementwise_affine=True)
                                               )
                                             )
                                             (1): TransformerEncoderLayer(
                                               (self_attn): MultiheadAttention(
                                                 (out_proj): Linear(in_features=300, out_features=300, bias=True)
                                               )
                                               (fc1): Linear(in_features=300, out_features=1200, bias=True)
                                               (fc2): Linear(in_features=1200, out_features=300, bias=True)
                                               (layer_norms): ModuleList(
                                                 (0): LayerNorm((300,), eps=1e-05, elementwise_affine=True)
                                                 (1): LayerNorm((300,), eps=1e-05, elementwise_affine=True)
                                               )
                                             )
                                             (2): TransformerEncoderLayer(
                                               (self_attn): MultiheadAttention(
                                                 (out_proj): Linear(in_features=300, out_features=300, bias=True)
                                               )
                                               (fc1): Linear(in_features=300, out_features=1200, bias=True)
                                               (fc2): Linear(in_features=1200, out_features=300, bias=True)
                                               (layer_norms): ModuleList(
                                                 (0): LayerNorm((300,), eps=1e-05, elementwise_affine=True)
                                                 (1): LayerNorm((300,), eps=1e-05, elementwise_affine=True)
                                               )
                                             )
                                             (3): TransformerEncoderLayer(
                                               (self_attn): MultiheadAttention(
                                                 (out_proj): Linear(in_features=300, out_features=300, bias=True)
                                               )
                                               (fc1): Linear(in_features=300, out_features=1200, bias=True)
                                               (fc2): Linear(in_features=1200, out_features=300, bias=True)
                                               (layer_norms): ModuleList(
                                                 (0): LayerNorm((300,), eps=1e-05, elementwise_affine=True)
                                                 (1): LayerNorm((300,), eps=1e-05, elementwise_affine=True)
                                               )
                                             )
                                           )
                                           (layer_norm): LayerNorm((300,), eps=1e-05, elementwise_affine=True)
                                         )
                                         (trans_l_with_v): TransformerEncoder(
                                           (embed_positions): SinusoidalPositionalEmbedding()
                                           (layers): ModuleList(
                                             (0): TransformerEncoderLayer(
                                               (self_attn): MultiheadAttention(
                                                 (out_proj): Linear(in_features=300, out_features=300, bias=True)
                                               )
                                               (fc1): Linear(in_features=300, out_features=1200, bias=True)
                                               (fc2): Linear(in_features=1200, out_features=300, bias=True)
                                               (layer_norms): ModuleList(
                                                 (0): LayerNorm((300,), eps=1e-05, elementwise_affine=True)
                                                 (1): LayerNorm((300,), eps=1e-05, elementwise_affine=True)
                                               )
                                             )
                                             (1): TransformerEncoderLayer(
                                               (self_attn): MultiheadAttention(
                                                 (out_proj): Linear(in_features=300, out_features=300, bias=True)
                                               )
                                               (fc1): Linear(in_features=300, out_features=1200, bias=True)
                                               (fc2): Linear(in_features=1200, out_features=300, bias=True)
                                               (layer_norms): ModuleList(
                                                 (0): LayerNorm((300,), eps=1e-05, elementwise_affine=True)
                                                 (1): LayerNorm((300,), eps=1e-05, elementwise_affine=True)
                                               )
                                             )
                                             (2): TransformerEncoderLayer(
                                               (self_attn): MultiheadAttention(
                                                 (out_proj): Linear(in_features=300, out_features=300, bias=True)
                                               )
                                               (fc1): Linear(in_features=300, out_features=1200, bias=True)
                                               (fc2): Linear(in_features=1200, out_features=300, bias=True)
                                               (layer_norms): ModuleList(
                                                 (0): LayerNorm((300,), eps=1e-05, elementwise_affine=True)
                                                 (1): LayerNorm((300,), eps=1e-05, elementwise_affine=True)
                                               )
                                             )
                                             (3): TransformerEncoderLayer(
                                               (self_attn): MultiheadAttention(
                                                 (out_proj): Linear(in_features=300, out_features=300, bias=True)
                                               )
                                               (fc1): Linear(in_features=300, out_features=1200, bias=True)
                                               (fc2): Linear(in_features=1200, out_features=300, bias=True)
                                               (layer_norms): ModuleList(
                                                 (0): LayerNorm((300,), eps=1e-05, elementwise_affine=True)
                                                 (1): LayerNorm((300,), eps=1e-05, elementwise_affine=True)
                                               )
                                             )
                                           )
                                           (layer_norm): LayerNorm((300,), eps=1e-05, elementwise_affine=True)
                                         )
                                         (trans_l_with_v2a): TransformerEncoder(
                                           (embed_positions): SinusoidalPositionalEmbedding()
                                           (layers): ModuleList(
                                             (0): TransformerEncoderLayer(
                                               (self_attn): MultiheadAttention(
                                                 (out_proj): Linear(in_features=300, out_features=300, bias=True)
                                               )
                                               (fc1): Linear(in_features=300, out_features=1200, bias=True)
                                               (fc2): Linear(in_features=1200, out_features=300, bias=True)
                                               (layer_norms): ModuleList(
                                                 (0): LayerNorm((300,), eps=1e-05, elementwise_affine=True)
                                                 (1): LayerNorm((300,), eps=1e-05, elementwise_affine=True)
                                               )
                                             )
                                             (1): TransformerEncoderLayer(
                                               (self_attn): MultiheadAttention(
                                                 (out_proj): Linear(in_features=300, out_features=300, bias=True)
                                               )
                                               (fc1): Linear(in_features=300, out_features=1200, bias=True)
                                               (fc2): Linear(in_features=1200, out_features=300, bias=True)
                                               (layer_norms): ModuleList(
                                                 (0): LayerNorm((300,), eps=1e-05, elementwise_affine=True)
                                                 (1): LayerNorm((300,), eps=1e-05, elementwise_affine=True)
                                               )
                                             )
                                             (2): TransformerEncoderLayer(
                                               (self_attn): MultiheadAttention(
                                                 (out_proj): Linear(in_features=300, out_features=300, bias=True)
                                               )
                                               (fc1): Linear(in_features=300, out_features=1200, bias=True)
                                               (fc2): Linear(in_features=1200, out_features=300, bias=True)
                                               (layer_norms): ModuleList(
                                                 (0): LayerNorm((300,), eps=1e-05, elementwise_affine=True)
                                                 (1): LayerNorm((300,), eps=1e-05, elementwise_affine=True)
                                               )
                                             )
                                             (3): TransformerEncoderLayer(
                                               (self_attn): MultiheadAttention(
                                                 (out_proj): Linear(in_features=300, out_features=300, bias=True)
                                               )
                                               (fc1): Linear(in_features=300, out_features=1200, bias=True)
                                               (fc2): Linear(in_features=1200, out_features=300, bias=True)
                                               (layer_norms): ModuleList(
                                                 (0): LayerNorm((300,), eps=1e-05, elementwise_affine=True)
                                                 (1): LayerNorm((300,), eps=1e-05, elementwise_affine=True)
                                               )
                                             )
                                           )
                                           (layer_norm): LayerNorm((300,), eps=1e-05, elementwise_affine=True)
                                         )
                                         (trans_l_with_a2v): TransformerEncoder(
                                           (embed_positions): SinusoidalPositionalEmbedding()
                                           (layers): ModuleList(
                                             (0): TransformerEncoderLayer(
                                               (self_attn): MultiheadAttention(
                                                 (out_proj): Linear(in_features=300, out_features=300, bias=True)
                                               )
                                               (fc1): Linear(in_features=300, out_features=1200, bias=True)
                                               (fc2): Linear(in_features=1200, out_features=300, bias=True)
                                               (layer_norms): ModuleList(
                                                 (0): LayerNorm((300,), eps=1e-05, elementwise_affine=True)
                                                 (1): LayerNorm((300,), eps=1e-05, elementwise_affine=True)
                                               )
                                             )
                                             (1): TransformerEncoderLayer(
                                               (self_attn): MultiheadAttention(
                                                 (out_proj): Linear(in_features=300, out_features=300, bias=True)
                                               )
                                               (fc1): Linear(in_features=300, out_features=1200, bias=True)
                                               (fc2): Linear(in_features=1200, out_features=300, bias=True)
                                               (layer_norms): ModuleList(
                                                 (0): LayerNorm((300,), eps=1e-05, elementwise_affine=True)
                                                 (1): LayerNorm((300,), eps=1e-05, elementwise_affine=True)
                                               )
                                             )
                                             (2): TransformerEncoderLayer(
                                               (self_attn): MultiheadAttention(
                                                 (out_proj): Linear(in_features=300, out_features=300, bias=True)
                                               )
                                               (fc1): Linear(in_features=300, out_features=1200, bias=True)
                                               (fc2): Linear(in_features=1200, out_features=300, bias=True)
                                               (layer_norms): ModuleList(
                                                 (0): LayerNorm((300,), eps=1e-05, elementwise_affine=True)
                                                 (1): LayerNorm((300,), eps=1e-05, elementwise_affine=True)
                                               )
                                             )
                                             (3): TransformerEncoderLayer(
                                               (self_attn): MultiheadAttention(
                                                 (out_proj): Linear(in_features=300, out_features=300, bias=True)
                                               )
                                               (fc1): Linear(in_features=300, out_features=1200, bias=True)
                                               (fc2): Linear(in_features=1200, out_features=300, bias=True)
                                               (layer_norms): ModuleList(
                                                 (0): LayerNorm((300,), eps=1e-05, elementwise_affine=True)
                                                 (1): LayerNorm((300,), eps=1e-05, elementwise_affine=True)
                                               )
                                             )
                                           )
                                           (layer_norm): LayerNorm((300,), eps=1e-05, elementwise_affine=True)
                                         )
                                         (trans_v_with_l): TransformerEncoder(
                                           (embed_positions): SinusoidalPositionalEmbedding()
                                           (layers): ModuleList(
                                             (0): TransformerEncoderLayer(
                                               (self_attn): MultiheadAttention(
                                                 (out_proj): Linear(in_features=300, out_features=300, bias=True)
                                               )
                                               (fc1): Linear(in_features=300, out_features=1200, bias=True)
                                               (fc2): Linear(in_features=1200, out_features=300, bias=True)
                                               (layer_norms): ModuleList(
                                                 (0): LayerNorm((300,), eps=1e-05, elementwise_affine=True)
                                                 (1): LayerNorm((300,), eps=1e-05, elementwise_affine=True)
                                               )
                                             )
                                             (1): TransformerEncoderLayer(
                                               (self_attn): MultiheadAttention(
                                                 (out_proj): Linear(in_features=300, out_features=300, bias=True)
                                               )
                                               (fc1): Linear(in_features=300, out_features=1200, bias=True)
                                               (fc2): Linear(in_features=1200, out_features=300, bias=True)
                                               (layer_norms): ModuleList(
                                                 (0): LayerNorm((300,), eps=1e-05, elementwise_affine=True)
                                                 (1): LayerNorm((300,), eps=1e-05, elementwise_affine=True)
                                               )
                                             )
                                             (2): TransformerEncoderLayer(
                                               (self_attn): MultiheadAttention(
                                                 (out_proj): Linear(in_features=300, out_features=300, bias=True)
                                               )
                                               (fc1): Linear(in_features=300, out_features=1200, bias=True)
                                               (fc2): Linear(in_features=1200, out_features=300, bias=True)
                                               (layer_norms): ModuleList(
                                                 (0): LayerNorm((300,), eps=1e-05, elementwise_affine=True)
                                                 (1): LayerNorm((300,), eps=1e-05, elementwise_affine=True)
                                               )
                                             )
                                             (3): TransformerEncoderLayer(
                                               (self_attn): MultiheadAttention(
                                                 (out_proj): Linear(in_features=300, out_features=300, bias=True)
                                               )
                                               (fc1): Linear(in_features=300, out_features=1200, bias=True)
                                               (fc2): Linear(in_features=1200, out_features=300, bias=True)
                                               (layer_norms): ModuleList(
                                                 (0): LayerNorm((300,), eps=1e-05, elementwise_affine=True)
                                                 (1): LayerNorm((300,), eps=1e-05, elementwise_affine=True)
                                               )
                                             )
                                           )
                                           (layer_norm): LayerNorm((300,), eps=1e-05, elementwise_affine=True)
                                         )
                                         (trans_v_with_a): TransformerEncoder(
                                           (embed_positions): SinusoidalPositionalEmbedding()
                                           (layers): ModuleList(
                                             (0): TransformerEncoderLayer(
                                               (self_attn): MultiheadAttention(
                                                 (out_proj): Linear(in_features=300, out_features=300, bias=True)
                                               )
                                               (fc1): Linear(in_features=300, out_features=1200, bias=True)
                                               (fc2): Linear(in_features=1200, out_features=300, bias=True)
                                               (layer_norms): ModuleList(
                                                 (0): LayerNorm((300,), eps=1e-05, elementwise_affine=True)
                                                 (1): LayerNorm((300,), eps=1e-05, elementwise_affine=True)
                                               )
                                             )
                                             (1): TransformerEncoderLayer(
                                               (self_attn): MultiheadAttention(
                                                 (out_proj): Linear(in_features=300, out_features=300, bias=True)
                                               )
                                               (fc1): Linear(in_features=300, out_features=1200, bias=True)
                                               (fc2): Linear(in_features=1200, out_features=300, bias=True)
                                               (layer_norms): ModuleList(
                                                 (0): LayerNorm((300,), eps=1e-05, elementwise_affine=True)
                                                 (1): LayerNorm((300,), eps=1e-05, elementwise_affine=True)
                                               )
                                             )
                                             (2): TransformerEncoderLayer(
                                               (self_attn): MultiheadAttention(
                                                 (out_proj): Linear(in_features=300, out_features=300, bias=True)
                                               )
                                               (fc1): Linear(in_features=300, out_features=1200, bias=True)
                                               (fc2): Linear(in_features=1200, out_features=300, bias=True)
                                               (layer_norms): ModuleList(
                                                 (0): LayerNorm((300,), eps=1e-05, elementwise_affine=True)
                                                 (1): LayerNorm((300,), eps=1e-05, elementwise_affine=True)
                                               )
                                             )
                                             (3): TransformerEncoderLayer(
                                               (self_attn): MultiheadAttention(
                                                 (out_proj): Linear(in_features=300, out_features=300, bias=True)
                                               )
                                               (fc1): Linear(in_features=300, out_features=1200, bias=True)
                                               (fc2): Linear(in_features=1200, out_features=300, bias=True)
                                               (layer_norms): ModuleList(
                                                 (0): LayerNorm((300,), eps=1e-05, elementwise_affine=True)
                                                 (1): LayerNorm((300,), eps=1e-05, elementwise_affine=True)
                                               )
                                             )
                                           )
                                           (layer_norm): LayerNorm((300,), eps=1e-05, elementwise_affine=True)
                                         )
                                         (trans_v_with_l2a): TransformerEncoder(
                                           (embed_positions): SinusoidalPositionalEmbedding()
                                           (layers): ModuleList(
                                             (0): TransformerEncoderLayer(
                                               (self_attn): MultiheadAttention(
                                                 (out_proj): Linear(in_features=300, out_features=300, bias=True)
                                               )
                                               (fc1): Linear(in_features=300, out_features=1200, bias=True)
                                               (fc2): Linear(in_features=1200, out_features=300, bias=True)
                                               (layer_norms): ModuleList(
                                                 (0): LayerNorm((300,), eps=1e-05, elementwise_affine=True)
                                                 (1): LayerNorm((300,), eps=1e-05, elementwise_affine=True)
                                               )
                                             )
                                             (1): TransformerEncoderLayer(
                                               (self_attn): MultiheadAttention(
                                                 (out_proj): Linear(in_features=300, out_features=300, bias=True)
                                               )
                                               (fc1): Linear(in_features=300, out_features=1200, bias=True)
                                               (fc2): Linear(in_features=1200, out_features=300, bias=True)
                                               (layer_norms): ModuleList(
                                                 (0): LayerNorm((300,), eps=1e-05, elementwise_affine=True)
                                                 (1): LayerNorm((300,), eps=1e-05, elementwise_affine=True)
                                               )
                                             )
                                             (2): TransformerEncoderLayer(
                                               (self_attn): MultiheadAttention(
                                                 (out_proj): Linear(in_features=300, out_features=300, bias=True)
                                               )
                                               (fc1): Linear(in_features=300, out_features=1200, bias=True)
                                               (fc2): Linear(in_features=1200, out_features=300, bias=True)
                                               (layer_norms): ModuleList(
                                                 (0): LayerNorm((300,), eps=1e-05, elementwise_affine=True)
                                                 (1): LayerNorm((300,), eps=1e-05, elementwise_affine=True)
                                               )
                                             )
                                             (3): TransformerEncoderLayer(
                                               (self_attn): MultiheadAttention(
                                                 (out_proj): Linear(in_features=300, out_features=300, bias=True)
                                               )
                                               (fc1): Linear(in_features=300, out_features=1200, bias=True)
                                               (fc2): Linear(in_features=1200, out_features=300, bias=True)
                                               (layer_norms): ModuleList(
                                                 (0): LayerNorm((300,), eps=1e-05, elementwise_affine=True)
                                                 (1): LayerNorm((300,), eps=1e-05, elementwise_affine=True)
                                               )
                                             )
                                           )
                                           (layer_norm): LayerNorm((300,), eps=1e-05, elementwise_affine=True)
                                         )
                                         (trans_v_with_a2l): TransformerEncoder(
                                           (embed_positions): SinusoidalPositionalEmbedding()
                                           (layers): ModuleList(
                                             (0): TransformerEncoderLayer(
                                               (self_attn): MultiheadAttention(
                                                 (out_proj): Linear(in_features=300, out_features=300, bias=True)
                                               )
                                               (fc1): Linear(in_features=300, out_features=1200, bias=True)
                                               (fc2): Linear(in_features=1200, out_features=300, bias=True)
                                               (layer_norms): ModuleList(
                                                 (0): LayerNorm((300,), eps=1e-05, elementwise_affine=True)
                                                 (1): LayerNorm((300,), eps=1e-05, elementwise_affine=True)
                                               )
                                             )
                                             (1): TransformerEncoderLayer(
                                               (self_attn): MultiheadAttention(
                                                 (out_proj): Linear(in_features=300, out_features=300, bias=True)
                                               )
                                               (fc1): Linear(in_features=300, out_features=1200, bias=True)
                                               (fc2): Linear(in_features=1200, out_features=300, bias=True)
                                               (layer_norms): ModuleList(
                                                 (0): LayerNorm((300,), eps=1e-05, elementwise_affine=True)
                                                 (1): LayerNorm((300,), eps=1e-05, elementwise_affine=True)
                                               )
                                             )
                                             (2): TransformerEncoderLayer(
                                               (self_attn): MultiheadAttention(
                                                 (out_proj): Linear(in_features=300, out_features=300, bias=True)
                                               )
                                               (fc1): Linear(in_features=300, out_features=1200, bias=True)
                                               (fc2): Linear(in_features=1200, out_features=300, bias=True)
                                               (layer_norms): ModuleList(
                                                 (0): LayerNorm((300,), eps=1e-05, elementwise_affine=True)
                                                 (1): LayerNorm((300,), eps=1e-05, elementwise_affine=True)
                                               )
                                             )
                                             (3): TransformerEncoderLayer(
                                               (self_attn): MultiheadAttention(
                                                 (out_proj): Linear(in_features=300, out_features=300, bias=True)
                                               )
                                               (fc1): Linear(in_features=300, out_features=1200, bias=True)
                                               (fc2): Linear(in_features=1200, out_features=300, bias=True)
                                               (layer_norms): ModuleList(
                                                 (0): LayerNorm((300,), eps=1e-05, elementwise_affine=True)
                                                 (1): LayerNorm((300,), eps=1e-05, elementwise_affine=True)
                                               )
                                             )
                                           )
                                           (layer_norm): LayerNorm((300,), eps=1e-05, elementwise_affine=True)
                                         )
                                         (trans_a_with_l): TransformerEncoder(
                                           (embed_positions): SinusoidalPositionalEmbedding()
                                           (layers): ModuleList(
                                             (0): TransformerEncoderLayer(
                                               (self_attn): MultiheadAttention(
                                                 (out_proj): Linear(in_features=300, out_features=300, bias=True)
                                               )
                                               (fc1): Linear(in_features=300, out_features=1200, bias=True)
                                               (fc2): Linear(in_features=1200, out_features=300, bias=True)
                                               (layer_norms): ModuleList(
                                                 (0): LayerNorm((300,), eps=1e-05, elementwise_affine=True)
                                                 (1): LayerNorm((300,), eps=1e-05, elementwise_affine=True)
                                               )
                                             )
                                             (1): TransformerEncoderLayer(
                                               (self_attn): MultiheadAttention(
                                                 (out_proj): Linear(in_features=300, out_features=300, bias=True)
                                               )
                                               (fc1): Linear(in_features=300, out_features=1200, bias=True)
                                               (fc2): Linear(in_features=1200, out_features=300, bias=True)
                                               (layer_norms): ModuleList(
                                                 (0): LayerNorm((300,), eps=1e-05, elementwise_affine=True)
                                                 (1): LayerNorm((300,), eps=1e-05, elementwise_affine=True)
                                               )
                                             )
                                             (2): TransformerEncoderLayer(
                                               (self_attn): MultiheadAttention(
                                                 (out_proj): Linear(in_features=300, out_features=300, bias=True)
                                               )
                                               (fc1): Linear(in_features=300, out_features=1200, bias=True)
                                               (fc2): Linear(in_features=1200, out_features=300, bias=True)
                                               (layer_norms): ModuleList(
                                                 (0): LayerNorm((300,), eps=1e-05, elementwise_affine=True)
                                                 (1): LayerNorm((300,), eps=1e-05, elementwise_affine=True)
                                               )
                                             )
                                             (3): TransformerEncoderLayer(
                                               (self_attn): MultiheadAttention(
                                                 (out_proj): Linear(in_features=300, out_features=300, bias=True)
                                               )
                                               (fc1): Linear(in_features=300, out_features=1200, bias=True)
                                               (fc2): Linear(in_features=1200, out_features=300, bias=True)
                                               (layer_norms): ModuleList(
                                                 (0): LayerNorm((300,), eps=1e-05, elementwise_affine=True)
                                                 (1): LayerNorm((300,), eps=1e-05, elementwise_affine=True)
                                               )
                                             )
                                           )
                                           (layer_norm): LayerNorm((300,), eps=1e-05, elementwise_affine=True)
                                         )
                                         (trans_a_with_v): TransformerEncoder(
                                           (embed_positions): SinusoidalPositionalEmbedding()
                                           (layers): ModuleList(
                                             (0): TransformerEncoderLayer(
                                               (self_attn): MultiheadAttention(
                                                 (out_proj): Linear(in_features=300, out_features=300, bias=True)
                                               )
                                               (fc1): Linear(in_features=300, out_features=1200, bias=True)
                                               (fc2): Linear(in_features=1200, out_features=300, bias=True)
                                               (layer_norms): ModuleList(
                                                 (0): LayerNorm((300,), eps=1e-05, elementwise_affine=True)
                                                 (1): LayerNorm((300,), eps=1e-05, elementwise_affine=True)
                                               )
                                             )
                                             (1): TransformerEncoderLayer(
                                               (self_attn): MultiheadAttention(
                                                 (out_proj): Linear(in_features=300, out_features=300, bias=True)
                                               )
                                               (fc1): Linear(in_features=300, out_features=1200, bias=True)
                                               (fc2): Linear(in_features=1200, out_features=300, bias=True)
                                               (layer_norms): ModuleList(
                                                 (0): LayerNorm((300,), eps=1e-05, elementwise_affine=True)
                                                 (1): LayerNorm((300,), eps=1e-05, elementwise_affine=True)
                                               )
                                             )
                                             (2): TransformerEncoderLayer(
                                               (self_attn): MultiheadAttention(
                                                 (out_proj): Linear(in_features=300, out_features=300, bias=True)
                                               )
                                               (fc1): Linear(in_features=300, out_features=1200, bias=True)
                                               (fc2): Linear(in_features=1200, out_features=300, bias=True)
                                               (layer_norms): ModuleList(
                                                 (0): LayerNorm((300,), eps=1e-05, elementwise_affine=True)
                                                 (1): LayerNorm((300,), eps=1e-05, elementwise_affine=True)
                                               )
                                             )
                                             (3): TransformerEncoderLayer(
                                               (self_attn): MultiheadAttention(
                                                 (out_proj): Linear(in_features=300, out_features=300, bias=True)
                                               )
                                               (fc1): Linear(in_features=300, out_features=1200, bias=True)
                                               (fc2): Linear(in_features=1200, out_features=300, bias=True)
                                               (layer_norms): ModuleList(
                                                 (0): LayerNorm((300,), eps=1e-05, elementwise_affine=True)
                                                 (1): LayerNorm((300,), eps=1e-05, elementwise_affine=True)
                                               )
                                             )
                                           )
                                           (layer_norm): LayerNorm((300,), eps=1e-05, elementwise_affine=True)
                                         )
                                         (trans_a_with_v2l): TransformerEncoder(
                                           (embed_positions): SinusoidalPositionalEmbedding()
                                           (layers): ModuleList(
                                             (0): TransformerEncoderLayer(
                                               (self_attn): MultiheadAttention(
                                                 (out_proj): Linear(in_features=300, out_features=300, bias=True)
                                               )
                                               (fc1): Linear(in_features=300, out_features=1200, bias=True)
                                               (fc2): Linear(in_features=1200, out_features=300, bias=True)
                                               (layer_norms): ModuleList(
                                                 (0): LayerNorm((300,), eps=1e-05, elementwise_affine=True)
                                                 (1): LayerNorm((300,), eps=1e-05, elementwise_affine=True)
                                               )
                                             )
                                             (1): TransformerEncoderLayer(
                                               (self_attn): MultiheadAttention(
                                                 (out_proj): Linear(in_features=300, out_features=300, bias=True)
                                               )
                                               (fc1): Linear(in_features=300, out_features=1200, bias=True)
                                               (fc2): Linear(in_features=1200, out_features=300, bias=True)
                                               (layer_norms): ModuleList(
                                                 (0): LayerNorm((300,), eps=1e-05, elementwise_affine=True)
                                                 (1): LayerNorm((300,), eps=1e-05, elementwise_affine=True)
                                               )
                                             )
                                             (2): TransformerEncoderLayer(
                                               (self_attn): MultiheadAttention(
                                                 (out_proj): Linear(in_features=300, out_features=300, bias=True)
                                               )
                                               (fc1): Linear(in_features=300, out_features=1200, bias=True)
                                               (fc2): Linear(in_features=1200, out_features=300, bias=True)
                                               (layer_norms): ModuleList(
                                                 (0): LayerNorm((300,), eps=1e-05, elementwise_affine=True)
                                                 (1): LayerNorm((300,), eps=1e-05, elementwise_affine=True)
                                               )
                                             )
                                             (3): TransformerEncoderLayer(
                                               (self_attn): MultiheadAttention(
                                                 (out_proj): Linear(in_features=300, out_features=300, bias=True)
                                               )
                                               (fc1): Linear(in_features=300, out_features=1200, bias=True)
                                               (fc2): Linear(in_features=1200, out_features=300, bias=True)
                                               (layer_norms): ModuleList(
                                                 (0): LayerNorm((300,), eps=1e-05, elementwise_affine=True)
                                                 (1): LayerNorm((300,), eps=1e-05, elementwise_affine=True)
                                               )
                                             )
                                           )
                                           (layer_norm): LayerNorm((300,), eps=1e-05, elementwise_affine=True)
                                         )
                                         (trans_a_with_l2v): TransformerEncoder(
                                           (embed_positions): SinusoidalPositionalEmbedding()
                                           (layers): ModuleList(
                                             (0): TransformerEncoderLayer(
                                               (self_attn): MultiheadAttention(
                                                 (out_proj): Linear(in_features=300, out_features=300, bias=True)
                                               )
                                               (fc1): Linear(in_features=300, out_features=1200, bias=True)
                                               (fc2): Linear(in_features=1200, out_features=300, bias=True)
                                               (layer_norms): ModuleList(
                                                 (0): LayerNorm((300,), eps=1e-05, elementwise_affine=True)
                                                 (1): LayerNorm((300,), eps=1e-05, elementwise_affine=True)
                                               )
                                             )
                                             (1): TransformerEncoderLayer(
                                               (self_attn): MultiheadAttention(
                                                 (out_proj): Linear(in_features=300, out_features=300, bias=True)
                                               )
                                               (fc1): Linear(in_features=300, out_features=1200, bias=True)
                                               (fc2): Linear(in_features=1200, out_features=300, bias=True)
                                               (layer_norms): ModuleList(
                                                 (0): LayerNorm((300,), eps=1e-05, elementwise_affine=True)
                                                 (1): LayerNorm((300,), eps=1e-05, elementwise_affine=True)
                                               )
                                             )
                                             (2): TransformerEncoderLayer(
                                               (self_attn): MultiheadAttention(
                                                 (out_proj): Linear(in_features=300, out_features=300, bias=True)
                                               )
                                               (fc1): Linear(in_features=300, out_features=1200, bias=True)
                                               (fc2): Linear(in_features=1200, out_features=300, bias=True)
                                               (layer_norms): ModuleList(
                                                 (0): LayerNorm((300,), eps=1e-05, elementwise_affine=True)
                                                 (1): LayerNorm((300,), eps=1e-05, elementwise_affine=True)
                                               )
                                             )
                                             (3): TransformerEncoderLayer(
                                               (self_attn): MultiheadAttention(
                                                 (out_proj): Linear(in_features=300, out_features=300, bias=True)
                                               )
                                               (fc1): Linear(in_features=300, out_features=1200, bias=True)
                                               (fc2): Linear(in_features=1200, out_features=300, bias=True)
                                               (layer_norms): ModuleList(
                                                 (0): LayerNorm((300,), eps=1e-05, elementwise_affine=True)
                                                 (1): LayerNorm((300,), eps=1e-05, elementwise_affine=True)
                                               )
                                             )
                                           )
                                           (layer_norm): LayerNorm((300,), eps=1e-05, elementwise_affine=True)
                                         )
                                         (proj1): Linear(in_features=300, out_features=300, bias=True)
                                         (proj2): Linear(in_features=300, out_features=300, bias=True)
                                         (out_layer): Linear(in_features=300, out_features=6, bias=True)
                                         (gmu): TextShifting3Layer(
                                           (hidden1): Linear(in_features=300, out_features=300, bias=False)
                                           (hidden2): Linear(in_features=300, out_features=300, bias=False)
                                           (hidden3): Linear(in_features=300, out_features=300, bias=False)
                                           (x1_gate): Linear(in_features=900, out_features=300, bias=False)
                                           (x2_gate): Linear(in_features=900, out_features=300, bias=False)
                                           (x3_gate): Linear(in_features=900, out_features=300, bias=False)
                                         )
                                         (transfm_a2l): Linear(in_features=500, out_features=512, bias=True)
                                         (transfm_v2l): Linear(in_features=500, out_features=512, bias=True)
                                         (transfm_l2a): Linear(in_features=512, out_features=500, bias=True)
                                         (transfm_l2v): Linear(in_features=512, out_features=500, bias=True)
                                       )
                                     )
INFO - 04/29/22 07:38:53 - 0:00:00 - Training..
INFO - 04/29/22 07:52:11 - 0:13:18 - Train Loss: 0.0698
INFO - 04/29/22 07:52:11 - 0:13:18 - Val: Loss: 1.06762
                                     |    Anger   |   Disgust  |    Fear    |    Happy   |     Sad    |  Surprise  |   Average  | APS_micro
                                       WA: 66.247 | WA: 60.722 | WA: 64.073 | WA: 74.358 | WA: 62.890 | WA: 65.114 | WA: 65.568 | APS: 65.568
                                       F1: 25.397 | F1: 73.222 | F1: 50.492 | F1: 46.548 | F1: 37.937 | F1: 28.070 | F1: 43.611
INFO - 04/29/22 08:05:47 - 0:26:54 - Train Loss: 0.0625
INFO - 04/29/22 08:05:47 - 0:26:54 - Val: Loss: 1.05304
                                     |    Anger   |   Disgust  |    Fear    |    Happy   |     Sad    |  Surprise  |   Average  | APS_micro
                                       WA: 66.236 | WA: 64.693 | WA: 64.810 | WA: 74.581 | WA: 63.020 | WA: 67.390 | WA: 66.788 | APS: 66.788
                                       F1: 25.323 | F1: 74.016 | F1: 51.632 | F1: 48.135 | F1: 38.070 | F1: 30.752 | F1: 44.655
INFO - 04/29/22 08:19:23 - 0:40:30 - Train Loss: 0.0561
INFO - 04/29/22 08:19:23 - 0:40:30 - Val: Loss: 1.10115
                                     |    Anger   |   Disgust  |    Fear    |    Happy   |     Sad    |  Surprise  |   Average  | APS_micro
                                       WA: 64.677 | WA: 64.819 | WA: 63.699 | WA: 74.004 | WA: 64.964 | WA: 67.716 | WA: 66.647 | APS: 66.647
                                       F1: 23.906 | F1: 73.480 | F1: 50.876 | F1: 46.963 | F1: 40.109 | F1: 30.753 | F1: 44.348
INFO - 04/29/22 08:32:53 - 0:54:00 - Train Loss: 0.0486
INFO - 04/29/22 08:32:53 - 0:54:00 - Val: Loss: 1.20582
                                     |    Anger   |   Disgust  |    Fear    |    Happy   |     Sad    |  Surprise  |   Average  | APS_micro
                                       WA: 64.350 | WA: 67.180 | WA: 64.204 | WA: 73.461 | WA: 63.390 | WA: 66.418 | WA: 66.501 | APS: 66.501
                                       F1: 24.490 | F1: 72.358 | F1: 50.949 | F1: 47.073 | F1: 38.510 | F1: 29.847 | F1: 43.871
INFO - 04/29/22 08:46:18 - 1:07:25 - Train Loss: 0.0408
INFO - 04/29/22 08:46:18 - 1:07:25 - Val: Loss: 1.46895
                                     |    Anger   |   Disgust  |    Fear    |    Happy   |     Sad    |  Surprise  |   Average  | APS_micro
                                       WA: 61.550 | WA: 63.718 | WA: 66.569 | WA: 70.663 | WA: 61.624 | WA: 67.101 | WA: 65.204 | APS: 65.204
                                       F1: 23.851 | F1: 73.292 | F1: 52.677 | F1: 47.799 | F1: 36.938 | F1: 30.700 | F1: 44.209
INFO - 04/29/22 09:00:00 - 1:21:07 - Train Loss: 0.0331
INFO - 04/29/22 09:00:00 - 1:21:07 - Val: Loss: 1.81264
                                     |    Anger   |   Disgust  |    Fear    |    Happy   |     Sad    |  Surprise  |   Average  | APS_micro
                                       WA: 60.495 | WA: 66.010 | WA: 65.303 | WA: 73.402 | WA: 62.926 | WA: 63.297 | WA: 65.239 | APS: 65.239
                                       F1: 24.696 | F1: 71.748 | F1: 51.488 | F1: 49.307 | F1: 38.403 | F1: 29.921 | F1: 44.261
INFO - 04/29/22 09:13:31 - 1:34:38 - Train Loss: 0.0285
INFO - 04/29/22 09:13:31 - 1:34:38 - Val: Loss: 1.85031
                                     |    Anger   |   Disgust  |    Fear    |    Happy   |     Sad    |  Surprise  |   Average  | APS_micro
                                       WA: 61.742 | WA: 66.117 | WA: 64.967 | WA: 73.024 | WA: 62.163 | WA: 62.663 | WA: 65.113 | APS: 65.113
                                       F1: 23.781 | F1: 71.839 | F1: 51.519 | F1: 48.011 | F1: 37.255 | F1: 30.142 | F1: 43.758
INFO - 04/29/22 09:13:38 - 1:34:45 - No improvement. Breaking out of loop.
DEBUG - 04/29/22 09:13:38 - 1:34:45 - Starting new HTTPS connection (1): s3.amazonaws.com:443
INFO - 04/29/22 09:13:43 - 1:34:50 - loading vocabulary file https://s3.amazonaws.com/models.huggingface.co/bert/bert-base-uncased-vocab.txt from cache at /home/est_posgrado_diego.moreno/.pytorch_pretrained_bert/26bc1ad6c0ac742e9b52263248f6d0f00068293b33709fae12320c0e35ccfbbb.542ce4285a40d23a559526243235df47c5f75c197f04f37d1a0c124c32c9a084
DEBUG - 04/29/22 09:13:44 - 1:34:51 - Starting new HTTPS connection (1): s3.amazonaws.com:443
INFO - 04/29/22 09:13:49 - 1:34:56 - loading vocabulary file https://s3.amazonaws.com/models.huggingface.co/bert/bert-base-uncased-vocab.txt from cache at /home/est_posgrado_diego.moreno/.pytorch_pretrained_bert/26bc1ad6c0ac742e9b52263248f6d0f00068293b33709fae12320c0e35ccfbbb.542ce4285a40d23a559526243235df47c5f75c197f04f37d1a0c124c32c9a084
DEBUG - 04/29/22 09:13:49 - 1:34:56 - Starting new HTTPS connection (1): huggingface.co:443
DEBUG - 04/29/22 09:13:54 - 1:35:01 - Starting new HTTPS connection (1): huggingface.co:443
